Adaptive Video Streaming Service by www.bitmovin.com
Player Version 8.100.0
CMCD=cid=%221111-111111-111111-11111%22,ot=m,sf=h,sid=%226e2fb550-c457-11e9-bb97-0800200c9a66%22,st=v,su
CMCD=cid=%221111-111111-111111-11111%22,ot=m,sf=h,sid=%226e2fb550-c457-11e9-bb97-0800200c9a66%22,st=v,su
CMCD=bl=0,cid=%221111-111111-111111-11111%22,dl=0,ot=a,sf=h,sid=%226e2fb550-c457-11e9-bb97-0800200c9a66%22,st=v,su
CMCD=bl=0,cid=%221111-111111-111111-11111%22,dl=0,ot=a,sf=h,sid=%226e2fb550-c457-11e9-bb97-0800200c9a66%22,st=v,su
CMCD=bl=0,cid=%221111-111111-111111-11111%22,dl=0,ot=a,sf=h,sid=%226e2fb550-c457-11e9-bb97-0800200c9a66%22,st=v,su
CMCD=bl=0,cid=%221111-111111-111111-11111%22,dl=0,mtp=15.26,ot=a,sf=h,sid=%226e2fb550-c457-11e9-bb97-0800200c9a66%22,st=v,su
CMCD=bl=0,cid=%221111-111111-111111-11111%22,dl=0,mtp=15.26,ot=a,sf=h,sid=%226e2fb550-c457-11e9-bb97-0800200c9a66%22,st=v,su
CMCD=bl=3993.8321995464853,cid=%221111-111111-111111-11111%22,dl=3993.8321995464853,mtp=203.5,ot=a,sf=h,sid=%226e2fb550-c457-11e9-bb97-0800200c9a66%22,st=v,su
CMCD=bl=3961.2200000000003,br=14923,cid=%221111-111111-111111-11111%22,dl=3961.2200000000003,mtp=115.26,ot=v,sf=h,sid=%226e2fb550-c457-11e9-bb97-0800200c9a66%22,st=v,su,tb=14922.982
CMCD=bl=7555.735000000001,cid=%221111-111111-111111-11111%22,dl=7555.735000000001,mtp=249.47,ot=a,sf=h,sid=%226e2fb550-c457-11e9-bb97-0800200c9a66%22,st=v,su
CMCD=bl=7332.066,br=14923,cid=%221111-111111-111111-11111%22,dl=7332.066,mtp=346.49,ot=v,sf=h,sid=%226e2fb550-c457-11e9-bb97-0800200c9a66%22,st=v,su,tb=14922.982
CMCD=bl=10638.717,cid=%221111-111111-111111-11111%22,dl=10638.717,mtp=208.24,ot=a,sf=h,sid=%226e2fb550-c457-11e9-bb97-0800200c9a66%22,st=v,su
CMCD=bl=10458.234,br=14923,cid=%221111-111111-111111-11111%22,dl=10458.234,mtp=13771.34,ot=v,sf=h,sid=%226e2fb550-c457-11e9-bb97-0800200c9a66%22,st=v,su,tb=14922.982
CMCD=bl=13743.023000000001,cid=%221111-111111-111111-11111%22,dl=13743.023000000001,mtp=236.95,ot=a,sf=h,sid=%226e2fb550-c457-11e9-bb97-0800200c9a66%22,st=v,su
CMCD=bl=13512.560999999998,br=14923,cid=%221111-111111-111111-11111%22,dl=13512.560999999998,mtp=16985.35,ot=v,sf=h,sid=%226e2fb550-c457-11e9-bb97-0800200c9a66%22,st=v,su,tb=14922.982
CMCD=bl=16740.737,cid=%221111-111111-111111-11111%22,dl=16740.737,mtp=210.28,ot=a,sf=h,sid=%226e2fb550-c457-11e9-bb97-0800200c9a66%22,st=v,su
CMCD=bl=16559.186999999998,br=14923,cid=%221111-111111-111111-11111%22,dl=16559.186999999998,mtp=10303.74,ot=v,sf=h,sid=%226e2fb550-c457-11e9-bb97-0800200c9a66%22,st=v,su,tb=14922.982
CMCD=bl=19890.990999999998,cid=%221111-111111-111111-11111%22,dl=19890.990999999998,mtp=242.18,ot=a,sf=h,sid=%226e2fb550-c457-11e9-bb97-0800200c9a66%22,st=v,su
CMCD=bl=19742.216,br=14923,cid=%221111-111111-111111-11111%22,dl=19742.216,mtp=10575.92,ot=v,sf=h,sid=%226e2fb550-c457-11e9-bb97-0800200c9a66%22,st=v,su,tb=14922.982
CMCD=bl=23060.82,cid=%221111-111111-111111-11111%22,dl=23060.82,mtp=271.51,ot=a,sf=h,sid=%226e2fb550-c457-11e9-bb97-0800200c9a66%22,st=v,su
CMCD=bl=22612.639,br=14923,cid=%221111-111111-111111-11111%22,dl=22612.639,mtp=11806.92,ot=v,sf=h,sid=%226e2fb550-c457-11e9-bb97-0800200c9a66%22,st=v,su,tb=14922.982
CMCD=bl=25767.613999999998,cid=%221111-111111-111111-11111%22,dl=25767.613999999998,mtp=117.94,ot=a,sf=h,sid=%226e2fb550-c457-11e9-bb97-0800200c9a66%22,st=v,su
CMCD=bl=25579.756,br=14923,cid=%221111-111111-111111-11111%22,dl=25579.756,mtp=8987.24,ot=v,sf=h,sid=%226e2fb550-c457-11e9-bb97-0800200c9a66%22,st=v,su,tb=14922.982
CMCD=bl=29042.801999999996,cid=%221111-111111-111111-11111%22,dl=29042.801999999996,mtp=238.92,ot=a,sf=h,sid=%226e2fb550-c457-11e9-bb97-0800200c9a66%22,st=v,su
CMCD=bl=28775.395,br=14923,cid=%221111-111111-111111-11111%22,dl=28775.395,mtp=15718.47,ot=v,sf=h,sid=%226e2fb550-c457-11e9-bb97-0800200c9a66%22,st=v,su,tb=14922.982
CMCD=bl=32196.808000000005,cid=%221111-111111-111111-11111%22,dl=32196.808000000005,mtp=182.75,ot=a,sf=h,sid=%226e2fb550-c457-11e9-bb97-0800200c9a66%22,st=v,su
CMCD=bl=31962.038,br=14923,cid=%221111-111111-111111-11111%22,dl=31962.038,mtp=14534.1,ot=v,sf=h,sid=%226e2fb550-c457-11e9-bb97-0800200c9a66%22,st=v,su,tb=14922.982
CMCD=bl=35376.542,cid=%221111-111111-111111-11111%22,dl=35376.542,mtp=196.86,ot=a,sf=h,sid=%226e2fb550-c457-11e9-bb97-0800200c9a66%22,st=v,su
CMCD=bl=35197.443,br=14923,cid=%221111-111111-111111-11111%22,dl=35197.443,mtp=17321.31,ot=v,sf=h,sid=%226e2fb550-c457-11e9-bb97-0800200c9a66%22,st=v,su,tb=14922.982
CMCD=bl=38546.922,cid=%221111-111111-111111-11111%22,dl=38546.922,mtp=233.65,ot=a,sf=h,sid=%226e2fb550-c457-11e9-bb97-0800200c9a66%22,st=v,su
CMCD=bl=38349.115,br=14923,cid=%221111-111111-111111-11111%22,dl=38349.115,mtp=15279.72,ot=v,sf=h,sid=%226e2fb550-c457-11e9-bb97-0800200c9a66%22,st=v,su,tb=14922.982
CMCD=bl=39780.917,cid=%221111-111111-111111-11111%22,dl=39780.917,mtp=230.57,ot=a,sf=h,sid=%226e2fb550-c457-11e9-bb97-0800200c9a66%22,st=v,su
CMCD=bl=39484.881,br=14923,cid=%221111-111111-111111-11111%22,dl=39484.881,mtp=19618.39,ot=v,sf=h,sid=%226e2fb550-c457-11e9-bb97-0800200c9a66%22,st=v,su,tb=14922.982
CMCD=bl=39864.655999999995,cid=%221111-111111-111111-11111%22,dl=39864.655999999995,mtp=167.48,ot=a,sf=h,sid=%226e2fb550-c457-11e9-bb97-0800200c9a66%22,st=v,su
CMCD=bl=39633.106,br=14923,cid=%221111-111111-111111-11111%22,dl=39633.106,mtp=13649.7,ot=v,sf=h,sid=%226e2fb550-c457-11e9-bb97-0800200c9a66%22,st=v,su,tb=14922.982
CMCD=bl=39842.05300000001,cid=%221111-111111-111111-11111%22,dl=39842.05300000001,mtp=200.14,ot=a,sf=h,sid=%226e2fb550-c457-11e9-bb97-0800200c9a66%22,st=v,su
CMCD=bl=39620.36,br=822,cid=%221111-111111-111111-11111%22,dl=39620.36,mtp=4919.34,ot=v,sf=h,sid=%226e2fb550-c457-11e9-bb97-0800200c9a66%22,st=v,su,tb=14922.982
CMCD=bl=39620.36,br=822,cid=%221111-111111-111111-11111%22,dl=39620.36,mtp=4919.34,ot=v,sf=h,sid=%226e2fb550-c457-11e9-bb97-0800200c9a66%22,st=v,su,tb=14922.982
CMCD=bl=38929.89199999999,br=822,cid=%221111-111111-111111-11111%22,dl=38929.89199999999,mtp=1.22,ot=v,sf=h,sid=%226e2fb550-c457-11e9-bb97-0800200c9a66%22,st=v,su,tb=14922.982
CMCD=bl=39877.685999999994,cid=%221111-111111-111111-11111%22,dl=39877.685999999994,mtp=265.91,ot=a,sf=h,sid=%226e2fb550-c457-11e9-bb97-0800200c9a66%22,st=v,su
CMCD=bl=39668.295999999995,br=822,cid=%221111-111111-111111-11111%22,dl=39668.295999999995,mtp=302.44,ot=v,sf=h,sid=%226e2fb550-c457-11e9-bb97-0800200c9a66%22,st=v,su,tb=14922.982
CMCD=bl=39806.758,cid=%221111-111111-111111-11111%22,dl=39806.758,mtp=222.47,ot=a,sf=h,sid=%226e2fb550-c457-11e9-bb97-0800200c9a66%22,st=v,su
CMCD=bl=39581.978,br=822,cid=%221111-111111-111111-11111%22,dl=39581.978,mtp=204.28,ot=v,sf=h,sid=%226e2fb550-c457-11e9-bb97-0800200c9a66%22,st=v,su,tb=14922.982
CMCD=bl=39770.101,cid=%221111-111111-111111-11111%22,dl=39770.101,mtp=208.1,ot=a,sf=h,sid=%226e2fb550-c457-11e9-bb97-0800200c9a66%22,st=v,su
CMCD=bl=39576.49999999999,br=822,cid=%221111-111111-111111-11111%22,dl=39576.49999999999,mtp=323.14,ot=v,sf=h,sid=%226e2fb550-c457-11e9-bb97-0800200c9a66%22,st=v,su,tb=14922.982
CMCD=bl=39976.234,cid=%221111-111111-111111-11111%22,dl=39976.234,mtp=226.82,ot=a,sf=h,sid=%226e2fb550-c457-11e9-bb97-0800200c9a66%22,st=v,su
CMCD=bl=39793.94699999999,br=822,cid=%221111-111111-111111-11111%22,dl=39793.94699999999,mtp=369.9,ot=v,sf=h,sid=%226e2fb550-c457-11e9-bb97-0800200c9a66%22,st=v,su,tb=14922.982
CMCD=bl=39914.56300000001,cid=%221111-111111-111111-11111%22,dl=39914.56300000001,mtp=248.62,ot=a,sf=h,sid=%226e2fb550-c457-11e9-bb97-0800200c9a66%22,st=v,su
CMCD=bl=39604.638999999996,br=822,cid=%221111-111111-111111-11111%22,dl=39604.638999999996,mtp=458.5,ot=v,sf=h,sid=%226e2fb550-c457-11e9-bb97-0800200c9a66%22,st=v,su,tb=14922.982
CMCD=bl=39991.086,cid=%221111-111111-111111-11111%22,dl=39991.086,mtp=164.44,ot=a,sf=h,sid=%226e2fb550-c457-11e9-bb97-0800200c9a66%22,st=v,su
CMCD=bl=39711.727,br=822,cid=%221111-111111-111111-11111%22,dl=39711.727,mtp=309.97,ot=v,sf=h,sid=%226e2fb550-c457-11e9-bb97-0800200c9a66%22,st=v,su,tb=14922.982
CMCD=bl=39950.987,cid=%221111-111111-111111-11111%22,dl=39950.987,mtp=175.9,ot=a,sf=h,sid=%226e2fb550-c457-11e9-bb97-0800200c9a66%22,st=v,su
CMCD=bl=39719.118,br=822,cid=%221111-111111-111111-11111%22,dl=39719.118,mtp=514.25,ot=v,sf=h,sid=%226e2fb550-c457-11e9-bb97-0800200c9a66%22,st=v,su,tb=14922.982
CMCD=bl=39856.846000000005,cid=%221111-111111-111111-11111%22,dl=39856.846000000005,mtp=199.76,ot=a,sf=h,sid=%226e2fb550-c457-11e9-bb97-0800200c9a66%22,st=v,su
CMCD=bl=39296.967,br=822,cid=%221111-111111-111111-11111%22,dl=39296.967,mtp=475.49,ot=v,sf=h,sid=%226e2fb550-c457-11e9-bb97-0800200c9a66%22,st=v,su,tb=14922.982
CMCD=bl=39950.912000000004,cid=%221111-111111-111111-11111%22,dl=39950.912000000004,mtp=100.71,ot=a,sf=h,sid=%226e2fb550-c457-11e9-bb97-0800200c9a66%22,st=v,su
CMCD=bl=39729.778,br=822,cid=%221111-111111-111111-11111%22,dl=39729.778,mtp=334.48,ot=v,sf=h,sid=%226e2fb550-c457-11e9-bb97-0800200c9a66%22,st=v,su,tb=14922.982
CMCD=bl=39866.44,cid=%221111-111111-111111-11111%22,dl=39866.44,mtp=213.17,ot=a,sf=h,sid=%226e2fb550-c457-11e9-bb97-0800200c9a66%22,st=v,su
CMCD=bl=39536.864,br=822,cid=%221111-111111-111111-11111%22,dl=39536.864,mtp=338.32,ot=v,sf=h,sid=%226e2fb550-c457-11e9-bb97-0800200c9a66%22,st=v,su,tb=14922.982
CMCD=bl=39906.070999999996,cid=%221111-111111-111111-11111%22,dl=39906.070999999996,mtp=153.62,ot=a,sf=h,sid=%226e2fb550-c457-11e9-bb97-0800200c9a66%22,st=v,su
CMCD=bl=39338.418000000005,br=822,cid=%221111-111111-111111-11111%22,dl=39338.418000000005,mtp=323.75,ot=v,sf=h,sid=%226e2fb550-c457-11e9-bb97-0800200c9a66%22,st=v,su,tb=14922.982
CMCD=bl=39973.138000000006,cid=%221111-111111-111111-11111%22,dl=39973.138000000006,mtp=97.07,ot=a,sf=h,sid=%226e2fb550-c457-11e9-bb97-0800200c9a66%22,st=v,su
CMCD=bl=39726.255,br=822,cid=%221111-111111-111111-11111%22,dl=39726.255,mtp=409.77,ot=v,sf=h,sid=%226e2fb550-c457-11e9-bb97-0800200c9a66%22,st=v,su,tb=14922.982
CMCD=bl=39870.873,cid=%221111-111111-111111-11111%22,dl=39870.873,mtp=197.98,ot=a,sf=h,sid=%226e2fb550-c457-11e9-bb97-0800200c9a66%22,st=v,su
CMCD=bl=39420.856999999996,br=822,cid=%221111-111111-111111-11111%22,dl=39420.856999999996,mtp=451.66,ot=v,sf=h,sid=%226e2fb550-c457-11e9-bb97-0800200c9a66%22,st=v,su,tb=14922.982
CMCD=bl=39826.746,cid=%221111-111111-111111-11111%22,dl=39826.746,mtp=119.59,ot=a,sf=h,sid=%226e2fb550-c457-11e9-bb97-0800200c9a66%22,st=v,su
CMCD=bl=39606.37799999999,br=822,cid=%221111-111111-111111-11111%22,dl=39606.37799999999,mtp=419.46,ot=v,sf=h,sid=%226e2fb550-c457-11e9-bb97-0800200c9a66%22,st=v,su,tb=14922.982
CMCD=bl=39768.113,cid=%221111-111111-111111-11111%22,dl=39768.113,mtp=206.95,ot=a,sf=h,sid=%226e2fb550-c457-11e9-bb97-0800200c9a66%22,st=v,su
CMCD=bl=39565.200000000004,br=822,cid=%221111-111111-111111-11111%22,dl=39565.200000000004,mtp=323.83,ot=v,sf=h,sid=%226e2fb550-c457-11e9-bb97-0800200c9a66%22,st=v,su,tb=14922.982
CMCD=bl=39805.361000000004,cid=%221111-111111-111111-11111%22,dl=39805.361000000004,mtp=218.12,ot=a,sf=h,sid=%226e2fb550-c457-11e9-bb97-0800200c9a66%22,st=v,su
CMCD=bl=39568.602999999996,br=822,cid=%221111-111111-111111-11111%22,dl=39568.602999999996,mtp=490.79,ot=v,sf=h,sid=%226e2fb550-c457-11e9-bb97-0800200c9a66%22,st=v,su,tb=14922.982
CMCD=bl=39947.206999999995,cid=%221111-111111-111111-11111%22,dl=39947.206999999995,mtp=203.3,ot=a,sf=h,sid=%226e2fb550-c457-11e9-bb97-0800200c9a66%22,st=v,su
CMCD=bl=39678.27000000001,br=822,cid=%221111-111111-111111-11111%22,dl=39678.27000000001,mtp=450.24,ot=v,sf=h,sid=%226e2fb550-c457-11e9-bb97-0800200c9a66%22,st=v,su,tb=14922.982
CMCD=bl=39826.498000000014,cid=%221111-111111-111111-11111%22,dl=39826.498000000014,mtp=182.38,ot=a,sf=h,sid=%226e2fb550-c457-11e9-bb97-0800200c9a66%22,st=v,su
CMCD=bl=39577.54900000002,br=822,cid=%221111-111111-111111-11111%22,dl=39577.54900000002,mtp=393.94,ot=v,sf=h,sid=%226e2fb550-c457-11e9-bb97-0800200c9a66%22,st=v,su,tb=14922.982
CMCD=bl=39941.158999999985,cid=%221111-111111-111111-11111%22,dl=39941.158999999985,mtp=191.03,ot=a,sf=h,sid=%226e2fb550-c457-11e9-bb97-0800200c9a66%22,st=v,su
CMCD=bl=39688.90100000001,br=822,cid=%221111-111111-111111-11111%22,dl=39688.90100000001,mtp=274.67,ot=v,sf=h,sid=%226e2fb550-c457-11e9-bb97-0800200c9a66%22,st=v,su,tb=14922.982
CMCD=bl=39820.49600000002,cid=%221111-111111-111111-11111%22,dl=39820.49600000002,mtp=197.04,ot=a,sf=h,sid=%226e2fb550-c457-11e9-bb97-0800200c9a66%22,st=v,su
CMCD=bl=39194.85500000002,br=822,cid=%221111-111111-111111-11111%22,dl=39194.85500000002,mtp=245.34,ot=v,sf=h,sid=%226e2fb550-c457-11e9-bb97-0800200c9a66%22,st=v,su,tb=14922.982
CMCD=bl=39846.267000000014,cid=%221111-111111-111111-11111%22,dl=39846.267000000014,mtp=90.72,ot=a,sf=h,sid=%226e2fb550-c457-11e9-bb97-0800200c9a66%22,st=v,su
CMCD=bl=39293.45900000001,br=822,cid=%221111-111111-111111-11111%22,dl=39293.45900000001,mtp=304.65,ot=v,sf=h,sid=%226e2fb550-c457-11e9-bb97-0800200c9a66%22,st=v,su,tb=14922.982
CMCD=bl=39954.532,cid=%221111-111111-111111-11111%22,dl=39954.532,mtp=99.82,ot=a,sf=h,sid=%226e2fb550-c457-11e9-bb97-0800200c9a66%22,st=v,su
CMCD=bl=39384.223000000005,br=822,cid=%221111-111111-111111-11111%22,dl=39384.223000000005,mtp=364.48,ot=v,sf=h,sid=%226e2fb550-c457-11e9-bb97-0800200c9a66%22,st=v,su,tb=14922.982
CMCD=bl=39985.34900000002,cid=%221111-111111-111111-11111%22,dl=39985.34900000002,mtp=97.09,ot=a,sf=h,sid=%226e2fb550-c457-11e9-bb97-0800200c9a66%22,st=v,su
CMCD=bl=39431.49900000002,br=822,cid=%221111-111111-111111-11111%22,dl=39431.49900000002,mtp=322.59,ot=v,sf=h,sid=%226e2fb550-c457-11e9-bb97-0800200c9a66%22,st=v,su,tb=14922.982
CMCD=bl=39894.33400000002,cid=%221111-111111-111111-11111%22,dl=39894.33400000002,mtp=101.53,ot=a,sf=h,sid=%226e2fb550-c457-11e9-bb97-0800200c9a66%22,st=v,su
CMCD=bl=39314.63200000002,br=822,cid=%221111-111111-111111-11111%22,dl=39314.63200000002,mtp=372.4,ot=v,sf=h,sid=%226e2fb550-c457-11e9-bb97-0800200c9a66%22,st=v,su,tb=14922.982
CMCD=bl=39746.67600000001,cid=%221111-111111-111111-11111%22,dl=39746.67600000001,mtp=96.29,ot=a,sf=h,sid=%226e2fb550-c457-11e9-bb97-0800200c9a66%22,st=v,su
CMCD=bl=39279.21100000002,br=822,cid=%221111-111111-111111-11111%22,dl=39279.21100000002,mtp=416.73,ot=v,sf=h,sid=%226e2fb550-c457-11e9-bb97-0800200c9a66%22,st=v,su,tb=14922.982
CMCD=bl=39975.717000000004,cid=%221111-111111-111111-11111%22,dl=39975.717000000004,mtp=115.15,ot=a,sf=h,sid=%226e2fb550-c457-11e9-bb97-0800200c9a66%22,st=v,su
CMCD=bl=39784.32300000001,br=822,cid=%221111-111111-111111-11111%22,dl=39784.32300000001,mtp=468.9,ot=v,sf=h,sid=%226e2fb550-c457-11e9-bb97-0800200c9a66%22,st=v,su,tb=14922.982
CMCD=bl=39774.19800000001,cid=%221111-111111-111111-11111%22,dl=39774.19800000001,mtp=227.5,ot=a,sf=h,sid=%226e2fb550-c457-11e9-bb97-0800200c9a66%22,st=v,su
CMCD=bl=39559.25300000001,br=822,cid=%221111-111111-111111-11111%22,dl=39559.25300000001,mtp=491.47,ot=v,sf=h,sid=%226e2fb550-c457-11e9-bb97-0800200c9a66%22,st=v,su,tb=14922.982
CMCD=bl=39974.83400000002,cid=%221111-111111-111111-11111%22,dl=39974.83400000002,mtp=218.52,ot=a,sf=h,sid=%226e2fb550-c457-11e9-bb97-0800200c9a66%22,st=v,su
CMCD=bl=39791.425,br=822,cid=%221111-111111-111111-11111%22,dl=39791.425,mtp=412.95,ot=v,sf=h,sid=%226e2fb550-c457-11e9-bb97-0800200c9a66%22,st=v,su,tb=14922.982
CMCD=bl=39921.864,cid=%221111-111111-111111-11111%22,dl=39921.864,mtp=241.71,ot=a,sf=h,sid=%226e2fb550-c457-11e9-bb97-0800200c9a66%22,st=v,su
CMCD=bl=39427.72000000002,br=822,cid=%221111-111111-111111-11111%22,dl=39427.72000000002,mtp=304.49,ot=v,sf=h,sid=%226e2fb550-c457-11e9-bb97-0800200c9a66%22,st=v,su,tb=14922.982
CMCD=bl=39916.741,cid=%221111-111111-111111-11111%22,dl=39916.741,mtp=109.78,ot=a,sf=h,sid=%226e2fb550-c457-11e9-bb97-0800200c9a66%22,st=v,su
CMCD=bl=39678.701000000015,br=14923,cid=%221111-111111-111111-11111%22,dl=39678.701000000015,mtp=389.48,ot=v,sf=h,sid=%226e2fb550-c457-11e9-bb97-0800200c9a66%22,st=v,su,tb=14922.982
CMCD=bl=39815.494999999995,cid=%221111-111111-111111-11111%22,dl=39815.494999999995,mtp=195.41,ot=a,sf=h,sid=%226e2fb550-c457-11e9-bb97-0800200c9a66%22,st=v,su
CMCD=bl=39232.08200000002,br=14923,cid=%221111-111111-111111-11111%22,dl=39232.08200000002,mtp=5941.82,ot=v,sf=h,sid=%226e2fb550-c457-11e9-bb97-0800200c9a66%22,st=v,su,tb=14922.982
CMCD=bl=39986.04,cid=%221111-111111-111111-11111%22,dl=39986.04,mtp=96.49,ot=a,sf=h,sid=%226e2fb550-c457-11e9-bb97-0800200c9a66%22,st=v,su
CMCD=bl=39497.22300000002,br=14923,cid=%221111-111111-111111-11111%22,dl=39497.22300000002,mtp=6061.52,ot=v,sf=h,sid=%226e2fb550-c457-11e9-bb97-0800200c9a66%22,st=v,su,tb=14922.982
CMCD=bl=39878.432,cid=%221111-111111-111111-11111%22,dl=39878.432,mtp=111.5,ot=a,sf=h,sid=%226e2fb550-c457-11e9-bb97-0800200c9a66%22,st=v,su
CMCD=bl=39606.589000000014,br=14923,cid=%221111-111111-111111-11111%22,dl=39606.589000000014,mtp=5248.74,ot=v,sf=h,sid=%226e2fb550-c457-11e9-bb97-0800200c9a66%22,st=v,su,tb=14922.982
CMCD=bl=39815.16400000001,cid=%221111-111111-111111-11111%22,dl=39815.16400000001,mtp=177.61,ot=a,sf=h,sid=%226e2fb550-c457-11e9-bb97-0800200c9a66%22,st=v,su
CMCD=bl=39204.347000000016,br=14923,cid=%221111-111111-111111-11111%22,dl=39204.347000000016,mtp=9096.56,ot=v,sf=h,sid=%226e2fb550-c457-11e9-bb97-0800200c9a66%22,st=v,su,tb=14922.982
CMCD=bl=39801.39800000001,cid=%221111-111111-111111-11111%22,dl=39801.39800000001,mtp=93.6,ot=a,sf=h,sid=%226e2fb550-c457-11e9-bb97-0800200c9a66%22,st=v,su
CMCD=bl=39357.65000000001,br=14923,cid=%221111-111111-111111-11111%22,dl=39357.65000000001,mtp=12037,ot=v,sf=h,sid=%226e2fb550-c457-11e9-bb97-0800200c9a66%22,st=v,su,tb=14922.982
CMCD=bl=39991.347000000016,cid=%221111-111111-111111-11111%22,dl=39991.347000000016,mtp=122.62,ot=a,sf=h,sid=%226e2fb550-c457-11e9-bb97-0800200c9a66%22,st=v,su
CMCD=bl=39394.17400000002,br=14923,cid=%221111-111111-111111-11111%22,dl=39394.17400000002,mtp=6220.99,ot=v,sf=h,sid=%226e2fb550-c457-11e9-bb97-0800200c9a66%22,st=v,su,tb=14922.982
CMCD=bl=39915.704000000005,cid=%221111-111111-111111-11111%22,dl=39915.704000000005,mtp=93.64,ot=a,sf=h,sid=%226e2fb550-c457-11e9-bb97-0800200c9a66%22,st=v,su
CMCD=bl=39403.294000000016,br=14923,cid=%221111-111111-111111-11111%22,dl=39403.294000000016,mtp=17333.26,ot=v,sf=h,sid=%226e2fb550-c457-11e9-bb97-0800200c9a66%22,st=v,su,tb=14922.982
CMCD=bl=39988.20700000002,cid=%221111-111111-111111-11111%22,dl=39988.20700000002,mtp=106.77,ot=a,sf=h,sid=%226e2fb550-c457-11e9-bb97-0800200c9a66%22,st=v,su
CMCD=bl=39435.292,br=14923,cid=%221111-111111-111111-11111%22,dl=39435.292,mtp=17085.49,ot=v,sf=h,sid=%226e2fb550-c457-11e9-bb97-0800200c9a66%22,st=v,su,tb=14922.982
CMCD=bl=39963.150000000016,cid=%221111-111111-111111-11111%22,dl=39963.150000000016,mtp=101.74,ot=a,sf=h,sid=%226e2fb550-c457-11e9-bb97-0800200c9a66%22,st=v,su
CMCD=bl=39473.44000000001,br=14923,cid=%221111-111111-111111-11111%22,dl=39473.44000000001,mtp=13612.07,ot=v,sf=h,sid=%226e2fb550-c457-11e9-bb97-0800200c9a66%22,st=v,su,tb=14922.982
CMCD=bl=39766.67900000001,cid=%221111-111111-111111-11111%22,dl=39766.67900000001,mtp=112.26,ot=a,sf=h,sid=%226e2fb550-c457-11e9-bb97-0800200c9a66%22,st=v,su
CMCD=bl=39289.781,br=14923,cid=%221111-111111-111111-11111%22,dl=39289.781,mtp=9553.7,ot=v,sf=h,sid=%226e2fb550-c457-11e9-bb97-0800200c9a66%22,st=v,su,tb=14922.982
CMCD=bl=39926.148000000016,cid=%221111-111111-111111-11111%22,dl=39926.148000000016,mtp=113.34,ot=a,sf=h,sid=%226e2fb550-c457-11e9-bb97-0800200c9a66%22,st=v,su
CMCD=bl=39319.356,br=14923,cid=%221111-111111-111111-11111%22,dl=39319.356,mtp=7014.45,ot=v,sf=h,sid=%226e2fb550-c457-11e9-bb97-0800200c9a66%22,st=v,su,tb=14922.982
CMCD=bl=39834.142000000014,cid=%221111-111111-111111-11111%22,dl=39834.142000000014,mtp=92.65,ot=a,sf=h,sid=%226e2fb550-c457-11e9-bb97-0800200c9a66%22,st=v,su
CMCD=bl=39246.85600000001,br=14923,cid=%221111-111111-111111-11111%22,dl=39246.85600000001,mtp=17737.69,ot=v,sf=h,sid=%226e2fb550-c457-11e9-bb97-0800200c9a66%22,st=v,su,tb=14922.982
CMCD=bl=39937.286,cid=%221111-111111-111111-11111%22,dl=39937.286,mtp=96.73,ot=a,sf=h,sid=%226e2fb550-c457-11e9-bb97-0800200c9a66%22,st=v,su
CMCD=bl=39360.49800000001,br=14923,cid=%221111-111111-111111-11111%22,dl=39360.49800000001,mtp=18336.97,ot=v,sf=h,sid=%226e2fb550-c457-11e9-bb97-0800200c9a66%22,st=v,su,tb=14922.982
CMCD=bl=39806.87800000001,cid=%221111-111111-111111-11111%22,dl=39806.87800000001,mtp=96.84,ot=a,sf=h,sid=%226e2fb550-c457-11e9-bb97-0800200c9a66%22,st=v,su
CMCD=bl=39613.737000000016,br=14923,cid=%221111-111111-111111-11111%22,dl=39613.737000000016,mtp=19687.09,ot=v,sf=h,sid=%226e2fb550-c457-11e9-bb97-0800200c9a66%22,st=v,su,tb=14922.982
CMCD=bl=39910.17199999999,cid=%221111-111111-111111-11111%22,dl=39910.17199999999,mtp=231.67,ot=a,sf=h,sid=%226e2fb550-c457-11e9-bb97-0800200c9a66%22,st=v,su
CMCD=bl=39267.795000000006,br=14923,cid=%221111-111111-111111-11111%22,dl=39267.795000000006,mtp=19972.47,ot=v,sf=h,sid=%226e2fb550-c457-11e9-bb97-0800200c9a66%22,st=v,su,tb=14922.982
CMCD=bl=39801.05299999999,cid=%221111-111111-111111-11111%22,dl=39801.05299999999,mtp=87.36,ot=a,sf=h,sid=%226e2fb550-c457-11e9-bb97-0800200c9a66%22,st=v,su
CMCD=bl=39074.994000000006,br=14923,cid=%221111-111111-111111-11111%22,dl=39074.994000000006,mtp=8863.76,ot=v,sf=h,sid=%226e2fb550-c457-11e9-bb97-0800200c9a66%22,st=v,su,tb=14922.982
CMCD=bl=39785.020000000004,cid=%221111-111111-111111-11111%22,dl=39785.020000000004,mtp=79.71,ot=a,sf=h,sid=%226e2fb550-c457-11e9-bb97-0800200c9a66%22,st=v,su
CMCD=bl=39586.208,br=14923,cid=%221111-111111-111111-11111%22,dl=39586.208,mtp=7195.59,ot=v,sf=h,sid=%226e2fb550-c457-11e9-bb97-0800200c9a66%22,st=v,su,tb=14922.982
CMCD=bl=39942.76500000001,cid=%221111-111111-111111-11111%22,dl=39942.76500000001,mtp=227.08,ot=a,sf=h,sid=%226e2fb550-c457-11e9-bb97-0800200c9a66%22,st=v,su
CMCD=bl=39382.280000000006,br=14923,cid=%221111-111111-111111-11111%22,dl=39382.280000000006,mtp=9004.12,ot=v,sf=h,sid=%226e2fb550-c457-11e9-bb97-0800200c9a66%22,st=v,su,tb=14922.982
CMCD=bl=39763.15500000001,cid=%221111-111111-111111-11111%22,dl=39763.15500000001,mtp=99.83,ot=a,sf=h,sid=%226e2fb550-c457-11e9-bb97-0800200c9a66%22,st=v,su
CMCD=bl=39197.85999999999,br=14923,cid=%221111-111111-111111-11111%22,dl=39197.85999999999,mtp=8361.7,ot=v,sf=h,sid=%226e2fb550-c457-11e9-bb97-0800200c9a66%22,st=v,su,tb=14922.982
CMCD=bl=39982.203,cid=%221111-111111-111111-11111%22,dl=39982.203,mtp=100.09,ot=a,sf=h,sid=%226e2fb550-c457-11e9-bb97-0800200c9a66%22,st=v,su
CMCD=bl=39438.11199999999,br=14923,cid=%221111-111111-111111-11111%22,dl=39438.11199999999,mtp=16818.08,ot=v,sf=h,sid=%226e2fb550-c457-11e9-bb97-0800200c9a66%22,st=v,su,tb=14922.982
CMCD=bl=39764.45899999999,cid=%221111-111111-111111-11111%22,dl=39764.45899999999,mtp=103.28,ot=a,sf=h,sid=%226e2fb550-c457-11e9-bb97-0800200c9a66%22,st=v,su
CMCD=bl=39205.017,br=14923,cid=%221111-111111-111111-11111%22,dl=39205.017,mtp=7650.14,ot=v,sf=h,sid=%226e2fb550-c457-11e9-bb97-0800200c9a66%22,st=v,su,tb=14922.982
CMCD=bl=39795.829999999994,cid=%221111-111111-111111-11111%22,dl=39795.829999999994,mtp=99.13,ot=a,sf=h,sid=%226e2fb550-c457-11e9-bb97-0800200c9a66%22,st=v,su
CMCD=bl=39212.76099999997,br=14923,cid=%221111-111111-111111-11111%22,dl=39212.76099999997,mtp=19245.3,ot=v,sf=h,sid=%226e2fb550-c457-11e9-bb97-0800200c9a66%22,st=v,su,tb=14922.982
CMCD=bl=39976.938999999984,cid=%221111-111111-111111-11111%22,dl=39976.938999999984,mtp=95.35,ot=a,sf=h,sid=%226e2fb550-c457-11e9-bb97-0800200c9a66%22,st=v,su
CMCD=bl=39421.907999999974,br=14923,cid=%221111-111111-111111-11111%22,dl=39421.907999999974,mtp=6431.75,ot=v,sf=h,sid=%226e2fb550-c457-11e9-bb97-0800200c9a66%22,st=v,su,tb=14922.982
CMCD=bl=39978.812000000034,cid=%221111-111111-111111-11111%22,dl=39978.812000000034,mtp=102.39,ot=a,sf=h,sid=%226e2fb550-c457-11e9-bb97-0800200c9a66%22,st=v,su
CMCD=bl=39447.66499999997,br=14923,cid=%221111-111111-111111-11111%22,dl=39447.66499999997,mtp=5654.88,ot=v,sf=h,sid=%226e2fb550-c457-11e9-bb97-0800200c9a66%22,st=v,su,tb=14922.982
CMCD=bl=39991.09200000004,cid=%221111-111111-111111-11111%22,dl=39991.09200000004,mtp=104.61,ot=a,sf=h,sid=%226e2fb550-c457-11e9-bb97-0800200c9a66%22,st=v,su
CMCD=bl=39496.95699999998,br=14923,cid=%221111-111111-111111-11111%22,dl=39496.95699999998,mtp=14779.21,ot=v,sf=h,sid=%226e2fb550-c457-11e9-bb97-0800200c9a66%22,st=v,su,tb=14922.982
CMCD=bl=39786.91600000002,cid=%221111-111111-111111-11111%22,dl=39786.91600000002,mtp=110.21,ot=a,sf=h,sid=%226e2fb550-c457-11e9-bb97-0800200c9a66%22,st=v,su
CMCD=bl=39602.34,br=14923,cid=%221111-111111-111111-11111%22,dl=39602.34,mtp=5889.26,ot=v,sf=h,sid=%226e2fb550-c457-11e9-bb97-0800200c9a66%22,st=v,su,tb=14922.982
CMCD=bl=39891.132,cid=%221111-111111-111111-11111%22,dl=39891.132,mtp=233.8,ot=a,sf=h,sid=%226e2fb550-c457-11e9-bb97-0800200c9a66%22,st=v,su
CMCD=bl=39347.49599999998,br=14923,cid=%221111-111111-111111-11111%22,dl=39347.49599999998,mtp=5016.15,ot=v,sf=h,sid=%226e2fb550-c457-11e9-bb97-0800200c9a66%22,st=v,su,tb=14922.982
CMCD=bl=39927.406999999985,cid=%221111-111111-111111-11111%22,dl=39927.406999999985,mtp=103.58,ot=a,sf=h,sid=%226e2fb550-c457-11e9-bb97-0800200c9a66%22,st=v,su
CMCD=bl=39659.99199999999,br=14923,cid=%221111-111111-111111-11111%22,dl=39659.99199999999,mtp=5839.62,ot=v,sf=h,sid=%226e2fb550-c457-11e9-bb97-0800200c9a66%22,st=v,su,tb=14922.982
CMCD=bl=39848.741000000016,cid=%221111-111111-111111-11111%22,dl=39848.741000000016,mtp=184.03,ot=a,sf=h,sid=%226e2fb550-c457-11e9-bb97-0800200c9a66%22,st=v,su
CMCD=bl=39636.57899999998,br=14923,cid=%221111-111111-111111-11111%22,dl=39636.57899999998,mtp=5659.7,ot=v,sf=h,sid=%226e2fb550-c457-11e9-bb97-0800200c9a66%22,st=v,su,tb=14922.982
CMCD=bl=39797.95799999999,cid=%221111-111111-111111-11111%22,dl=39797.95799999999,mtp=214.47,ot=a,sf=h,sid=%226e2fb550-c457-11e9-bb97-0800200c9a66%22,st=v,su
CMCD=bl=39261.482,br=14923,cid=%221111-111111-111111-11111%22,dl=39261.482,mtp=4547.09,ot=v,sf=h,sid=%226e2fb550-c457-11e9-bb97-0800200c9a66%22,st=v,su,tb=14922.982
CMCD=bl=39743.36800000003,cid=%221111-111111-111111-11111%22,dl=39743.36800000003,mtp=101.87,ot=a,sf=h,sid=%226e2fb550-c457-11e9-bb97-0800200c9a66%22,st=v,su
CMCD=bl=39232.669999999984,br=14923,cid=%221111-111111-111111-11111%22,dl=39232.669999999984,mtp=5724.29,ot=v,sf=h,sid=%226e2fb550-c457-11e9-bb97-0800200c9a66%22,st=v,su,tb=14922.982
CMCD=bl=39783.98200000004,cid=%221111-111111-111111-11111%22,dl=39783.98200000004,mtp=108.93,ot=a,sf=h,sid=%226e2fb550-c457-11e9-bb97-0800200c9a66%22,st=v,su
CMCD=bl=39268.61500000001,br=14923,cid=%221111-111111-111111-11111%22,dl=39268.61500000001,mtp=4927.49,ot=v,sf=h,sid=%226e2fb550-c457-11e9-bb97-0800200c9a66%22,st=v,su,tb=14922.982
CMCD=bl=39836.806000000026,cid=%221111-111111-111111-11111%22,dl=39836.806000000026,mtp=106.66,ot=a,sf=h,sid=%226e2fb550-c457-11e9-bb97-0800200c9a66%22,st=v,su
CMCD=bl=39313.08899999999,br=14923,cid=%221111-111111-111111-11111%22,dl=39313.08899999999,mtp=6635.53,ot=v,sf=h,sid=%226e2fb550-c457-11e9-bb97-0800200c9a66%22,st=v,su,tb=14922.982
CMCD=bl=39889.702999999994,cid=%221111-111111-111111-11111%22,dl=39889.702999999994,mtp=104.61,ot=a,sf=h,sid=%226e2fb550-c457-11e9-bb97-0800200c9a66%22,st=v,su
CMCD=bl=39386.594000000005,br=14923,cid=%221111-111111-111111-11111%22,dl=39386.594000000005,mtp=21088.73,ot=v,sf=h,sid=%226e2fb550-c457-11e9-bb97-0800200c9a66%22,st=v,su,tb=14922.982
CMCD=bl=39973.14499999999,cid=%221111-111111-111111-11111%22,dl=39973.14499999999,mtp=107.88,ot=a,sf=h,sid=%226e2fb550-c457-11e9-bb97-0800200c9a66%22,st=v,su
CMCD=bl=39470.49899999996,br=14923,cid=%221111-111111-111111-11111%22,dl=39470.49899999996,mtp=22662.27,ot=v,sf=h,sid=%226e2fb550-c457-11e9-bb97-0800200c9a66%22,st=v,su,tb=14922.982
CMCD=bl=39896.97999999998,cid=%221111-111111-111111-11111%22,dl=39896.97999999998,mtp=110.22,ot=a,sf=h,sid=%226e2fb550-c457-11e9-bb97-0800200c9a66%22,st=v,su
CMCD=bl=39395.639999999956,br=14923,cid=%221111-111111-111111-11111%22,dl=39395.639999999956,mtp=11427.49,ot=v,sf=h,sid=%226e2fb550-c457-11e9-bb97-0800200c9a66%22,st=v,su,tb=14922.982
CMCD=bl=39890.91400000001,cid=%221111-111111-111111-11111%22,dl=39890.91400000001,mtp=110.23,ot=a,sf=h,sid=%226e2fb550-c457-11e9-bb97-0800200c9a66%22,st=v,su
CMCD=bl=39306.433999999965,br=14923,cid=%221111-111111-111111-11111%22,dl=39306.433999999965,mtp=6647.43,ot=v,sf=h,sid=%226e2fb550-c457-11e9-bb97-0800200c9a66%22,st=v,su,tb=14922.982
CMCD=bl=39977.37800000004,cid=%221111-111111-111111-11111%22,dl=39977.37800000004,mtp=94.69,ot=a,sf=h,sid=%226e2fb550-c457-11e9-bb97-0800200c9a66%22,st=v,su
CMCD=bl=39449.04500000001,br=14923,cid=%221111-111111-111111-11111%22,dl=39449.04500000001,mtp=7187.09,ot=v,sf=h,sid=%226e2fb550-c457-11e9-bb97-0800200c9a66%22,st=v,su,tb=14922.982
CMCD=bl=39765.968000000044,cid=%221111-111111-111111-11111%22,dl=39765.968000000044,mtp=106.3,ot=a,sf=h,sid=%226e2fb550-c457-11e9-bb97-0800200c9a66%22,st=v,su
CMCD=bl=39216.18000000001,br=14923,cid=%221111-111111-111111-11111%22,dl=39216.18000000001,mtp=5049.74,ot=v,sf=h,sid=%226e2fb550-c457-11e9-bb97-0800200c9a66%22,st=v,su,tb=14922.982
CMCD=bl=39795.22700000001,cid=%221111-111111-111111-11111%22,dl=39795.22700000001,mtp=102.57,ot=a,sf=h,sid=%226e2fb550-c457-11e9-bb97-0800200c9a66%22,st=v,su
CMCD=bl=39301.93600000001,br=14923,cid=%221111-111111-111111-11111%22,dl=39301.93600000001,mtp=11522.8,ot=v,sf=h,sid=%226e2fb550-c457-11e9-bb97-0800200c9a66%22,st=v,su,tb=14922.982
CMCD=bl=39827.28000000003,cid=%221111-111111-111111-11111%22,dl=39827.28000000003,mtp=110.09,ot=a,sf=h,sid=%226e2fb550-c457-11e9-bb97-0800200c9a66%22,st=v,su
CMCD=bl=39227.900999999976,br=14923,cid=%221111-111111-111111-11111%22,dl=39227.900999999976,mtp=6023.5,ot=v,sf=h,sid=%226e2fb550-c457-11e9-bb97-0800200c9a66%22,st=v,su,tb=14922.982
CMCD=bl=39784.518999999986,cid=%221111-111111-111111-11111%22,dl=39784.518999999986,mtp=93.29,ot=a,sf=h,sid=%226e2fb550-c457-11e9-bb97-0800200c9a66%22,st=v,su
CMCD=bl=39236.972999999976,br=14923,cid=%221111-111111-111111-11111%22,dl=39236.972999999976,mtp=5880.81,ot=v,sf=h,sid=%226e2fb550-c457-11e9-bb97-0800200c9a66%22,st=v,su,tb=14922.982
CMCD=bl=39931.66500000001,cid=%221111-111111-111111-11111%22,dl=39931.66500000001,mtp=102.41,ot=a,sf=h,sid=%226e2fb550-c457-11e9-bb97-0800200c9a66%22,st=v,su
CMCD=bl=39692.84299999998,br=14923,cid=%221111-111111-111111-11111%22,dl=39692.84299999998,mtp=5312.21,ot=v,sf=h,sid=%226e2fb550-c457-11e9-bb97-0800200c9a66%22,st=v,su,tb=14922.982
CMCD=bl=39747.62299999998,cid=%221111-111111-111111-11111%22,dl=39747.62299999998,mtp=199.74,ot=a,sf=h,sid=%226e2fb550-c457-11e9-bb97-0800200c9a66%22,st=v,su
CMCD=bl=39595.20900000001,br=14923,cid=%221111-111111-111111-11111%22,dl=39595.20900000001,mtp=4286.23,ot=v,sf=h,sid=%226e2fb550-c457-11e9-bb97-0800200c9a66%22,st=v,su,tb=14922.982
CMCD=bl=39871.73200000001,cid=%221111-111111-111111-11111%22,dl=39871.73200000001,mtp=265,ot=a,sf=h,sid=%226e2fb550-c457-11e9-bb97-0800200c9a66%22,st=v,su
CMCD=bl=39666.165999999976,br=14923,cid=%221111-111111-111111-11111%22,dl=39666.165999999976,mtp=4216.25,ot=v,sf=h,sid=%226e2fb550-c457-11e9-bb97-0800200c9a66%22,st=v,su,tb=14922.982
CMCD=bl=39983.922000000006,cid=%221111-111111-111111-11111%22,dl=39983.922000000006,mtp=214.43,ot=a,sf=h,sid=%226e2fb550-c457-11e9-bb97-0800200c9a66%22,st=v,su
CMCD=bl=39358.86799999997,br=14923,cid=%221111-111111-111111-11111%22,dl=39358.86799999997,mtp=10542.93,ot=v,sf=h,sid=%226e2fb550-c457-11e9-bb97-0800200c9a66%22,st=v,su,tb=14922.982
CMCD=bl=39986.90700000003,cid=%221111-111111-111111-11111%22,dl=39986.90700000003,mtp=91.09,ot=a,sf=h,sid=%226e2fb550-c457-11e9-bb97-0800200c9a66%22,st=v,su
CMCD=bl=39783.48599999998,br=14923,cid=%221111-111111-111111-11111%22,dl=39783.48599999998,mtp=11919.18,ot=v,sf=h,sid=%226e2fb550-c457-11e9-bb97-0800200c9a66%22,st=v,su,tb=14922.982
CMCD=bl=39955.91200000001,cid=%221111-111111-111111-11111%22,dl=39955.91200000001,mtp=225.5,ot=a,sf=h,sid=%226e2fb550-c457-11e9-bb97-0800200c9a66%22,st=v,su
CMCD=bl=39376.193,br=14923,cid=%221111-111111-111111-11111%22,dl=39376.193,mtp=17197.99,ot=v,sf=h,sid=%226e2fb550-c457-11e9-bb97-0800200c9a66%22,st=v,su,tb=14922.982
CMCD=bl=39763.59100000002,cid=%221111-111111-111111-11111%22,dl=39763.59100000002,mtp=95.58,ot=a,sf=h,sid=%226e2fb550-c457-11e9-bb97-0800200c9a66%22,st=v,su
CMCD=bl=39176.01199999996,br=14923,cid=%221111-111111-111111-11111%22,dl=39176.01199999996,mtp=13668.53,ot=v,sf=h,sid=%226e2fb550-c457-11e9-bb97-0800200c9a66%22,st=v,su,tb=14922.982
CMCD=bl=39897.95900000002,cid=%221111-111111-111111-11111%22,dl=39897.95900000002,mtp=93.88,ot=a,sf=h,sid=%226e2fb550-c457-11e9-bb97-0800200c9a66%22,st=v,su
CMCD=bl=39374.09500000001,br=14923,cid=%221111-111111-111111-11111%22,dl=39374.09500000001,mtp=3345.04,ot=v,sf=h,sid=%226e2fb550-c457-11e9-bb97-0800200c9a66%22,st=v,su,tb=14922.982
CMCD=bl=39787.29899999996,cid=%221111-111111-111111-11111%22,dl=39787.29899999996,mtp=106.07,ot=a,sf=h,sid=%226e2fb550-c457-11e9-bb97-0800200c9a66%22,st=v,su
CMCD=bl=39375.475999999995,br=14923,cid=%221111-111111-111111-11111%22,dl=39375.475999999995,mtp=5117.33,ot=v,sf=h,sid=%226e2fb550-c457-11e9-bb97-0800200c9a66%22,st=v,su,tb=14922.982
CMCD=bl=39948.18199999997,cid=%221111-111111-111111-11111%22,dl=39948.18199999997,mtp=128.62,ot=a,sf=h,sid=%226e2fb550-c457-11e9-bb97-0800200c9a66%22,st=v,su
CMCD=bl=39499.643999999986,br=14923,cid=%221111-111111-111111-11111%22,dl=39499.643999999986,mtp=13592.11,ot=v,sf=h,sid=%226e2fb550-c457-11e9-bb97-0800200c9a66%22,st=v,su,tb=14922.982
CMCD=bl=39795.485000000044,cid=%221111-111111-111111-11111%22,dl=39795.485000000044,mtp=119.45,ot=a,sf=h,sid=%226e2fb550-c457-11e9-bb97-0800200c9a66%22,st=v,su
CMCD=bl=39197.48499999997,br=14923,cid=%221111-111111-111111-11111%22,dl=39197.48499999997,mtp=5559.64,ot=v,sf=h,sid=%226e2fb550-c457-11e9-bb97-0800200c9a66%22,st=v,su,tb=14922.982
CMCD=bl=39908.29600000001,cid=%221111-111111-111111-11111%22,dl=39908.29600000001,mtp=95.4,ot=a,sf=h,sid=%226e2fb550-c457-11e9-bb97-0800200c9a66%22,st=v,su
CMCD=bl=39453.206999999966,br=14923,cid=%221111-111111-111111-11111%22,dl=39453.206999999966,mtp=14902.28,ot=v,sf=h,sid=%226e2fb550-c457-11e9-bb97-0800200c9a66%22,st=v,su,tb=14922.982
CMCD=bl=39789.18700000003,cid=%221111-111111-111111-11111%22,dl=39789.18700000003,mtp=119.15,ot=a,sf=h,sid=%226e2fb550-c457-11e9-bb97-0800200c9a66%22,st=v,su
CMCD=bl=39517.09099999999,br=14923,cid=%221111-111111-111111-11111%22,dl=39517.09099999999,mtp=5196.16,ot=v,sf=h,sid=%226e2fb550-c457-11e9-bb97-0800200c9a66%22,st=v,su,tb=14922.982
CMCD=bl=39833.12599999999,cid=%221111-111111-111111-11111%22,dl=39833.12599999999,mtp=180.25,ot=a,sf=h,sid=%226e2fb550-c457-11e9-bb97-0800200c9a66%22,st=v,su
CMCD=bl=39185.486999999965,br=14923,cid=%221111-111111-111111-11111%22,dl=39185.486999999965,mtp=4232.57,ot=v,sf=h,sid=%226e2fb550-c457-11e9-bb97-0800200c9a66%22,st=v,su,tb=14922.982
CMCD=bl=39803.47599999999,cid=%221111-111111-111111-11111%22,dl=39803.47599999999,mtp=86.84,ot=a,sf=h,sid=%226e2fb550-c457-11e9-bb97-0800200c9a66%22,st=v,su
CMCD=bl=39229.00699999997,br=14923,cid=%221111-111111-111111-11111%22,dl=39229.00699999997,mtp=11544.24,ot=v,sf=h,sid=%226e2fb550-c457-11e9-bb97-0800200c9a66%22,st=v,su,tb=14922.982
CMCD=bl=39984.441000000006,cid=%221111-111111-111111-11111%22,dl=39984.441000000006,mtp=98.44,ot=a,sf=h,sid=%226e2fb550-c457-11e9-bb97-0800200c9a66%22,st=v,su
CMCD=bl=39741.558999999994,br=14923,cid=%221111-111111-111111-11111%22,dl=39741.558999999994,mtp=5233.7,ot=v,sf=h,sid=%226e2fb550-c457-11e9-bb97-0800200c9a66%22,st=v,su,tb=14922.982
CMCD=bl=39796.49699999999,cid=%221111-111111-111111-11111%22,dl=39796.49699999999,mtp=199.48,ot=a,sf=h,sid=%226e2fb550-c457-11e9-bb97-0800200c9a66%22,st=v,su
CMCD=bl=39226.94200000001,br=14923,cid=%221111-111111-111111-11111%22,dl=39226.94200000001,mtp=5559.81,ot=v,sf=h,sid=%226e2fb550-c457-11e9-bb97-0800200c9a66%22,st=v,su,tb=14922.982
CMCD=bl=39904.575999999965,cid=%221111-111111-111111-11111%22,dl=39904.575999999965,mtp=97.33,ot=a,sf=h,sid=%226e2fb550-c457-11e9-bb97-0800200c9a66%22,st=v,su
CMCD=bl=39346.16099999999,br=14923,cid=%221111-111111-111111-11111%22,dl=39346.16099999999,mtp=7710.42,ot=v,sf=h,sid=%226e2fb550-c457-11e9-bb97-0800200c9a66%22,st=v,su,tb=14922.982
CMCD=bl=39994.799999999996,cid=%221111-111111-111111-11111%22,dl=39994.799999999996,mtp=99.18,ot=a,sf=h,sid=%226e2fb550-c457-11e9-bb97-0800200c9a66%22,st=v,su
CMCD=bl=39464.155000000006,br=14923,cid=%221111-111111-111111-11111%22,dl=39464.155000000006,mtp=5164.68,ot=v,sf=h,sid=%226e2fb550-c457-11e9-bb97-0800200c9a66%22,st=v,su,tb=14922.982
CMCD=bl=39876.54300000003,cid=%221111-111111-111111-11111%22,dl=39876.54300000003,mtp=104.89,ot=a,sf=h,sid=%226e2fb550-c457-11e9-bb97-0800200c9a66%22,st=v,su
CMCD=bl=39259.20500000001,br=14923,cid=%221111-111111-111111-11111%22,dl=39259.20500000001,mtp=8644.22,ot=v,sf=h,sid=%226e2fb550-c457-11e9-bb97-0800200c9a66%22,st=v,su,tb=14922.982
CMCD=bl=39901.60700000001,cid=%221111-111111-111111-11111%22,dl=39901.60700000001,mtp=91.37,ot=a,sf=h,sid=%226e2fb550-c457-11e9-bb97-0800200c9a66%22,st=v,su
CMCD=bl=39325.77299999997,br=14923,cid=%221111-111111-111111-11111%22,dl=39325.77299999997,mtp=3497.18,ot=v,sf=h,sid=%226e2fb550-c457-11e9-bb97-0800200c9a66%22,st=v,su,tb=14922.982
CMCD=bl=39907.30500000001,cid=%221111-111111-111111-11111%22,dl=39907.30500000001,mtp=95.91,ot=a,sf=h,sid=%226e2fb550-c457-11e9-bb97-0800200c9a66%22,st=v,su
CMCD=bl=39736.868999999955,br=14923,cid=%221111-111111-111111-11111%22,dl=39736.868999999955,mtp=2703.16,ot=v,sf=h,sid=%226e2fb550-c457-11e9-bb97-0800200c9a66%22,st=v,su,tb=14922.982
CMCD=bl=39895.89699999999,cid=%221111-111111-111111-11111%22,dl=39895.89699999999,mtp=238.96,ot=a,sf=h,sid=%226e2fb550-c457-11e9-bb97-0800200c9a66%22,st=v,su
CMCD=bl=39373.29599999998,br=14923,cid=%221111-111111-111111-11111%22,dl=39373.29599999998,mtp=5101.7,ot=v,sf=h,sid=%226e2fb550-c457-11e9-bb97-0800200c9a66%22,st=v,su,tb=14922.982
CMCD=bl=39986.04899999998,cid=%221111-111111-111111-11111%22,dl=39986.04899999998,mtp=105.83,ot=a,sf=h,sid=%226e2fb550-c457-11e9-bb97-0800200c9a66%22,st=v,su
CMCD=bl=39735.503,br=14923,cid=%221111-111111-111111-11111%22,dl=39735.503,mtp=10232.94,ot=v,sf=h,sid=%226e2fb550-c457-11e9-bb97-0800200c9a66%22,st=v,su,tb=14922.982
CMCD=bl=39946.54099999997,cid=%221111-111111-111111-11111%22,dl=39946.54099999997,mtp=192.61,ot=a,sf=h,sid=%226e2fb550-c457-11e9-bb97-0800200c9a66%22,st=v,su
CMCD=bl=39388.45399999997,br=14923,cid=%221111-111111-111111-11111%22,dl=39388.45399999997,mtp=10443.76,ot=v,sf=h,sid=%226e2fb550-c457-11e9-bb97-0800200c9a66%22,st=v,su,tb=14922.982
CMCD=bl=39818.67199999999,cid=%221111-111111-111111-11111%22,dl=39818.67199999999,mtp=99.04,ot=a,sf=h,sid=%226e2fb550-c457-11e9-bb97-0800200c9a66%22,st=v,su
CMCD=bl=39494.181999999964,br=14923,cid=%221111-111111-111111-11111%22,dl=39494.181999999964,mtp=5734.66,ot=v,sf=h,sid=%226e2fb550-c457-11e9-bb97-0800200c9a66%22,st=v,su,tb=14922.982
CMCD=bl=39861.77100000003,cid=%221111-111111-111111-11111%22,dl=39861.77100000003,mtp=161.38,ot=a,sf=h,sid=%226e2fb550-c457-11e9-bb97-0800200c9a66%22,st=v,su
CMCD=bl=39304.369000000006,br=14923,cid=%221111-111111-111111-11111%22,dl=39304.369000000006,mtp=4475.4,ot=v,sf=h,sid=%226e2fb550-c457-11e9-bb97-0800200c9a66%22,st=v,su,tb=14922.982
CMCD=bl=39926.488000000005,cid=%221111-111111-111111-11111%22,dl=39926.488000000005,mtp=100.33,ot=a,sf=h,sid=%226e2fb550-c457-11e9-bb97-0800200c9a66%22,st=v,su
CMCD=bl=39617.298,br=14923,cid=%221111-111111-111111-11111%22,dl=39617.298,mtp=4763.76,ot=v,sf=h,sid=%226e2fb550-c457-11e9-bb97-0800200c9a66%22,st=v,su,tb=14922.982
CMCD=bl=39808.181999999986,cid=%221111-111111-111111-11111%22,dl=39808.181999999986,mtp=162.11,ot=a,sf=h,sid=%226e2fb550-c457-11e9-bb97-0800200c9a66%22,st=v,su
CMCD=bl=39290.01999999997,br=14923,cid=%221111-111111-111111-11111%22,dl=39290.01999999997,mtp=9954.29,ot=v,sf=h,sid=%226e2fb550-c457-11e9-bb97-0800200c9a66%22,st=v,su,tb=14922.982
CMCD=bl=39861.448,cid=%221111-111111-111111-11111%22,dl=39861.448,mtp=106.04,ot=a,sf=h,sid=%226e2fb550-c457-11e9-bb97-0800200c9a66%22,st=v,su
CMCD=bl=39316.84799999999,br=14923,cid=%221111-111111-111111-11111%22,dl=39316.84799999999,mtp=5387.31,ot=v,sf=h,sid=%226e2fb550-c457-11e9-bb97-0800200c9a66%22,st=v,su,tb=14922.982
CMCD=bl=39965.282,cid=%221111-111111-111111-11111%22,dl=39965.282,mtp=103.34,ot=a,sf=h,sid=%226e2fb550-c457-11e9-bb97-0800200c9a66%22,st=v,su
CMCD=bl=39533.124999999985,br=14923,cid=%221111-111111-111111-11111%22,dl=39533.124999999985,mtp=16045.78,ot=v,sf=h,sid=%226e2fb550-c457-11e9-bb97-0800200c9a66%22,st=v,su,tb=14922.982
CMCD=bl=39755.93499999997,cid=%221111-111111-111111-11111%22,dl=39755.93499999997,mtp=125.34,ot=a,sf=h,sid=%226e2fb550-c457-11e9-bb97-0800200c9a66%22,st=v,su
CMCD=bl=39320.97599999997,br=14923,cid=%221111-111111-111111-11111%22,dl=39320.97599999997,mtp=7145.3,ot=v,sf=h,sid=%226e2fb550-c457-11e9-bb97-0800200c9a66%22,st=v,su,tb=14922.982
CMCD=bl=39917.259,cid=%221111-111111-111111-11111%22,dl=39917.259,mtp=122.31,ot=a,sf=h,sid=%226e2fb550-c457-11e9-bb97-0800200c9a66%22,st=v,su
CMCD=bl=39338.24599999997,br=14923,cid=%221111-111111-111111-11111%22,dl=39338.24599999997,mtp=8089.63,ot=v,sf=h,sid=%226e2fb550-c457-11e9-bb97-0800200c9a66%22,st=v,su,tb=14922.982
CMCD=bl=39992.15800000002,cid=%221111-111111-111111-11111%22,dl=39992.15800000002,mtp=96.05,ot=a,sf=h,sid=%226e2fb550-c457-11e9-bb97-0800200c9a66%22,st=v,su
CMCD=bl=39801.45699999997,br=14923,cid=%221111-111111-111111-11111%22,dl=39801.45699999997,mtp=7805.31,ot=v,sf=h,sid=%226e2fb550-c457-11e9-bb97-0800200c9a66%22,st=v,su,tb=14922.982
CMCD=bl=39980.009,cid=%221111-111111-111111-11111%22,dl=39980.009,mtp=243.04,ot=a,sf=h,sid=%226e2fb550-c457-11e9-bb97-0800200c9a66%22,st=v,su
CMCD=bl=39458.17199999999,br=14923,cid=%221111-111111-111111-11111%22,dl=39458.17199999999,mtp=3737.05,ot=v,sf=h,sid=%226e2fb550-c457-11e9-bb97-0800200c9a66%22,st=v,su,tb=14922.982
CMCD=bl=39864.37100000001,cid=%221111-111111-111111-11111%22,dl=39864.37100000001,mtp=106,ot=a,sf=h,sid=%226e2fb550-c457-11e9-bb97-0800200c9a66%22,st=v,su
CMCD=bl=39158.05399999999,br=14923,cid=%221111-111111-111111-11111%22,dl=39158.05399999999,mtp=5828.79,ot=v,sf=h,sid=%226e2fb550-c457-11e9-bb97-0800200c9a66%22,st=v,su,tb=14922.982
CMCD=bl=39993.90399999999,cid=%221111-111111-111111-11111%22,dl=39993.90399999999,mtp=80.19,ot=a,sf=h,sid=%226e2fb550-c457-11e9-bb97-0800200c9a66%22,st=v,su
CMCD=bl=39366.13199999999,br=14923,cid=%221111-111111-111111-11111%22,dl=39366.13199999999,mtp=6108.59,ot=v,sf=h,sid=%226e2fb550-c457-11e9-bb97-0800200c9a66%22,st=v,su,tb=14922.982
CMCD=bl=39972.12499999995,cid=%221111-111111-111111-11111%22,dl=39972.12499999995,mtp=89.2,ot=a,sf=h,sid=%226e2fb550-c457-11e9-bb97-0800200c9a66%22,st=v,su
CMCD=bl=39484.05700000001,br=14923,cid=%221111-111111-111111-11111%22,dl=39484.05700000001,mtp=6557.15,ot=v,sf=h,sid=%226e2fb550-c457-11e9-bb97-0800200c9a66%22,st=v,su,tb=14922.982
CMCD=bl=39891.47899999995,cid=%221111-111111-111111-11111%22,dl=39891.47899999995,mtp=113.59,ot=a,sf=h,sid=%226e2fb550-c457-11e9-bb97-0800200c9a66%22,st=v,su
CMCD=bl=39369.96099999999,br=14923,cid=%221111-111111-111111-11111%22,dl=39369.96099999999,mtp=12973.64,ot=v,sf=h,sid=%226e2fb550-c457-11e9-bb97-0800200c9a66%22,st=v,su,tb=14922.982
CMCD=bl=39774.677000000054,cid=%221111-111111-111111-11111%22,dl=39774.677000000054,mtp=105.85,ot=a,sf=h,sid=%226e2fb550-c457-11e9-bb97-0800200c9a66%22,st=v,su
CMCD=bl=39280.87499999998,br=14923,cid=%221111-111111-111111-11111%22,dl=39280.87499999998,mtp=5493.27,ot=v,sf=h,sid=%226e2fb550-c457-11e9-bb97-0800200c9a66%22,st=v,su,tb=14922.982
CMCD=bl=39946.85400000003,cid=%221111-111111-111111-11111%22,dl=39946.85400000003,mtp=109.56,ot=a,sf=h,sid=%226e2fb550-c457-11e9-bb97-0800200c9a66%22,st=v,su
CMCD=bl=39402.493000000046,br=14923,cid=%221111-111111-111111-11111%22,dl=39402.493000000046,mtp=5818.94,ot=v,sf=h,sid=%226e2fb550-c457-11e9-bb97-0800200c9a66%22,st=v,su,tb=14922.982
CMCD=bl=39971.42000000002,cid=%221111-111111-111111-11111%22,dl=39971.42000000002,mtp=104.25,ot=a,sf=h,sid=%226e2fb550-c457-11e9-bb97-0800200c9a66%22,st=v,su
CMCD=bl=39504.98500000003,br=14923,cid=%221111-111111-111111-11111%22,dl=39504.98500000003,mtp=4900.53,ot=v,sf=h,sid=%226e2fb550-c457-11e9-bb97-0800200c9a66%22,st=v,su,tb=14922.982
CMCD=bl=39832.898,cid=%221111-111111-111111-11111%22,dl=39832.898,mtp=117.14,ot=a,sf=h,sid=%226e2fb550-c457-11e9-bb97-0800200c9a66%22,st=v,su
CMCD=bl=39313.548000000024,br=14923,cid=%221111-111111-111111-11111%22,dl=39313.548000000024,mtp=6485.84,ot=v,sf=h,sid=%226e2fb550-c457-11e9-bb97-0800200c9a66%22,st=v,su,tb=14922.982
CMCD=bl=39782.078000000016,cid=%221111-111111-111111-11111%22,dl=39782.078000000016,mtp=105.99,ot=a,sf=h,sid=%226e2fb550-c457-11e9-bb97-0800200c9a66%22,st=v,su
CMCD=bl=39590.74400000003,br=14923,cid=%221111-111111-111111-11111%22,dl=39590.74400000003,mtp=7469.5,ot=v,sf=h,sid=%226e2fb550-c457-11e9-bb97-0800200c9a66%22,st=v,su,tb=14922.982
CMCD=bl=39965.72600000002,cid=%221111-111111-111111-11111%22,dl=39965.72600000002,mtp=231.98,ot=a,sf=h,sid=%226e2fb550-c457-11e9-bb97-0800200c9a66%22,st=v,su
CMCD=bl=39314.088000000025,br=14923,cid=%221111-111111-111111-11111%22,dl=39314.088000000025,mtp=6812.66,ot=v,sf=h,sid=%226e2fb550-c457-11e9-bb97-0800200c9a66%22,st=v,su,tb=14922.982
CMCD=bl=39931.758,cid=%221111-111111-111111-11111%22,dl=39931.758,mtp=87.48,ot=a,sf=h,sid=%226e2fb550-c457-11e9-bb97-0800200c9a66%22,st=v,su
CMCD=bl=39440.35000000002,br=14923,cid=%221111-111111-111111-11111%22,dl=39440.35000000002,mtp=12639.28,ot=v,sf=h,sid=%226e2fb550-c457-11e9-bb97-0800200c9a66%22,st=v,su,tb=14922.982
CMCD=bl=39842.77100000003,cid=%221111-111111-111111-11111%22,dl=39842.77100000003,mtp=111.9,ot=a,sf=h,sid=%226e2fb550-c457-11e9-bb97-0800200c9a66%22,st=v,su
CMCD=bl=39321.495000000024,br=14923,cid=%221111-111111-111111-11111%22,dl=39321.495000000024,mtp=10742.59,ot=v,sf=h,sid=%226e2fb550-c457-11e9-bb97-0800200c9a66%22,st=v,su,tb=14922.982
CMCD=bl=39891.067000000025,cid=%221111-111111-111111-11111%22,dl=39891.067000000025,mtp=105.69,ot=a,sf=h,sid=%226e2fb550-c457-11e9-bb97-0800200c9a66%22,st=v,su
CMCD=bl=39698.68200000002,br=14923,cid=%221111-111111-111111-11111%22,dl=39698.68200000002,mtp=4285.08,ot=v,sf=h,sid=%226e2fb550-c457-11e9-bb97-0800200c9a66%22,st=v,su,tb=14922.982
CMCD=bl=39941.932000000066,cid=%221111-111111-111111-11111%22,dl=39941.932000000066,mtp=227.19,ot=a,sf=h,sid=%226e2fb550-c457-11e9-bb97-0800200c9a66%22,st=v,su
CMCD=bl=39582.99800000003,br=14923,cid=%221111-111111-111111-11111%22,dl=39582.99800000003,mtp=4756.57,ot=v,sf=h,sid=%226e2fb550-c457-11e9-bb97-0800200c9a66%22,st=v,su,tb=14922.982
CMCD=bl=39841.44700000007,cid=%221111-111111-111111-11111%22,dl=39841.44700000007,mtp=147.46,ot=a,sf=h,sid=%226e2fb550-c457-11e9-bb97-0800200c9a66%22,st=v,su
CMCD=bl=39646.55500000004,br=14923,cid=%221111-111111-111111-11111%22,dl=39646.55500000004,mtp=14185.39,ot=v,sf=h,sid=%226e2fb550-c457-11e9-bb97-0800200c9a66%22,st=v,su,tb=14922.982
CMCD=bl=39986.37300000007,cid=%221111-111111-111111-11111%22,dl=39986.37300000007,mtp=235.96,ot=a,sf=h,sid=%226e2fb550-c457-11e9-bb97-0800200c9a66%22,st=v,su
CMCD=bl=39451.740000000085,br=14923,cid=%221111-111111-111111-11111%22,dl=39451.740000000085,mtp=5075.15,ot=v,sf=h,sid=%226e2fb550-c457-11e9-bb97-0800200c9a66%22,st=v,su,tb=14922.982
CMCD=bl=39837.10700000006,cid=%221111-111111-111111-11111%22,dl=39837.10700000006,mtp=103.06,ot=a,sf=h,sid=%226e2fb550-c457-11e9-bb97-0800200c9a66%22,st=v,su
CMCD=bl=39613.22400000006,br=14923,cid=%221111-111111-111111-11111%22,dl=39613.22400000006,mtp=13168.01,ot=v,sf=h,sid=%226e2fb550-c457-11e9-bb97-0800200c9a66%22,st=v,su,tb=14922.982
CMCD=bl=39935.648000000016,cid=%221111-111111-111111-11111%22,dl=39935.648000000016,mtp=202.78,ot=a,sf=h,sid=%226e2fb550-c457-11e9-bb97-0800200c9a66%22,st=v,su
CMCD=bl=39358.58200000007,br=14923,cid=%221111-111111-111111-11111%22,dl=39358.58200000007,mtp=5338.26,ot=v,sf=h,sid=%226e2fb550-c457-11e9-bb97-0800200c9a66%22,st=v,su,tb=14922.982
CMCD=bl=39763.206999999966,cid=%221111-111111-111111-11111%22,dl=39763.206999999966,mtp=97.55,ot=a,sf=h,sid=%226e2fb550-c457-11e9-bb97-0800200c9a66%22,st=v,su
CMCD=bl=39576.13200000003,br=14923,cid=%221111-111111-111111-11111%22,dl=39576.13200000003,mtp=4573.55,ot=v,sf=h,sid=%226e2fb550-c457-11e9-bb97-0800200c9a66%22,st=v,su,tb=14922.982
CMCD=bl=39878.02399999998,cid=%221111-111111-111111-11111%22,dl=39878.02399999998,mtp=237.45,ot=a,sf=h,sid=%226e2fb550-c457-11e9-bb97-0800200c9a66%22,st=v,su
CMCD=bl=39299.96500000004,br=14923,cid=%221111-111111-111111-11111%22,dl=39299.96500000004,mtp=15356.69,ot=v,sf=h,sid=%226e2fb550-c457-11e9-bb97-0800200c9a66%22,st=v,su,tb=14922.982
CMCD=bl=39978.021000000015,cid=%221111-111111-111111-11111%22,dl=39978.021000000015,mtp=96,ot=a,sf=h,sid=%226e2fb550-c457-11e9-bb97-0800200c9a66%22,st=v,su
CMCD=bl=39375.20800000004,br=14923,cid=%221111-111111-111111-11111%22,dl=39375.20800000004,mtp=8875.95,ot=v,sf=h,sid=%226e2fb550-c457-11e9-bb97-0800200c9a66%22,st=v,su,tb=14922.982
CMCD=bl=39858.91000000004,cid=%221111-111111-111111-11111%22,dl=39858.91000000004,mtp=92.23,ot=a,sf=h,sid=%226e2fb550-c457-11e9-bb97-0800200c9a66%22,st=v,su
CMCD=bl=39663.624000000025,br=14923,cid=%221111-111111-111111-11111%22,dl=39663.624000000025,mtp=14474.25,ot=v,sf=h,sid=%226e2fb550-c457-11e9-bb97-0800200c9a66%22,st=v,su,tb=14922.982
CMCD=bl=39831.75500000004,cid=%221111-111111-111111-11111%22,dl=39831.75500000004,mtp=234.73,ot=a,sf=h,sid=%226e2fb550-c457-11e9-bb97-0800200c9a66%22,st=v,su
CMCD=bl=39335.595000000016,br=14923,cid=%221111-111111-111111-11111%22,dl=39335.595000000016,mtp=6124.61,ot=v,sf=h,sid=%226e2fb550-c457-11e9-bb97-0800200c9a66%22,st=v,su,tb=14922.982
CMCD=bl=39758.03599999995,cid=%221111-111111-111111-11111%22,dl=39758.03599999995,mtp=109.55,ot=a,sf=h,sid=%226e2fb550-c457-11e9-bb97-0800200c9a66%22,st=v,su
CMCD=bl=39019.005999999994,br=14923,cid=%221111-111111-111111-11111%22,dl=39019.005999999994,mtp=5479.94,ot=v,sf=h,sid=%226e2fb550-c457-11e9-bb97-0800200c9a66%22,st=v,su,tb=14922.982
CMCD=bl=39758.10799999999,cid=%221111-111111-111111-11111%22,dl=39758.10799999999,mtp=77.27,ot=a,sf=h,sid=%226e2fb550-c457-11e9-bb97-0800200c9a66%22,st=v,su
CMCD=bl=39211.031000000046,br=14923,cid=%221111-111111-111111-11111%22,dl=39211.031000000046,mtp=8142.88,ot=v,sf=h,sid=%226e2fb550-c457-11e9-bb97-0800200c9a66%22,st=v,su,tb=14922.982
CMCD=bl=39886.92700000001,cid=%221111-111111-111111-11111%22,dl=39886.92700000001,mtp=103.35,ot=a,sf=h,sid=%226e2fb550-c457-11e9-bb97-0800200c9a66%22,st=v,su
CMCD=bl=39303.70400000004,br=14923,cid=%221111-111111-111111-11111%22,dl=39303.70400000004,mtp=9827.88,ot=v,sf=h,sid=%226e2fb550-c457-11e9-bb97-0800200c9a66%22,st=v,su,tb=14922.982
CMCD=bl=39785.55600000004,cid=%221111-111111-111111-11111%22,dl=39785.55600000004,mtp=96.33,ot=a,sf=h,sid=%226e2fb550-c457-11e9-bb97-0800200c9a66%22,st=v,su
CMCD=bl=39208.06600000003,br=14923,cid=%221111-111111-111111-11111%22,dl=39208.06600000003,mtp=21176.8,ot=v,sf=h,sid=%226e2fb550-c457-11e9-bb97-0800200c9a66%22,st=v,su,tb=14922.982
CMCD=bl=39807.21500000004,cid=%221111-111111-111111-11111%22,dl=39807.21500000004,mtp=96.15,ot=a,sf=h,sid=%226e2fb550-c457-11e9-bb97-0800200c9a66%22,st=v,su
CMCD=bl=39118.92499999999,br=14923,cid=%221111-111111-111111-11111%22,dl=39118.92499999999,mtp=26594.78,ot=v,sf=h,sid=%226e2fb550-c457-11e9-bb97-0800200c9a66%22,st=v,su,tb=14922.982
CMCD=bl=39917.977000000064,cid=%221111-111111-111111-11111%22,dl=39917.977000000064,mtp=82.43,ot=a,sf=h,sid=%226e2fb550-c457-11e9-bb97-0800200c9a66%22,st=v,su
CMCD=bl=39390.20500000004,br=14923,cid=%221111-111111-111111-11111%22,dl=39390.20500000004,mtp=23257.97,ot=v,sf=h,sid=%226e2fb550-c457-11e9-bb97-0800200c9a66%22,st=v,su,tb=14922.982
CMCD=bl=39832.74900000003,cid=%221111-111111-111111-11111%22,dl=39832.74900000003,mtp=106.04,ot=a,sf=h,sid=%226e2fb550-c457-11e9-bb97-0800200c9a66%22,st=v,su
CMCD=bl=39231.4100000001,br=14923,cid=%221111-111111-111111-11111%22,dl=39231.4100000001,mtp=10119.23,ot=v,sf=h,sid=%226e2fb550-c457-11e9-bb97-0800200c9a66%22,st=v,su,tb=14922.982
CMCD=bl=39910.67300000009,cid=%221111-111111-111111-11111%22,dl=39910.67300000009,mtp=93.6,ot=a,sf=h,sid=%226e2fb550-c457-11e9-bb97-0800200c9a66%22,st=v,su
CMCD=bl=39339.25500000009,br=14923,cid=%221111-111111-111111-11111%22,dl=39339.25500000009,mtp=12201.94,ot=v,sf=h,sid=%226e2fb550-c457-11e9-bb97-0800200c9a66%22,st=v,su,tb=14922.982
CMCD=bl=39940.077000000085,cid=%221111-111111-111111-11111%22,dl=39940.077000000085,mtp=96.93,ot=a,sf=h,sid=%226e2fb550-c457-11e9-bb97-0800200c9a66%22,st=v,su
CMCD=bl=39550.337000000014,br=14923,cid=%221111-111111-111111-11111%22,dl=39550.337000000014,mtp=20007.35,ot=v,sf=h,sid=%226e2fb550-c457-11e9-bb97-0800200c9a66%22,st=v,su,tb=14922.982
CMCD=bl=39873.36499999992,cid=%221111-111111-111111-11111%22,dl=39873.36499999992,mtp=133.93,ot=a,sf=h,sid=%226e2fb550-c457-11e9-bb97-0800200c9a66%22,st=v,su
CMCD=bl=39353.488000000085,br=14923,cid=%221111-111111-111111-11111%22,dl=39353.488000000085,mtp=9094.72,ot=v,sf=h,sid=%226e2fb550-c457-11e9-bb97-0800200c9a66%22,st=v,su,tb=14922.982
CMCD=bl=39951.59000000001,cid=%221111-111111-111111-11111%22,dl=39951.59000000001,mtp=107.39,ot=a,sf=h,sid=%226e2fb550-c457-11e9-bb97-0800200c9a66%22,st=v,su
CMCD=bl=39761.85300000009,br=14923,cid=%221111-111111-111111-11111%22,dl=39761.85300000009,mtp=10048.35,ot=v,sf=h,sid=%226e2fb550-c457-11e9-bb97-0800200c9a66%22,st=v,su,tb=14922.982
CMCD=bl=25832.653999999933,cid=%221111-111111-111111-11111%22,dl=25832.653999999933,mtp=237.5,ot=a,sf=h,sid=%226e2fb550-c457-11e9-bb97-0800200c9a66%22,st=v,su
CMCD=bl=25236.405999999988,br=14923,cid=%221111-111111-111111-11111%22,dl=25236.405999999988,mtp=12024.1,ot=v,sf=h,sid=%226e2fb550-c457-11e9-bb97-0800200c9a66%22,st=v,su,tb=14922.982
CMCD=bl=25870.4469999999,cid=%221111-111111-111111-11111%22,dl=25870.4469999999,mtp=93.44,ot=a,sf=h,sid=%226e2fb550-c457-11e9-bb97-0800200c9a66%22,st=v,su
CMCD=bl=25401.25499999999,br=14923,cid=%221111-111111-111111-11111%22,dl=25401.25499999999,mtp=4564.05,ot=v,sf=h,sid=%226e2fb550-c457-11e9-bb97-0800200c9a66%22,st=v,su,tb=14922.982
CMCD=bl=25927.766000000018,cid=%221111-111111-111111-11111%22,dl=25927.766000000018,mtp=113.86,ot=a,sf=h,sid=%226e2fb550-c457-11e9-bb97-0800200c9a66%22,st=v,su
CMCD=bl=25349.08100000007,br=14923,cid=%221111-111111-111111-11111%22,dl=25349.08100000007,mtp=4524.24,ot=v,sf=h,sid=%226e2fb550-c457-11e9-bb97-0800200c9a66%22,st=v,su,tb=14922.982
CMCD=bl=25912.919999999984,cid=%221111-111111-111111-11111%22,dl=25912.919999999984,mtp=97.63,ot=a,sf=h,sid=%226e2fb550-c457-11e9-bb97-0800200c9a66%22,st=v,su
CMCD=bl=25704.55500000003,br=14923,cid=%221111-111111-111111-11111%22,dl=25704.55500000003,mtp=10904.28,ot=v,sf=h,sid=%226e2fb550-c457-11e9-bb97-0800200c9a66%22,st=v,su,tb=14922.982
CMCD=bl=25987.83800000001,cid=%221111-111111-111111-11111%22,dl=25987.83800000001,mtp=221.52,ot=a,sf=h,sid=%226e2fb550-c457-11e9-bb97-0800200c9a66%22,st=v,su
CMCD=bl=25464.112,br=14923,cid=%221111-111111-111111-11111%22,dl=25464.112,mtp=11386.03,ot=v,sf=h,sid=%226e2fb550-c457-11e9-bb97-0800200c9a66%22,st=v,su,tb=14922.982
CMCD=bl=25972.311999999987,cid=%221111-111111-111111-11111%22,dl=25972.311999999987,mtp=104.54,ot=a,sf=h,sid=%226e2fb550-c457-11e9-bb97-0800200c9a66%22,st=v,su
CMCD=bl=25778.726000000006,br=14923,cid=%221111-111111-111111-11111%22,dl=25778.726000000006,mtp=4900.85,ot=v,sf=h,sid=%226e2fb550-c457-11e9-bb97-0800200c9a66%22,st=v,su,tb=14922.982
CMCD=bl=25844.591000000037,cid=%221111-111111-111111-11111%22,dl=25844.591000000037,mtp=241.2,ot=a,sf=h,sid=%226e2fb550-c457-11e9-bb97-0800200c9a66%22,st=v,su
CMCD=bl=25276.605000000018,br=14923,cid=%221111-111111-111111-11111%22,dl=25276.605000000018,mtp=4757.72,ot=v,sf=h,sid=%226e2fb550-c457-11e9-bb97-0800200c9a66%22,st=v,su,tb=14922.982
CMCD=bl=25799.63399999997,cid=%221111-111111-111111-11111%22,dl=25799.63399999997,mtp=98.53,ot=a,sf=h,sid=%226e2fb550-c457-11e9-bb97-0800200c9a66%22,st=v,su
CMCD=bl=25266.759000000093,br=14923,cid=%221111-111111-111111-11111%22,dl=25266.759000000093,mtp=5101.3,ot=v,sf=h,sid=%226e2fb550-c457-11e9-bb97-0800200c9a66%22,st=v,su,tb=14922.982
CMCD=bl=25796.177000000058,cid=%221111-111111-111111-11111%22,dl=25796.177000000058,mtp=103.37,ot=a,sf=h,sid=%226e2fb550-c457-11e9-bb97-0800200c9a66%22,st=v,su
CMCD=bl=25593.62400000009,br=14923,cid=%221111-111111-111111-11111%22,dl=25593.62400000009,mtp=9704.78,ot=v,sf=h,sid=%226e2fb550-c457-11e9-bb97-0800200c9a66%22,st=v,su,tb=14922.982
CMCD=bl=25836.096999999994,cid=%221111-111111-111111-11111%22,dl=25836.096999999994,mtp=220.63,ot=a,sf=h,sid=%226e2fb550-c457-11e9-bb97-0800200c9a66%22,st=v,su
CMCD=bl=25308.627999999997,br=14923,cid=%221111-111111-111111-11111%22,dl=25308.627999999997,mtp=9331.97,ot=v,sf=h,sid=%226e2fb550-c457-11e9-bb97-0800200c9a66%22,st=v,su,tb=14922.982
CMCD=bl=25796.498000000043,cid=%221111-111111-111111-11111%22,dl=25796.498000000043,mtp=106.01,ot=a,sf=h,sid=%226e2fb550-c457-11e9-bb97-0800200c9a66%22,st=v,su
CMCD=bl=25194.101000000046,br=14923,cid=%221111-111111-111111-11111%22,dl=25194.101000000046,mtp=5377.86,ot=v,sf=h,sid=%226e2fb550-c457-11e9-bb97-0800200c9a66%22,st=v,su,tb=14922.982
CMCD=bl=25875.07000000005,cid=%221111-111111-111111-11111%22,dl=25875.07000000005,mtp=93.51,ot=a,sf=h,sid=%226e2fb550-c457-11e9-bb97-0800200c9a66%22,st=v,su
CMCD=bl=25298.08300000002,br=14923,cid=%221111-111111-111111-11111%22,dl=25298.08300000002,mtp=11488.39,ot=v,sf=h,sid=%226e2fb550-c457-11e9-bb97-0800200c9a66%22,st=v,su,tb=14922.982
CMCD=bl=25921.294999999987,cid=%221111-111111-111111-11111%22,dl=25921.294999999987,mtp=96.47,ot=a,sf=h,sid=%226e2fb550-c457-11e9-bb97-0800200c9a66%22,st=v,su
CMCD=bl=25461.877000000073,br=14923,cid=%221111-111111-111111-11111%22,dl=25461.877000000073,mtp=11370.47,ot=v,sf=h,sid=%226e2fb550-c457-11e9-bb97-0800200c9a66%22,st=v,su,tb=14922.982
CMCD=bl=25973.99299999995,cid=%221111-111111-111111-11111%22,dl=25973.99299999995,mtp=116.08,ot=a,sf=h,sid=%226e2fb550-c457-11e9-bb97-0800200c9a66%22,st=v,su
CMCD=bl=25769.889000000036,br=14923,cid=%221111-111111-111111-11111%22,dl=25769.889000000036,mtp=6872.11,ot=v,sf=h,sid=%226e2fb550-c457-11e9-bb97-0800200c9a66%22,st=v,su,tb=14922.982
CMCD=bl=25821.192999999992,cid=%221111-111111-111111-11111%22,dl=25821.192999999992,mtp=230.24,ot=a,sf=h,sid=%226e2fb550-c457-11e9-bb97-0800200c9a66%22,st=v,su
CMCD=bl=25526.728000000046,br=14923,cid=%221111-111111-111111-11111%22,dl=25526.728000000046,mtp=13813.8,ot=v,sf=h,sid=%226e2fb550-c457-11e9-bb97-0800200c9a66%22,st=v,su,tb=14922.982
CMCD=bl=25954.840999999986,cid=%221111-111111-111111-11111%22,dl=25954.840999999986,mtp=170.25,ot=a,sf=h,sid=%226e2fb550-c457-11e9-bb97-0800200c9a66%22,st=v,su
CMCD=bl=25388.619000000064,br=14923,cid=%221111-111111-111111-11111%22,dl=25388.619000000064,mtp=6060.25,ot=v,sf=h,sid=%226e2fb550-c457-11e9-bb97-0800200c9a66%22,st=v,su,tb=14922.982
CMCD=bl=25744.31399999992,cid=%221111-111111-111111-11111%22,dl=25744.31399999992,mtp=97.84,ot=a,sf=h,sid=%226e2fb550-c457-11e9-bb97-0800200c9a66%22,st=v,su
CMCD=bl=25128.93800000006,br=14923,cid=%221111-111111-111111-11111%22,dl=25128.93800000006,mtp=10239.06,ot=v,sf=h,sid=%226e2fb550-c457-11e9-bb97-0800200c9a66%22,st=v,su,tb=14922.982
CMCD=bl=25903.233999999997,cid=%221111-111111-111111-11111%22,dl=25903.233999999997,mtp=90.37,ot=a,sf=h,sid=%226e2fb550-c457-11e9-bb97-0800200c9a66%22,st=v,su
CMCD=bl=25361.635000000093,br=14923,cid=%221111-111111-111111-11111%22,dl=25361.635000000093,mtp=12005.21,ot=v,sf=h,sid=%226e2fb550-c457-11e9-bb97-0800200c9a66%22,st=v,su,tb=14922.982
CMCD=bl=25958.27699999995,cid=%221111-111111-111111-11111%22,dl=25958.27699999995,mtp=104.2,ot=a,sf=h,sid=%226e2fb550-c457-11e9-bb97-0800200c9a66%22,st=v,su
CMCD=bl=25650.367000000075,br=14923,cid=%221111-111111-111111-11111%22,dl=25650.367000000075,mtp=10627.13,ot=v,sf=h,sid=%226e2fb550-c457-11e9-bb97-0800200c9a66%22,st=v,su,tb=14922.982
CMCD=bl=25994.93499999994,cid=%221111-111111-111111-11111%22,dl=25994.93499999994,mtp=165.04,ot=a,sf=h,sid=%226e2fb550-c457-11e9-bb97-0800200c9a66%22,st=v,su
CMCD=bl=25357.851000000097,br=14923,cid=%221111-111111-111111-11111%22,dl=25357.851000000097,mtp=9075.29,ot=v,sf=h,sid=%226e2fb550-c457-11e9-bb97-0800200c9a66%22,st=v,su,tb=14922.982
CMCD=bl=25947.584000000006,cid=%221111-111111-111111-11111%22,dl=25947.584000000006,mtp=87.78,ot=a,sf=h,sid=%226e2fb550-c457-11e9-bb97-0800200c9a66%22,st=v,su
CMCD=bl=25425.399000000085,br=14923,cid=%221111-111111-111111-11111%22,dl=25425.399000000085,mtp=2864.87,ot=v,sf=h,sid=%226e2fb550-c457-11e9-bb97-0800200c9a66%22,st=v,su,tb=14922.982
CMCD=bl=25876.060000000052,cid=%221111-111111-111111-11111%22,dl=25876.060000000052,mtp=107.71,ot=a,sf=h,sid=%226e2fb550-c457-11e9-bb97-0800200c9a66%22,st=v,su
CMCD=bl=25651.22800000006,br=14923,cid=%221111-111111-111111-11111%22,dl=25651.22800000006,mtp=5661.99,ot=v,sf=h,sid=%226e2fb550-c457-11e9-bb97-0800200c9a66%22,st=v,su,tb=14922.982
CMCD=bl=25848.261999999977,cid=%221111-111111-111111-11111%22,dl=25848.261999999977,mtp=211.77,ot=a,sf=h,sid=%226e2fb550-c457-11e9-bb97-0800200c9a66%22,st=v,su
CMCD=bl=25315.337,br=14923,cid=%221111-111111-111111-11111%22,dl=25315.337,mtp=6095.45,ot=v,sf=h,sid=%226e2fb550-c457-11e9-bb97-0800200c9a66%22,st=v,su,tb=14922.982
CMCD=bl=25879.222000000027,cid=%221111-111111-111111-11111%22,dl=25879.222000000027,mtp=104.14,ot=a,sf=h,sid=%226e2fb550-c457-11e9-bb97-0800200c9a66%22,st=v,su
CMCD=bl=25360.23399999999,br=14923,cid=%221111-111111-111111-11111%22,dl=25360.23399999999,mtp=5450.88,ot=v,sf=h,sid=%226e2fb550-c457-11e9-bb97-0800200c9a66%22,st=v,su,tb=14922.982
CMCD=bl=25932.307000000037,cid=%221111-111111-111111-11111%22,dl=25932.307000000037,mtp=105.15,ot=a,sf=h,sid=%226e2fb550-c457-11e9-bb97-0800200c9a66%22,st=v,su
CMCD=bl=25398.94000000004,br=14923,cid=%221111-111111-111111-11111%22,dl=25398.94000000004,mtp=15428.65,ot=v,sf=h,sid=%226e2fb550-c457-11e9-bb97-0800200c9a66%22,st=v,su,tb=14922.982
CMCD=bl=25749.825999999986,cid=%221111-111111-111111-11111%22,dl=25749.825999999986,mtp=105.24,ot=a,sf=h,sid=%226e2fb550-c457-11e9-bb97-0800200c9a66%22,st=v,su
CMCD=bl=25189.434000000005,br=14923,cid=%221111-111111-111111-11111%22,dl=25189.434000000005,mtp=5923.37,ot=v,sf=h,sid=%226e2fb550-c457-11e9-bb97-0800200c9a66%22,st=v,su,tb=14922.982
CMCD=bl=25777.859000000033,br=14923,cid=%221111-111111-111111-11111%22,dl=25777.859000000033,mtp=4971.11,ot=v,sf=h,sid=%226e2fb550-c457-11e9-bb97-0800200c9a66%22,st=v,su,tb=14922.982
CMCD=bl=25777.859000000033,br=14923,cid=%221111-111111-111111-11111%22,dl=25777.859000000033,mtp=4971.11,ot=v,sf=h,sid=%226e2fb550-c457-11e9-bb97-0800200c9a66%22,st=v,su,tb=14922.982
