index.js:11191 Adaptive Video Streaming Service by www.bitmovin.com
index.js:11191 Player Version 8.100.0
index.js:52632 {CMCD-Request: 'su', CMCD-Object: 'ot=m', CMCD-Session: 'cid="1111-111111-111111-11111",sf=h,sid="6e2fb550-c457-11e9-bb97-0800200c9a66",st=v'}
index.js:52632 {CMCD-Request: 'su', CMCD-Object: 'ot=m', CMCD-Session: 'cid="1111-111111-111111-11111",sf=h,sid="6e2fb550-c457-11e9-bb97-0800200c9a66",st=v'}
index.js:52632 {CMCD-Request: 'bl=0,dl=0,su', CMCD-Object: 'ot=a', CMCD-Session: 'cid="1111-111111-111111-11111",sf=h,sid="6e2fb550-c457-11e9-bb97-0800200c9a66",st=v'}
index.js:52632 {CMCD-Request: 'bl=0,dl=0,su', CMCD-Object: 'ot=a', CMCD-Session: 'cid="1111-111111-111111-11111",sf=h,sid="6e2fb550-c457-11e9-bb97-0800200c9a66",st=v'}
index.js:52632 {CMCD-Request: 'bl=0,dl=0,su', CMCD-Object: 'ot=a', CMCD-Session: 'cid="1111-111111-111111-11111",sf=h,sid="6e2fb550-c457-11e9-bb97-0800200c9a66",st=v'}
index.js:52632 {CMCD-Request: 'bl=0,dl=0,mtp=13.06,su', CMCD-Object: 'ot=a', CMCD-Session: 'cid="1111-111111-111111-11111",sf=h,sid="6e2fb550-c457-11e9-bb97-0800200c9a66",st=v'}
index.js:52632 {CMCD-Request: 'bl=0,dl=0,mtp=13.06,su', CMCD-Object: 'ot=a', CMCD-Session: 'cid="1111-111111-111111-11111",sf=h,sid="6e2fb550-c457-11e9-bb97-0800200c9a66",st=v'}
index.js:52632 {CMCD-Request: 'bl=3993.8321995464853,dl=3993.8321995464853,mtp=167.64,su', CMCD-Object: 'ot=a', CMCD-Session: 'cid="1111-111111-111111-11111",sf=h,sid="6e2fb550-c457-11e9-bb97-0800200c9a66",st=v'}
index.js:52632 {CMCD-Request: 'bl=3890.1140000000005,dl=3890.1140000000005,mtp=97.58,su', CMCD-Object: 'br=14923,ot=v,tb=14922.982', CMCD-Session: 'cid="1111-111111-111111-11111",sf=h,sid="6e2fb550-c457-11e9-bb97-0800200c9a66",st=v'}
index.js:52632 {CMCD-Request: 'bl=7494.683,dl=7494.683,mtp=234.23,su', CMCD-Object: 'ot=a', CMCD-Session: 'cid="1111-111111-111111-11111",sf=h,sid="6e2fb550-c457-11e9-bb97-0800200c9a66",st=v'}
index.js:52632 {CMCD-Request: 'bl=6937.753000000001,dl=6937.753000000001,mtp=359.63,su', CMCD-Object: 'br=14923,ot=v,tb=14922.982', CMCD-Session: 'cid="1111-111111-111111-11111",sf=h,sid="6e2fb550-c457-11e9-bb97-0800200c9a66",st=v'}
index.js:52632 {CMCD-Request: 'bl=10332.928,dl=10332.928,mtp=98.68,su', CMCD-Object: 'ot=a', CMCD-Session: 'cid="1111-111111-111111-11111",sf=h,sid="6e2fb550-c457-11e9-bb97-0800200c9a66",st=v'}
index.js:52632 {CMCD-Request: 'bl=10159.094,dl=10159.094,mtp=16793.05,su', CMCD-Object: 'br=14923,ot=v,tb=14922.982', CMCD-Session: 'cid="1111-111111-111111-11111",sf=h,sid="6e2fb550-c457-11e9-bb97-0800200c9a66",st=v'}
index.js:52632 {CMCD-Request: 'bl=13573.920000000002,dl=13573.920000000002,mtp=245.29,su', CMCD-Object: 'ot=a', CMCD-Session: 'cid="1111-111111-111111-11111",sf=h,sid="6e2fb550-c457-11e9-bb97-0800200c9a66",st=v'}
index.js:52632 {CMCD-Request: 'bl=13337.557999999997,dl=13337.557999999997,mtp=21807.67,su', CMCD-Object: 'br=14923,ot=v,tb=14922.982', CMCD-Session: 'cid="1111-111111-111111-11111",sf=h,sid="6e2fb550-c457-11e9-bb97-0800200c9a66",st=v'}
index.js:52632 {CMCD-Request: 'bl=16619.41,dl=16619.41,mtp=206.64,su', CMCD-Object: 'ot=a', CMCD-Session: 'cid="1111-111111-111111-11111",sf=h,sid="6e2fb550-c457-11e9-bb97-0800200c9a66",st=v'}
index.js:52632 {CMCD-Request: 'bl=16313.907999999998,dl=16313.907999999998,mtp=11295.71,su', CMCD-Object: 'br=14923,ot=v,tb=14922.982', CMCD-Session: 'cid="1111-111111-111111-11111",sf=h,sid="6e2fb550-c457-11e9-bb97-0800200c9a66",st=v'}
index.js:52632 {CMCD-Request: 'bl=19614.967999999997,dl=19614.967999999997,mtp=164.5,su', CMCD-Object: 'ot=a', CMCD-Session: 'cid="1111-111111-111111-11111",sf=h,sid="6e2fb550-c457-11e9-bb97-0800200c9a66",st=v'}
index.js:52632 {CMCD-Request: 'bl=19398.819,dl=19398.819,mtp=10324.9,su', CMCD-Object: 'br=14923,ot=v,tb=14922.982', CMCD-Session: 'cid="1111-111111-111111-11111",sf=h,sid="6e2fb550-c457-11e9-bb97-0800200c9a66",st=v'}
index.js:52632 {CMCD-Request: 'bl=22607.220999999998,dl=22607.220999999998,mtp=210.75,su', CMCD-Object: 'ot=a', CMCD-Session: 'cid="1111-111111-111111-11111",sf=h,sid="6e2fb550-c457-11e9-bb97-0800200c9a66",st=v'}
index.js:52632 {CMCD-Request: 'bl=22369.449,dl=22369.449,mtp=9611,su', CMCD-Object: 'br=14923,ot=v,tb=14922.982', CMCD-Session: 'cid="1111-111111-111111-11111",sf=h,sid="6e2fb550-c457-11e9-bb97-0800200c9a66",st=v'}
index.js:52632 {CMCD-Request: 'bl=25839.866,dl=25839.866,mtp=193.81,su', CMCD-Object: 'ot=a', CMCD-Session: 'cid="1111-111111-111111-11111",sf=h,sid="6e2fb550-c457-11e9-bb97-0800200c9a66",st=v'}
index.js:52632 {CMCD-Request: 'bl=25557.347,dl=25557.347,mtp=16352.1,su', CMCD-Object: 'br=14923,ot=v,tb=14922.982', CMCD-Session: 'cid="1111-111111-111111-11111",sf=h,sid="6e2fb550-c457-11e9-bb97-0800200c9a66",st=v'}
index.js:52632 {CMCD-Request: 'bl=29019.826999999997,dl=29019.826999999997,mtp=177.6,su', CMCD-Object: 'ot=a', CMCD-Session: 'cid="1111-111111-111111-11111",sf=h,sid="6e2fb550-c457-11e9-bb97-0800200c9a66",st=v'}
index.js:52632 {CMCD-Request: 'bl=28823.462,dl=28823.462,mtp=15653.47,su', CMCD-Object: 'br=14923,ot=v,tb=14922.982', CMCD-Session: 'cid="1111-111111-111111-11111",sf=h,sid="6e2fb550-c457-11e9-bb97-0800200c9a66",st=v'}
index.js:52632 {CMCD-Request: 'bl=32093.084000000006,dl=32093.084000000006,mtp=228.66,su', CMCD-Object: 'ot=a', CMCD-Session: 'cid="1111-111111-111111-11111",sf=h,sid="6e2fb550-c457-11e9-bb97-0800200c9a66",st=v'}
index.js:52632 {CMCD-Request: 'bl=31913.395999999997,dl=31913.395999999997,mtp=10847.25,su', CMCD-Object: 'br=14923,ot=v,tb=14922.982', CMCD-Session: 'cid="1111-111111-111111-11111",sf=h,sid="6e2fb550-c457-11e9-bb97-0800200c9a66",st=v'}
index.js:52632 {CMCD-Request: 'bl=35258.916,dl=35258.916,mtp=237.65,su', CMCD-Object: 'ot=a', CMCD-Session: 'cid="1111-111111-111111-11111",sf=h,sid="6e2fb550-c457-11e9-bb97-0800200c9a66",st=v'}
index.js:52632 {CMCD-Request: 'bl=35093.981999999996,dl=35093.981999999996,mtp=14898.77,su', CMCD-Object: 'br=14923,ot=v,tb=14922.982', CMCD-Session: 'cid="1111-111111-111111-11111",sf=h,sid="6e2fb550-c457-11e9-bb97-0800200c9a66",st=v'}
index.js:52632 {CMCD-Request: 'bl=38511.673,dl=38511.673,mtp=247.5,su', CMCD-Object: 'ot=a', CMCD-Session: 'cid="1111-111111-111111-11111",sf=h,sid="6e2fb550-c457-11e9-bb97-0800200c9a66",st=v'}
index.js:52632 {CMCD-Request: 'bl=38292.889,dl=38292.889,mtp=17465.89,su', CMCD-Object: 'br=14923,ot=v,tb=14922.982', CMCD-Session: 'cid="1111-111111-111111-11111",sf=h,sid="6e2fb550-c457-11e9-bb97-0800200c9a66",st=v'}
index.js:52632 {CMCD-Request: 'bl=39911.926999999996,dl=39911.926999999996,mtp=215.58,su', CMCD-Object: 'ot=a', CMCD-Session: 'cid="1111-111111-111111-11111",sf=h,sid="6e2fb550-c457-11e9-bb97-0800200c9a66",st=v'}
index.js:52632 {CMCD-Request: 'bl=39717.405999999995,dl=39717.405999999995,mtp=18113.47,su', CMCD-Object: 'br=14923,ot=v,tb=14922.982', CMCD-Session: 'cid="1111-111111-111111-11111",sf=h,sid="6e2fb550-c457-11e9-bb97-0800200c9a66",st=v'}
index.js:52632 {CMCD-Request: 'bl=39885.047,dl=39885.047,mtp=229.98,su', CMCD-Object: 'ot=a', CMCD-Session: 'cid="1111-111111-111111-11111",sf=h,sid="6e2fb550-c457-11e9-bb97-0800200c9a66",st=v'}
index.js:52632 {CMCD-Request: 'bl=39688.903,dl=39688.903,mtp=16159.98,su', CMCD-Object: 'br=14923,ot=v,tb=14922.982', CMCD-Session: 'cid="1111-111111-111111-11111",sf=h,sid="6e2fb550-c457-11e9-bb97-0800200c9a66",st=v'}
index.js:52632 {CMCD-Request: 'bl=39901.687000000005,dl=39901.687000000005,mtp=224.7,su', CMCD-Object: 'ot=a', CMCD-Session: 'cid="1111-111111-111111-11111",sf=h,sid="6e2fb550-c457-11e9-bb97-0800200c9a66",st=v'}
index.js:52632 {CMCD-Request: 'bl=39613.186,dl=39613.186,mtp=16421.8,su', CMCD-Object: 'br=14923,ot=v,tb=14922.982', CMCD-Session: 'cid="1111-111111-111111-11111",sf=h,sid="6e2fb550-c457-11e9-bb97-0800200c9a66",st=v'}
index.js:52632 {CMCD-Request: 'bl=39857.505000000005,dl=39857.505000000005,mtp=166.56,su', CMCD-Object: 'ot=a', CMCD-Session: 'cid="1111-111111-111111-11111",sf=h,sid="6e2fb550-c457-11e9-bb97-0800200c9a66",st=v'}
index.js:52632 {CMCD-Request: 'bl=39672.473,dl=39672.473,mtp=7659.01,su', CMCD-Object: 'br=14923,ot=v,tb=14922.982', CMCD-Session: 'cid="1111-111111-111111-11111",sf=h,sid="6e2fb550-c457-11e9-bb97-0800200c9a66",st=v'}
index.js:52632 {CMCD-Request: 'bl=39890.883,dl=39890.883,mtp=246.17,su', CMCD-Object: 'ot=a', CMCD-Session: 'cid="1111-111111-111111-11111",sf=h,sid="6e2fb550-c457-11e9-bb97-0800200c9a66",st=v'}
index.js:52632 {CMCD-Request: 'bl=39711.537,dl=39711.537,mtp=13770.43,su', CMCD-Object: 'br=14923,ot=v,tb=14922.982', CMCD-Session: 'cid="1111-111111-111111-11111",sf=h,sid="6e2fb550-c457-11e9-bb97-0800200c9a66",st=v'}
index.js:52632 {CMCD-Request: 'bl=39864.316,dl=39864.316,mtp=245.21,su', CMCD-Object: 'ot=a', CMCD-Session: 'cid="1111-111111-111111-11111",sf=h,sid="6e2fb550-c457-11e9-bb97-0800200c9a66",st=v'}
index.js:52632 {CMCD-Request: 'bl=39644.892,dl=39644.892,mtp=4851.04,su', CMCD-Object: 'br=14923,ot=v,tb=14922.982', CMCD-Session: 'cid="1111-111111-111111-11111",sf=h,sid="6e2fb550-c457-11e9-bb97-0800200c9a66",st=v'}
index.js:52632 {CMCD-Request: 'bl=39837.57299999999,dl=39837.57299999999,mtp=210.55,su', CMCD-Object: 'ot=a', CMCD-Session: 'cid="1111-111111-111111-11111",sf=h,sid="6e2fb550-c457-11e9-bb97-0800200c9a66",st=v'}
index.js:52632 {CMCD-Request: 'bl=39282.316,dl=39282.316,mtp=12937.55,su', CMCD-Object: 'br=14923,ot=v,tb=14922.982', CMCD-Session: 'cid="1111-111111-111111-11111",sf=h,sid="6e2fb550-c457-11e9-bb97-0800200c9a66",st=v'}
index.js:52632 {CMCD-Request: 'bl=39894.653000000006,dl=39894.653000000006,mtp=101.8,su', CMCD-Object: 'ot=a', CMCD-Session: 'cid="1111-111111-111111-11111",sf=h,sid="6e2fb550-c457-11e9-bb97-0800200c9a66",st=v'}
index.js:52632 {CMCD-Request: 'bl=39708.149999999994,dl=39708.149999999994,mtp=13126.45,su', CMCD-Object: 'br=14923,ot=v,tb=14922.982', CMCD-Session: 'cid="1111-111111-111111-11111",sf=h,sid="6e2fb550-c457-11e9-bb97-0800200c9a66",st=v'}
index.js:52632 {CMCD-Request: 'bl=39865.088,dl=39865.088,mtp=244.27,su', CMCD-Object: 'ot=a', CMCD-Session: 'cid="1111-111111-111111-11111",sf=h,sid="6e2fb550-c457-11e9-bb97-0800200c9a66",st=v'}
index.js:52632 {CMCD-Request: 'bl=39346.78,dl=39346.78,mtp=5790.15,su', CMCD-Object: 'br=14923,ot=v,tb=14922.982', CMCD-Session: 'cid="1111-111111-111111-11111",sf=h,sid="6e2fb550-c457-11e9-bb97-0800200c9a66",st=v'}
index.js:52632 {CMCD-Request: 'bl=39990.985,dl=39990.985,mtp=105.89,su', CMCD-Object: 'ot=a', CMCD-Session: 'cid="1111-111111-111111-11111",sf=h,sid="6e2fb550-c457-11e9-bb97-0800200c9a66",st=v'}
index.js:52632 {CMCD-Request: 'bl=39499.721,dl=39499.721,mtp=15270.9,su', CMCD-Object: 'br=14923,ot=v,tb=14922.982', CMCD-Session: 'cid="1111-111111-111111-11111",sf=h,sid="6e2fb550-c457-11e9-bb97-0800200c9a66",st=v'}
index.js:52632 {CMCD-Request: 'bl=39851.924000000006,dl=39851.924000000006,mtp=110.53,su', CMCD-Object: 'ot=a', CMCD-Session: 'cid="1111-111111-111111-11111",sf=h,sid="6e2fb550-c457-11e9-bb97-0800200c9a66",st=v'}
index.js:52632 {CMCD-Request: 'bl=39573.350999999995,dl=39573.350999999995,mtp=12747.8,su', CMCD-Object: 'br=14923,ot=v,tb=14922.982', CMCD-Session: 'cid="1111-111111-111111-11111",sf=h,sid="6e2fb550-c457-11e9-bb97-0800200c9a66",st=v'}
index.js:52632 {CMCD-Request: 'bl=39875.242000000006,dl=39875.242000000006,mtp=180.75,su', CMCD-Object: 'ot=a', CMCD-Session: 'cid="1111-111111-111111-11111",sf=h,sid="6e2fb550-c457-11e9-bb97-0800200c9a66",st=v'}
index.js:52632 {CMCD-Request: 'bl=39680.456,dl=39680.456,mtp=11417.43,su', CMCD-Object: 'br=14923,ot=v,tb=14922.982', CMCD-Session: 'cid="1111-111111-111111-11111",sf=h,sid="6e2fb550-c457-11e9-bb97-0800200c9a66",st=v'}
index.js:52632 {CMCD-Request: 'bl=39790.165,dl=39790.165,mtp=232.08,su', CMCD-Object: 'ot=a', CMCD-Session: 'cid="1111-111111-111111-11111",sf=h,sid="6e2fb550-c457-11e9-bb97-0800200c9a66",st=v'}
index.js:52632 {CMCD-Request: 'bl=39618.984,dl=39618.984,mtp=12174.54,su', CMCD-Object: 'br=14923,ot=v,tb=14922.982', CMCD-Session: 'cid="1111-111111-111111-11111",sf=h,sid="6e2fb550-c457-11e9-bb97-0800200c9a66",st=v'}
index.js:52632 {CMCD-Request: 'bl=39991.765999999996,dl=39991.765999999996,mtp=246.86,su', CMCD-Object: 'ot=a', CMCD-Session: 'cid="1111-111111-111111-11111",sf=h,sid="6e2fb550-c457-11e9-bb97-0800200c9a66",st=v'}
index.js:52632 {CMCD-Request: 'bl=39701.74,dl=39701.74,mtp=14547.89,su', CMCD-Object: 'br=14923,ot=v,tb=14922.982', CMCD-Session: 'cid="1111-111111-111111-11111",sf=h,sid="6e2fb550-c457-11e9-bb97-0800200c9a66",st=v'}
index.js:52632 {CMCD-Request: 'bl=39844.40700000001,dl=39844.40700000001,mtp=166.23,su', CMCD-Object: 'ot=a', CMCD-Session: 'cid="1111-111111-111111-11111",sf=h,sid="6e2fb550-c457-11e9-bb97-0800200c9a66",st=v'}
index.js:52632 {CMCD-Request: 'bl=39600.782999999996,dl=39600.782999999996,mtp=13557.14,su', CMCD-Object: 'br=14923,ot=v,tb=14922.982', CMCD-Session: 'cid="1111-111111-111111-11111",sf=h,sid="6e2fb550-c457-11e9-bb97-0800200c9a66",st=v'}
index.js:52632 {CMCD-Request: 'bl=39946.433999999994,dl=39946.433999999994,mtp=199.85,su', CMCD-Object: 'ot=a', CMCD-Session: 'cid="1111-111111-111111-11111",sf=h,sid="6e2fb550-c457-11e9-bb97-0800200c9a66",st=v'}
index.js:52632 {CMCD-Request: 'bl=39724.226,dl=39724.226,mtp=12701.02,su', CMCD-Object: 'br=14923,ot=v,tb=14922.982', CMCD-Session: 'cid="1111-111111-111111-11111",sf=h,sid="6e2fb550-c457-11e9-bb97-0800200c9a66",st=v'}
index.js:52632 {CMCD-Request: 'bl=39879.255,dl=39879.255,mtp=210.28,su', CMCD-Object: 'ot=a', CMCD-Session: 'cid="1111-111111-111111-11111",sf=h,sid="6e2fb550-c457-11e9-bb97-0800200c9a66",st=v'}
index.js:52632 {CMCD-Request: 'bl=39308.594999999994,dl=39308.594999999994,mtp=5338.75,su', CMCD-Object: 'br=14923,ot=v,tb=14922.982', CMCD-Session: 'cid="1111-111111-111111-11111",sf=h,sid="6e2fb550-c457-11e9-bb97-0800200c9a66",st=v'}
index.js:52632 {CMCD-Request: 'bl=39874.89099999999,dl=39874.89099999999,mtp=97.02,su', CMCD-Object: 'ot=a', CMCD-Session: 'cid="1111-111111-111111-11111",sf=h,sid="6e2fb550-c457-11e9-bb97-0800200c9a66",st=v'}
index.js:52632 {CMCD-Request: 'bl=39714.693,dl=39714.693,mtp=5142.35,su', CMCD-Object: 'br=14923,ot=v,tb=14922.982', CMCD-Session: 'cid="1111-111111-111111-11111",sf=h,sid="6e2fb550-c457-11e9-bb97-0800200c9a66",st=v'}
index.js:52632 {CMCD-Request: 'bl=39929.259000000005,dl=39929.259000000005,mtp=252.19,su', CMCD-Object: 'ot=a', CMCD-Session: 'cid="1111-111111-111111-11111",sf=h,sid="6e2fb550-c457-11e9-bb97-0800200c9a66",st=v'}
index.js:52632 {CMCD-Request: 'bl=39623.291999999994,dl=39623.291999999994,mtp=17465.18,su', CMCD-Object: 'br=14923,ot=v,tb=14922.982', CMCD-Session: 'cid="1111-111111-111111-11111",sf=h,sid="6e2fb550-c457-11e9-bb97-0800200c9a66",st=v'}
index.js:52632 {CMCD-Request: 'bl=39857.87499999999,dl=39857.87499999999,mtp=167.68,su', CMCD-Object: 'ot=a', CMCD-Session: 'cid="1111-111111-111111-11111",sf=h,sid="6e2fb550-c457-11e9-bb97-0800200c9a66",st=v'}
index.js:52632 {CMCD-Request: 'bl=39631.95900000001,dl=39631.95900000001,mtp=6303.24,su', CMCD-Object: 'br=14923,ot=v,tb=14922.982', CMCD-Session: 'cid="1111-111111-111111-11111",sf=h,sid="6e2fb550-c457-11e9-bb97-0800200c9a66",st=v'}
index.js:52632 {CMCD-Request: 'bl=39989.288000000015,dl=39989.288000000015,mtp=205.34,su', CMCD-Object: 'ot=a', CMCD-Session: 'cid="1111-111111-111111-11111",sf=h,sid="6e2fb550-c457-11e9-bb97-0800200c9a66",st=v'}
index.js:52632 {CMCD-Request: 'bl=39431.411000000015,dl=39431.411000000015,mtp=14079.2,su', CMCD-Object: 'br=14923,ot=v,tb=14922.982', CMCD-Session: 'cid="1111-111111-111111-11111",sf=h,sid="6e2fb550-c457-11e9-bb97-0800200c9a66",st=v'}
index.js:52632 {CMCD-Request: 'bl=39877.628999999986,dl=39877.628999999986,mtp=98.75,su', CMCD-Object: 'ot=a', CMCD-Session: 'cid="1111-111111-111111-11111",sf=h,sid="6e2fb550-c457-11e9-bb97-0800200c9a66",st=v'}
index.js:52632 {CMCD-Request: 'bl=39645.57000000001,dl=39645.57000000001,mtp=14811.79,su', CMCD-Object: 'br=14923,ot=v,tb=14922.982', CMCD-Session: 'cid="1111-111111-111111-11111",sf=h,sid="6e2fb550-c457-11e9-bb97-0800200c9a66",st=v'}
index.js:52632 {CMCD-Request: 'bl=39936.729000000014,dl=39936.729000000014,mtp=209.44,su', CMCD-Object: 'ot=a', CMCD-Session: 'cid="1111-111111-111111-11111",sf=h,sid="6e2fb550-c457-11e9-bb97-0800200c9a66",st=v'}
index.js:52632 {CMCD-Request: 'bl=39732.408,dl=39732.408,mtp=2940.56,su', CMCD-Object: 'br=14923,ot=v,tb=14922.982', CMCD-Session: 'cid="1111-111111-111111-11111",sf=h,sid="6e2fb550-c457-11e9-bb97-0800200c9a66",st=v'}
index.js:52632 {CMCD-Request: 'bl=39928.768000000004,dl=39928.768000000004,mtp=226.43,su', CMCD-Object: 'ot=a', CMCD-Session: 'cid="1111-111111-111111-11111",sf=h,sid="6e2fb550-c457-11e9-bb97-0800200c9a66",st=v'}
index.js:52632 {CMCD-Request: 'bl=39657.453000000016,dl=39657.453000000016,mtp=6884.09,su', CMCD-Object: 'br=14923,ot=v,tb=14922.982', CMCD-Session: 'cid="1111-111111-111111-11111",sf=h,sid="6e2fb550-c457-11e9-bb97-0800200c9a66",st=v'}
index.js:52632 {CMCD-Request: 'bl=39739.590000000004,dl=39739.590000000004,mtp=179.93,su', CMCD-Object: 'ot=a', CMCD-Session: 'cid="1111-111111-111111-11111",sf=h,sid="6e2fb550-c457-11e9-bb97-0800200c9a66",st=v'}
index.js:52632 {CMCD-Request: 'bl=39550.239000000016,dl=39550.239000000016,mtp=5395.31,su', CMCD-Object: 'br=14923,ot=v,tb=14922.982', CMCD-Session: 'cid="1111-111111-111111-11111",sf=h,sid="6e2fb550-c457-11e9-bb97-0800200c9a66",st=v'}
index.js:52632 {CMCD-Request: 'bl=39756.66200000002,dl=39756.66200000002,mtp=229.62,su', CMCD-Object: 'ot=a', CMCD-Session: 'cid="1111-111111-111111-11111",sf=h,sid="6e2fb550-c457-11e9-bb97-0800200c9a66",st=v'}
index.js:52632 {CMCD-Request: 'bl=39155.10700000002,dl=39155.10700000002,mtp=6658.47,su', CMCD-Object: 'br=14923,ot=v,tb=14922.982', CMCD-Session: 'cid="1111-111111-111111-11111",sf=h,sid="6e2fb550-c457-11e9-bb97-0800200c9a66",st=v'}
index.js:52632 {CMCD-Request: 'bl=39958.64800000001,dl=39958.64800000001,mtp=94.59,su', CMCD-Object: 'ot=a', CMCD-Session: 'cid="1111-111111-111111-11111",sf=h,sid="6e2fb550-c457-11e9-bb97-0800200c9a66",st=v'}
index.js:52632 {CMCD-Request: 'bl=39763.23400000001,dl=39763.23400000001,mtp=8220.42,su', CMCD-Object: 'br=14923,ot=v,tb=14922.982', CMCD-Session: 'cid="1111-111111-111111-11111",sf=h,sid="6e2fb550-c457-11e9-bb97-0800200c9a66",st=v'}
index.js:52632 {CMCD-Request: 'bl=39822.288000000015,dl=39822.288000000015,mtp=232.82,su', CMCD-Object: 'ot=a', CMCD-Session: 'cid="1111-111111-111111-11111",sf=h,sid="6e2fb550-c457-11e9-bb97-0800200c9a66",st=v'}
index.js:52632 {CMCD-Request: 'bl=39602.824000000015,dl=39602.824000000015,mtp=11144.26,su', CMCD-Object: 'br=14923,ot=v,tb=14922.982', CMCD-Session: 'cid="1111-111111-111111-11111",sf=h,sid="6e2fb550-c457-11e9-bb97-0800200c9a66",st=v'}
index.js:52632 {CMCD-Request: 'bl=39991.774000000005,dl=39991.774000000005,mtp=210.94,su', CMCD-Object: 'ot=a', CMCD-Session: 'cid="1111-111111-111111-11111",sf=h,sid="6e2fb550-c457-11e9-bb97-0800200c9a66",st=v'}
index.js:52632 {CMCD-Request: 'bl=39379.56000000001,dl=39379.56000000001,mtp=12338,su', CMCD-Object: 'br=14923,ot=v,tb=14922.982', CMCD-Session: 'cid="1111-111111-111111-11111",sf=h,sid="6e2fb550-c457-11e9-bb97-0800200c9a66",st=v'}
index.js:52632 {CMCD-Request: 'bl=39860.804000000004,dl=39860.804000000004,mtp=91.13,su', CMCD-Object: 'ot=a', CMCD-Session: 'cid="1111-111111-111111-11111",sf=h,sid="6e2fb550-c457-11e9-bb97-0800200c9a66",st=v'}
index.js:52632 {CMCD-Request: 'bl=39358.429000000004,dl=39358.429000000004,mtp=4648.89,su', CMCD-Object: 'br=14923,ot=v,tb=14922.982', CMCD-Session: 'cid="1111-111111-111111-11111",sf=h,sid="6e2fb550-c457-11e9-bb97-0800200c9a66",st=v'}
index.js:52632 {CMCD-Request: 'bl=39814.623000000014,dl=39814.623000000014,mtp=109.98,su', CMCD-Object: 'ot=a', CMCD-Session: 'cid="1111-111111-111111-11111",sf=h,sid="6e2fb550-c457-11e9-bb97-0800200c9a66",st=v'}
index.js:52632 {CMCD-Request: 'bl=39306.326000000015,dl=39306.326000000015,mtp=4741.29,su', CMCD-Object: 'br=14923,ot=v,tb=14922.982', CMCD-Session: 'cid="1111-111111-111111-11111",sf=h,sid="6e2fb550-c457-11e9-bb97-0800200c9a66",st=v'}
index.js:52632 {CMCD-Request: 'bl=39831.87000000001,dl=39831.87000000001,mtp=108.76,su', CMCD-Object: 'ot=a', CMCD-Session: 'cid="1111-111111-111111-11111",sf=h,sid="6e2fb550-c457-11e9-bb97-0800200c9a66",st=v'}
index.js:52632 {CMCD-Request: 'bl=39641.65400000002,dl=39641.65400000002,mtp=11861.46,su', CMCD-Object: 'br=14923,ot=v,tb=14922.982', CMCD-Session: 'cid="1111-111111-111111-11111",sf=h,sid="6e2fb550-c457-11e9-bb97-0800200c9a66",st=v'}
index.js:52632 {CMCD-Request: 'bl=39833.147,dl=39833.147,mtp=230.75,su', CMCD-Object: 'ot=a', CMCD-Session: 'cid="1111-111111-111111-11111",sf=h,sid="6e2fb550-c457-11e9-bb97-0800200c9a66",st=v'}
index.js:52632 {CMCD-Request: 'bl=39202.52200000002,dl=39202.52200000002,mtp=8522.27,su', CMCD-Object: 'br=14923,ot=v,tb=14922.982', CMCD-Session: 'cid="1111-111111-111111-11111",sf=h,sid="6e2fb550-c457-11e9-bb97-0800200c9a66",st=v'}
index.js:52632 {CMCD-Request: 'bl=39779.72200000002,dl=39779.72200000002,mtp=88.45,su', CMCD-Object: 'ot=a', CMCD-Session: 'cid="1111-111111-111111-11111",sf=h,sid="6e2fb550-c457-11e9-bb97-0800200c9a66",st=v'}
index.js:52632 {CMCD-Request: 'bl=39516.27000000002,dl=39516.27000000002,mtp=14116.88,su', CMCD-Object: 'br=14923,ot=v,tb=14922.982', CMCD-Session: 'cid="1111-111111-111111-11111",sf=h,sid="6e2fb550-c457-11e9-bb97-0800200c9a66",st=v'}
index.js:52632 {CMCD-Request: 'bl=39772.28500000001,dl=39772.28500000001,mtp=187.35,su', CMCD-Object: 'ot=a', CMCD-Session: 'cid="1111-111111-111111-11111",sf=h,sid="6e2fb550-c457-11e9-bb97-0800200c9a66",st=v'}
index.js:52632 {CMCD-Request: 'bl=39555.88700000001,dl=39555.88700000001,mtp=14791.27,su', CMCD-Object: 'br=14923,ot=v,tb=14922.982', CMCD-Session: 'cid="1111-111111-111111-11111",sf=h,sid="6e2fb550-c457-11e9-bb97-0800200c9a66",st=v'}
index.js:52632 {CMCD-Request: 'bl=39926.852999999996,dl=39926.852999999996,mtp=214.65,su', CMCD-Object: 'ot=a', CMCD-Session: 'cid="1111-111111-111111-11111",sf=h,sid="6e2fb550-c457-11e9-bb97-0800200c9a66",st=v'}
index.js:52632 {CMCD-Request: 'bl=39331.383000000016,dl=39331.383000000016,mtp=14432.21,su', CMCD-Object: 'br=14923,ot=v,tb=14922.982', CMCD-Session: 'cid="1111-111111-111111-11111",sf=h,sid="6e2fb550-c457-11e9-bb97-0800200c9a66",st=v'}
index.js:52632 {CMCD-Request: 'bl=39933.03500000002,dl=39933.03500000002,mtp=93.68,su', CMCD-Object: 'ot=a', CMCD-Session: 'cid="1111-111111-111111-11111",sf=h,sid="6e2fb550-c457-11e9-bb97-0800200c9a66",st=v'}
index.js:52632 {CMCD-Request: 'bl=39633.42400000002,dl=39633.42400000002,mtp=11865.89,su', CMCD-Object: 'br=14923,ot=v,tb=14922.982', CMCD-Session: 'cid="1111-111111-111111-11111",sf=h,sid="6e2fb550-c457-11e9-bb97-0800200c9a66",st=v'}
index.js:52632 {CMCD-Request: 'bl=39938.10500000001,dl=39938.10500000001,mtp=172.97,su', CMCD-Object: 'ot=a', CMCD-Session: 'cid="1111-111111-111111-11111",sf=h,sid="6e2fb550-c457-11e9-bb97-0800200c9a66",st=v'}
index.js:52632 {CMCD-Request: 'bl=39231.25800000002,dl=39231.25800000002,mtp=11395.27,su', CMCD-Object: 'br=14923,ot=v,tb=14922.982', CMCD-Session: 'cid="1111-111111-111111-11111",sf=h,sid="6e2fb550-c457-11e9-bb97-0800200c9a66",st=v'}
index.js:52632 {CMCD-Request: 'bl=39783.35000000001,dl=39783.35000000001,mtp=81.44,su', CMCD-Object: 'ot=a', CMCD-Session: 'cid="1111-111111-111111-11111",sf=h,sid="6e2fb550-c457-11e9-bb97-0800200c9a66",st=v'}
index.js:52632 {CMCD-Request: 'bl=39546.725000000006,dl=39546.725000000006,mtp=14678.69,su', CMCD-Object: 'br=14923,ot=v,tb=14922.982', CMCD-Session: 'cid="1111-111111-111111-11111",sf=h,sid="6e2fb550-c457-11e9-bb97-0800200c9a66",st=v'}
index.js:52632 {CMCD-Request: 'bl=39839.12800000002,dl=39839.12800000002,mtp=198.41,su', CMCD-Object: 'ot=a', CMCD-Session: 'cid="1111-111111-111111-11111",sf=h,sid="6e2fb550-c457-11e9-bb97-0800200c9a66",st=v'}
index.js:52632 {CMCD-Request: 'bl=39612.795000000006,dl=39612.795000000006,mtp=7228.22,su', CMCD-Object: 'br=14923,ot=v,tb=14922.982', CMCD-Session: 'cid="1111-111111-111111-11111",sf=h,sid="6e2fb550-c457-11e9-bb97-0800200c9a66",st=v'}
index.js:52632 {CMCD-Request: 'bl=39976.168,dl=39976.168,mtp=203.13,su', CMCD-Object: 'ot=a', CMCD-Session: 'cid="1111-111111-111111-11111",sf=h,sid="6e2fb550-c457-11e9-bb97-0800200c9a66",st=v'}
index.js:52632 {CMCD-Request: 'bl=39455.874000000025,dl=39455.874000000025,mtp=6967.78,su', CMCD-Object: 'br=14923,ot=v,tb=14922.982', CMCD-Session: 'cid="1111-111111-111111-11111",sf=h,sid="6e2fb550-c457-11e9-bb97-0800200c9a66",st=v'}
index.js:52632 {CMCD-Request: 'bl=39923.306,dl=39923.306,mtp=107.17,su', CMCD-Object: 'ot=a', CMCD-Session: 'cid="1111-111111-111111-11111",sf=h,sid="6e2fb550-c457-11e9-bb97-0800200c9a66",st=v'}
index.js:52632 {CMCD-Request: 'bl=39668.99900000001,dl=39668.99900000001,mtp=6615.46,su', CMCD-Object: 'br=14923,ot=v,tb=14922.982', CMCD-Session: 'cid="1111-111111-111111-11111",sf=h,sid="6e2fb550-c457-11e9-bb97-0800200c9a66",st=v'}
index.js:52632 {CMCD-Request: 'bl=39802.27500000001,dl=39802.27500000001,mtp=190.82,su', CMCD-Object: 'ot=a', CMCD-Session: 'cid="1111-111111-111111-11111",sf=h,sid="6e2fb550-c457-11e9-bb97-0800200c9a66",st=v'}
index.js:52632 {CMCD-Request: 'bl=39570.547000000006,dl=39570.547000000006,mtp=10105.8,su', CMCD-Object: 'br=14923,ot=v,tb=14922.982', CMCD-Session: 'cid="1111-111111-111111-11111",sf=h,sid="6e2fb550-c457-11e9-bb97-0800200c9a66",st=v'}
index.js:52632 {CMCD-Request: 'bl=39996.54799999999,dl=39996.54799999999,mtp=200.51,su', CMCD-Object: 'ot=a', CMCD-Session: 'cid="1111-111111-111111-11111",sf=h,sid="6e2fb550-c457-11e9-bb97-0800200c9a66",st=v'}
index.js:52632 {CMCD-Request: 'bl=39673.25300000002,dl=39673.25300000002,mtp=2876.93,su', CMCD-Object: 'br=14923,ot=v,tb=14922.982', CMCD-Session: 'cid="1111-111111-111111-11111",sf=h,sid="6e2fb550-c457-11e9-bb97-0800200c9a66",st=v'}
index.js:52632 {CMCD-Request: 'bl=39781.25800000001,dl=39781.25800000001,mtp=155.36,su', CMCD-Object: 'ot=a', CMCD-Session: 'cid="1111-111111-111111-11111",sf=h,sid="6e2fb550-c457-11e9-bb97-0800200c9a66",st=v'}
index.js:52632 {CMCD-Request: 'bl=39583.51500000001,dl=39583.51500000001,mtp=3378.21,su', CMCD-Object: 'br=14923,ot=v,tb=14922.982', CMCD-Session: 'cid="1111-111111-111111-11111",sf=h,sid="6e2fb550-c457-11e9-bb97-0800200c9a66",st=v'}
index.js:52632 {CMCD-Request: 'bl=39958.26600000001,dl=39958.26600000001,mtp=234.11,su', CMCD-Object: 'ot=a', CMCD-Session: 'cid="1111-111111-111111-11111",sf=h,sid="6e2fb550-c457-11e9-bb97-0800200c9a66",st=v'}
index.js:52632 {CMCD-Request: 'bl=39750.85400000001,dl=39750.85400000001,mtp=6690.53,su', CMCD-Object: 'br=14923,ot=v,tb=14922.982', CMCD-Session: 'cid="1111-111111-111111-11111",sf=h,sid="6e2fb550-c457-11e9-bb97-0800200c9a66",st=v'}
index.js:52632 {CMCD-Request: 'bl=39750.74899999998,dl=39750.74899999998,mtp=223.18,su', CMCD-Object: 'ot=a', CMCD-Session: 'cid="1111-111111-111111-11111",sf=h,sid="6e2fb550-c457-11e9-bb97-0800200c9a66",st=v'}
index.js:52632 {CMCD-Request: 'bl=39184.483,dl=39184.483,mtp=7576.27,su', CMCD-Object: 'br=14923,ot=v,tb=14922.982', CMCD-Session: 'cid="1111-111111-111111-11111",sf=h,sid="6e2fb550-c457-11e9-bb97-0800200c9a66",st=v'}
index.js:52632 {CMCD-Request: 'bl=39856.391,dl=39856.391,mtp=97.62,su', CMCD-Object: 'ot=a', CMCD-Session: 'cid="1111-111111-111111-11111",sf=h,sid="6e2fb550-c457-11e9-bb97-0800200c9a66",st=v'}
index.js:52632 {CMCD-Request: 'bl=39676.52600000003,dl=39676.52600000003,mtp=7172.46,su', CMCD-Object: 'br=14923,ot=v,tb=14922.982', CMCD-Session: 'cid="1111-111111-111111-11111",sf=h,sid="6e2fb550-c457-11e9-bb97-0800200c9a66",st=v'}
index.js:52632 {CMCD-Request: 'bl=39982.79099999999,dl=39982.79099999999,mtp=234.72,su', CMCD-Object: 'ot=a', CMCD-Session: 'cid="1111-111111-111111-11111",sf=h,sid="6e2fb550-c457-11e9-bb97-0800200c9a66",st=v'}
index.js:52632 {CMCD-Request: 'bl=39710.881,dl=39710.881,mtp=9007.16,su', CMCD-Object: 'br=14923,ot=v,tb=14922.982', CMCD-Session: 'cid="1111-111111-111111-11111",sf=h,sid="6e2fb550-c457-11e9-bb97-0800200c9a66",st=v'}
index.js:52632 {CMCD-Request: 'bl=39852.31999999999,dl=39852.31999999999,mtp=185.03,su', CMCD-Object: 'ot=a', CMCD-Session: 'cid="1111-111111-111111-11111",sf=h,sid="6e2fb550-c457-11e9-bb97-0800200c9a66",st=v'}
index.js:52632 {CMCD-Request: 'bl=39305.935000000005,dl=39305.935000000005,mtp=15211.99,su', CMCD-Object: 'br=14923,ot=v,tb=14922.982', CMCD-Session: 'cid="1111-111111-111111-11111",sf=h,sid="6e2fb550-c457-11e9-bb97-0800200c9a66",st=v'}
index.js:52632 {CMCD-Request: 'bl=39983.31999999999,dl=39983.31999999999,mtp=101.12,su', CMCD-Object: 'ot=a', CMCD-Session: 'cid="1111-111111-111111-11111",sf=h,sid="6e2fb550-c457-11e9-bb97-0800200c9a66",st=v'}
index.js:52632 {CMCD-Request: 'bl=39416.46,dl=39416.46,mtp=17182.15,su', CMCD-Object: 'br=14923,ot=v,tb=14922.982', CMCD-Session: 'cid="1111-111111-111111-11111",sf=h,sid="6e2fb550-c457-11e9-bb97-0800200c9a66",st=v'}
index.js:52632 {CMCD-Request: 'bl=39848.77800000001,dl=39848.77800000001,mtp=97.9,su', CMCD-Object: 'ot=a', CMCD-Session: 'cid="1111-111111-111111-11111",sf=h,sid="6e2fb550-c457-11e9-bb97-0800200c9a66",st=v'}
index.js:52632 {CMCD-Request: 'bl=39627.12899999999,dl=39627.12899999999,mtp=8665.55,su', CMCD-Object: 'br=14923,ot=v,tb=14922.982', CMCD-Session: 'cid="1111-111111-111111-11111",sf=h,sid="6e2fb550-c457-11e9-bb97-0800200c9a66",st=v'}
index.js:52632 {CMCD-Request: 'bl=39804.281,dl=39804.281,mtp=219.03,su', CMCD-Object: 'ot=a', CMCD-Session: 'cid="1111-111111-111111-11111",sf=h,sid="6e2fb550-c457-11e9-bb97-0800200c9a66",st=v'}
index.js:52632 {CMCD-Request: 'bl=39532.15499999999,dl=39532.15499999999,mtp=6369.18,su', CMCD-Object: 'br=14923,ot=v,tb=14922.982', CMCD-Session: 'cid="1111-111111-111111-11111",sf=h,sid="6e2fb550-c457-11e9-bb97-0800200c9a66",st=v'}
index.js:52632 {CMCD-Request: 'bl=39955.265,dl=39955.265,mtp=182.4,su', CMCD-Object: 'ot=a', CMCD-Session: 'cid="1111-111111-111111-11111",sf=h,sid="6e2fb550-c457-11e9-bb97-0800200c9a66",st=v'}
index.js:52632 {CMCD-Request: 'bl=39741.49199999999,dl=39741.49199999999,mtp=15242.38,su', CMCD-Object: 'br=14923,ot=v,tb=14922.982', CMCD-Session: 'cid="1111-111111-111111-11111",sf=h,sid="6e2fb550-c457-11e9-bb97-0800200c9a66",st=v'}
index.js:52632 {CMCD-Request: 'bl=39811.935000000005,dl=39811.935000000005,mtp=214.26,su', CMCD-Object: 'ot=a', CMCD-Session: 'cid="1111-111111-111111-11111",sf=h,sid="6e2fb550-c457-11e9-bb97-0800200c9a66",st=v'}
index.js:52632 {CMCD-Request: 'bl=39542.24599999998,dl=39542.24599999998,mtp=5683.31,su', CMCD-Object: 'br=14923,ot=v,tb=14922.982', CMCD-Session: 'cid="1111-111111-111111-11111",sf=h,sid="6e2fb550-c457-11e9-bb97-0800200c9a66",st=v'}
index.js:52632 {CMCD-Request: 'bl=39781.80599999996,dl=39781.80599999996,mtp=177.57,su', CMCD-Object: 'ot=a', CMCD-Session: 'cid="1111-111111-111111-11111",sf=h,sid="6e2fb550-c457-11e9-bb97-0800200c9a66",st=v'}
index.js:52632 {CMCD-Request: 'bl=39238.35999999997,dl=39238.35999999997,mtp=7803.57,su', CMCD-Object: 'br=14923,ot=v,tb=14922.982', CMCD-Session: 'cid="1111-111111-111111-11111",sf=h,sid="6e2fb550-c457-11e9-bb97-0800200c9a66",st=v'}
index.js:52632 {CMCD-Request: 'bl=39879.537000000026,dl=39879.537000000026,mtp=103.94,su', CMCD-Object: 'ot=a', CMCD-Session: 'cid="1111-111111-111111-11111",sf=h,sid="6e2fb550-c457-11e9-bb97-0800200c9a66",st=v'}
index.js:52632 {CMCD-Request: 'bl=39674.161,dl=39674.161,mtp=6209.58,su', CMCD-Object: 'br=14923,ot=v,tb=14922.982', CMCD-Session: 'cid="1111-111111-111111-11111",sf=h,sid="6e2fb550-c457-11e9-bb97-0800200c9a66",st=v'}
index.js:52632 {CMCD-Request: 'bl=39879.08900000002,dl=39879.08900000002,mtp=223.52,su', CMCD-Object: 'ot=a', CMCD-Session: 'cid="1111-111111-111111-11111",sf=h,sid="6e2fb550-c457-11e9-bb97-0800200c9a66",st=v'}
index.js:52632 {CMCD-Request: 'bl=39255.773999999976,dl=39255.773999999976,mtp=5528.38,su', CMCD-Object: 'br=14923,ot=v,tb=14922.982', CMCD-Session: 'cid="1111-111111-111111-11111",sf=h,sid="6e2fb550-c457-11e9-bb97-0800200c9a66",st=v'}
index.js:52632 {CMCD-Request: 'bl=39912.00600000002,dl=39912.00600000002,mtp=89.99,su', CMCD-Object: 'ot=a', CMCD-Session: 'cid="1111-111111-111111-11111",sf=h,sid="6e2fb550-c457-11e9-bb97-0800200c9a66",st=v'}
index.js:52632 {CMCD-Request: 'bl=39409.16999999999,dl=39409.16999999999,mtp=11718.09,su', CMCD-Object: 'br=14923,ot=v,tb=14922.982', CMCD-Session: 'cid="1111-111111-111111-11111",sf=h,sid="6e2fb550-c457-11e9-bb97-0800200c9a66",st=v'}
index.js:52632 {CMCD-Request: 'bl=39908.53799999999,dl=39908.53799999999,mtp=108.12,su', CMCD-Object: 'ot=a', CMCD-Session: 'cid="1111-111111-111111-11111",sf=h,sid="6e2fb550-c457-11e9-bb97-0800200c9a66",st=v'}
index.js:52632 {CMCD-Request: 'bl=39369.958,dl=39369.958,mtp=13177.12,su', CMCD-Object: 'br=14923,ot=v,tb=14922.982', CMCD-Session: 'cid="1111-111111-111111-11111",sf=h,sid="6e2fb550-c457-11e9-bb97-0800200c9a66",st=v'}
index.js:52632 {CMCD-Request: 'bl=39904.26399999998,dl=39904.26399999998,mtp=104.3,su', CMCD-Object: 'ot=a', CMCD-Session: 'cid="1111-111111-111111-11111",sf=h,sid="6e2fb550-c457-11e9-bb97-0800200c9a66",st=v'}
index.js:52632 {CMCD-Request: 'bl=39370.95299999999,dl=39370.95299999999,mtp=6984.68,su', CMCD-Object: 'br=14923,ot=v,tb=14922.982', CMCD-Session: 'cid="1111-111111-111111-11111",sf=h,sid="6e2fb550-c457-11e9-bb97-0800200c9a66",st=v'}
index.js:52632 {CMCD-Request: 'bl=39792.13099999999,dl=39792.13099999999,mtp=104.31,su', CMCD-Object: 'ot=a', CMCD-Session: 'cid="1111-111111-111111-11111",sf=h,sid="6e2fb550-c457-11e9-bb97-0800200c9a66",st=v'}
index.js:52632 {CMCD-Request: 'bl=39179.41099999996,dl=39179.41099999996,mtp=4558.24,su', CMCD-Object: 'br=14923,ot=v,tb=14922.982', CMCD-Session: 'cid="1111-111111-111111-11111",sf=h,sid="6e2fb550-c457-11e9-bb97-0800200c9a66",st=v'}
index.js:52632 {CMCD-Request: 'bl=39774.54499999999,dl=39774.54499999999,mtp=91.07,su', CMCD-Object: 'ot=a', CMCD-Session: 'cid="1111-111111-111111-11111",sf=h,sid="6e2fb550-c457-11e9-bb97-0800200c9a66",st=v'}
index.js:52632 {CMCD-Request: 'bl=39184.447999999975,dl=39184.447999999975,mtp=14204.69,su', CMCD-Object: 'br=14923,ot=v,tb=14922.982', CMCD-Session: 'cid="1111-111111-111111-11111",sf=h,sid="6e2fb550-c457-11e9-bb97-0800200c9a66",st=v'}
index.js:52632 {CMCD-Request: 'bl=39833.78500000003,dl=39833.78500000003,mtp=93.94,su', CMCD-Object: 'ot=a', CMCD-Session: 'cid="1111-111111-111111-11111",sf=h,sid="6e2fb550-c457-11e9-bb97-0800200c9a66",st=v'}
index.js:52632 {CMCD-Request: 'bl=39598.847999999976,dl=39598.847999999976,mtp=6411.57,su', CMCD-Object: 'br=14923,ot=v,tb=14922.982', CMCD-Session: 'cid="1111-111111-111111-11111",sf=h,sid="6e2fb550-c457-11e9-bb97-0800200c9a66",st=v'}
index.js:52632 {CMCD-Request: 'bl=39922.10500000005,dl=39922.10500000005,mtp=206.07,su', CMCD-Object: 'ot=a', CMCD-Session: 'cid="1111-111111-111111-11111",sf=h,sid="6e2fb550-c457-11e9-bb97-0800200c9a66",st=v'}
index.js:52632 {CMCD-Request: 'bl=39764.30399999998,dl=39764.30399999998,mtp=13319.27,su', CMCD-Object: 'br=14923,ot=v,tb=14922.982', CMCD-Session: 'cid="1111-111111-111111-11111",sf=h,sid="6e2fb550-c457-11e9-bb97-0800200c9a66",st=v'}
index.js:52632 {CMCD-Request: 'bl=39834.39600000003,dl=39834.39600000003,mtp=263.05,su', CMCD-Object: 'ot=a', CMCD-Session: 'cid="1111-111111-111111-11111",sf=h,sid="6e2fb550-c457-11e9-bb97-0800200c9a66",st=v'}
index.js:52632 {CMCD-Request: 'bl=39613.969,dl=39613.969,mtp=17408.17,su', CMCD-Object: 'br=14923,ot=v,tb=14922.982', CMCD-Session: 'cid="1111-111111-111111-11111",sf=h,sid="6e2fb550-c457-11e9-bb97-0800200c9a66",st=v'}
index.js:52632 {CMCD-Request: 'bl=39878.710000000014,dl=39878.710000000014,mtp=208.1,su', CMCD-Object: 'ot=a', CMCD-Session: 'cid="1111-111111-111111-11111",sf=h,sid="6e2fb550-c457-11e9-bb97-0800200c9a66",st=v'}
index.js:52632 {CMCD-Request: 'bl=39309.67799999996,dl=39309.67799999996,mtp=7817.47,su', CMCD-Object: 'br=14923,ot=v,tb=14922.982', CMCD-Session: 'cid="1111-111111-111111-11111",sf=h,sid="6e2fb550-c457-11e9-bb97-0800200c9a66",st=v'}
index.js:52632 {CMCD-Request: 'bl=39878.04399999999,dl=39878.04399999999,mtp=97.07,su', CMCD-Object: 'ot=a', CMCD-Session: 'cid="1111-111111-111111-11111",sf=h,sid="6e2fb550-c457-11e9-bb97-0800200c9a66",st=v'}
index.js:52632 {CMCD-Request: 'bl=39314.82799999998,dl=39314.82799999998,mtp=6957.93,su', CMCD-Object: 'br=14923,ot=v,tb=14922.982', CMCD-Session: 'cid="1111-111111-111111-11111",sf=h,sid="6e2fb550-c457-11e9-bb97-0800200c9a66",st=v'}
index.js:52632 {CMCD-Request: 'bl=39834.204,dl=39834.204,mtp=100.01,su', CMCD-Object: 'ot=a', CMCD-Session: 'cid="1111-111111-111111-11111",sf=h,sid="6e2fb550-c457-11e9-bb97-0800200c9a66",st=v'}
index.js:52632 {CMCD-Request: 'bl=39660.820999999996,dl=39660.820999999996,mtp=18581.39,su', CMCD-Object: 'br=14923,ot=v,tb=14922.982', CMCD-Session: 'cid="1111-111111-111111-11111",sf=h,sid="6e2fb550-c457-11e9-bb97-0800200c9a66",st=v'}
index.js:52632 {CMCD-Request: 'bl=39757.12199999998,dl=39757.12199999998,mtp=249.91,su', CMCD-Object: 'ot=a', CMCD-Session: 'cid="1111-111111-111111-11111",sf=h,sid="6e2fb550-c457-11e9-bb97-0800200c9a66",st=v'}
index.js:52632 {CMCD-Request: 'bl=39564.212,dl=39564.212,mtp=14920.86,su', CMCD-Object: 'br=14923,ot=v,tb=14922.982', CMCD-Session: 'cid="1111-111111-111111-11111",sf=h,sid="6e2fb550-c457-11e9-bb97-0800200c9a66",st=v'}
index.js:52632 {CMCD-Request: 'bl=39757.293000000005,dl=39757.293000000005,mtp=227.15,su', CMCD-Object: 'ot=a', CMCD-Session: 'cid="1111-111111-111111-11111",sf=h,sid="6e2fb550-c457-11e9-bb97-0800200c9a66",st=v'}
index.js:52632 {CMCD-Request: 'bl=39132.742000000006,dl=39132.742000000006,mtp=13328.95,su', CMCD-Object: 'br=14923,ot=v,tb=14922.982', CMCD-Session: 'cid="1111-111111-111111-11111",sf=h,sid="6e2fb550-c457-11e9-bb97-0800200c9a66",st=v'}
index.js:52632 {CMCD-Request: 'bl=39911.42000000002,dl=39911.42000000002,mtp=91.9,su', CMCD-Object: 'ot=a', CMCD-Session: 'cid="1111-111111-111111-11111",sf=h,sid="6e2fb550-c457-11e9-bb97-0800200c9a66",st=v'}
index.js:52632 {CMCD-Request: 'bl=39341.973,dl=39341.973,mtp=11732.7,su', CMCD-Object: 'br=14923,ot=v,tb=14922.982', CMCD-Session: 'cid="1111-111111-111111-11111",sf=h,sid="6e2fb550-c457-11e9-bb97-0800200c9a66",st=v'}
index.js:52632 {CMCD-Request: 'bl=39816.65200000003,dl=39816.65200000003,mtp=98.46,su', CMCD-Object: 'ot=a', CMCD-Session: 'cid="1111-111111-111111-11111",sf=h,sid="6e2fb550-c457-11e9-bb97-0800200c9a66",st=v'}
index.js:52632 {CMCD-Request: 'bl=39592.57500000001,dl=39592.57500000001,mtp=5105.68,su', CMCD-Object: 'br=14923,ot=v,tb=14922.982', CMCD-Session: 'cid="1111-111111-111111-11111",sf=h,sid="6e2fb550-c457-11e9-bb97-0800200c9a66",st=v'}
index.js:52632 {CMCD-Request: 'bl=39779.39400000002,dl=39779.39400000002,mtp=207.77,su', CMCD-Object: 'ot=a', CMCD-Session: 'cid="1111-111111-111111-11111",sf=h,sid="6e2fb550-c457-11e9-bb97-0800200c9a66",st=v'}
index.js:52632 {CMCD-Request: 'bl=39278.15799999996,dl=39278.15799999996,mtp=5536.03,su', CMCD-Object: 'br=14923,ot=v,tb=14922.982', CMCD-Session: 'cid="1111-111111-111111-11111",sf=h,sid="6e2fb550-c457-11e9-bb97-0800200c9a66",st=v'}
index.js:52632 {CMCD-Request: 'bl=39860.187,dl=39860.187,mtp=108.29,su', CMCD-Object: 'ot=a', CMCD-Session: 'cid="1111-111111-111111-11111",sf=h,sid="6e2fb550-c457-11e9-bb97-0800200c9a66",st=v'}
index.js:52632 {CMCD-Request: 'bl=39256.956000000006,dl=39256.956000000006,mtp=6018.92,su', CMCD-Object: 'br=14923,ot=v,tb=14922.982', CMCD-Session: 'cid="1111-111111-111111-11111",sf=h,sid="6e2fb550-c457-11e9-bb97-0800200c9a66",st=v'}
index.js:52632 {CMCD-Request: 'bl=39845.24599999998,dl=39845.24599999998,mtp=94.05,su', CMCD-Object: 'ot=a', CMCD-Session: 'cid="1111-111111-111111-11111",sf=h,sid="6e2fb550-c457-11e9-bb97-0800200c9a66",st=v'}
index.js:52632 {CMCD-Request: 'bl=39646.56199999996,dl=39646.56199999996,mtp=12144.17,su', CMCD-Object: 'br=14923,ot=v,tb=14922.982', CMCD-Session: 'cid="1111-111111-111111-11111",sf=h,sid="6e2fb550-c457-11e9-bb97-0800200c9a66",st=v'}
index.js:52632 {CMCD-Request: 'bl=39892.24000000001,dl=39892.24000000001,mtp=224.31,su', CMCD-Object: 'ot=a', CMCD-Session: 'cid="1111-111111-111111-11111",sf=h,sid="6e2fb550-c457-11e9-bb97-0800200c9a66",st=v'}
index.js:52632 {CMCD-Request: 'bl=39386.23799999999,dl=39386.23799999999,mtp=9319.23,su', CMCD-Object: 'br=14923,ot=v,tb=14922.982', CMCD-Session: 'cid="1111-111111-111111-11111",sf=h,sid="6e2fb550-c457-11e9-bb97-0800200c9a66",st=v'}
index.js:52632 {CMCD-Request: 'bl=39954.53399999997,dl=39954.53399999997,mtp=107.97,su', CMCD-Object: 'ot=a', CMCD-Session: 'cid="1111-111111-111111-11111",sf=h,sid="6e2fb550-c457-11e9-bb97-0800200c9a66",st=v'}
index.js:52632 {CMCD-Request: 'bl=39381.295999999966,dl=39381.295999999966,mtp=10963.09,su', CMCD-Object: 'br=14923,ot=v,tb=14922.982', CMCD-Session: 'cid="1111-111111-111111-11111",sf=h,sid="6e2fb550-c457-11e9-bb97-0800200c9a66",st=v'}
index.js:52632 {CMCD-Request: 'bl=39922.90900000001,dl=39922.90900000001,mtp=95.88,su', CMCD-Object: 'ot=a', CMCD-Session: 'cid="1111-111111-111111-11111",sf=h,sid="6e2fb550-c457-11e9-bb97-0800200c9a66",st=v'}
index.js:52632 {CMCD-Request: 'bl=39272.01199999996,dl=39272.01199999996,mtp=4998.23,su', CMCD-Object: 'br=14923,ot=v,tb=14922.982', CMCD-Session: 'cid="1111-111111-111111-11111",sf=h,sid="6e2fb550-c457-11e9-bb97-0800200c9a66",st=v'}
index.js:52632 {CMCD-Request: 'bl=39827.14800000002,dl=39827.14800000002,mtp=87.72,su', CMCD-Object: 'ot=a', CMCD-Session: 'cid="1111-111111-111111-11111",sf=h,sid="6e2fb550-c457-11e9-bb97-0800200c9a66",st=v'}
index.js:52632 {CMCD-Request: 'bl=39188.985,dl=39188.985,mtp=4105.25,su', CMCD-Object: 'br=14923,ot=v,tb=14922.982', CMCD-Session: 'cid="1111-111111-111111-11111",sf=h,sid="6e2fb550-c457-11e9-bb97-0800200c9a66",st=v'}
index.js:52632 {CMCD-Request: 'bl=39967.84400000001,dl=39967.84400000001,mtp=88.65,su', CMCD-Object: 'ot=a', CMCD-Session: 'cid="1111-111111-111111-11111",sf=h,sid="6e2fb550-c457-11e9-bb97-0800200c9a66",st=v'}
index.js:52632 {CMCD-Request: 'bl=39705.08699999999,dl=39705.08699999999,mtp=5275.89,su', CMCD-Object: 'br=14923,ot=v,tb=14922.982', CMCD-Session: 'cid="1111-111111-111111-11111",sf=h,sid="6e2fb550-c457-11e9-bb97-0800200c9a66",st=v'}
index.js:52632 {CMCD-Request: 'bl=39751.81900000001,dl=39751.81900000001,mtp=180.27,su', CMCD-Object: 'ot=a', CMCD-Session: 'cid="1111-111111-111111-11111",sf=h,sid="6e2fb550-c457-11e9-bb97-0800200c9a66",st=v'}
index.js:52632 {CMCD-Request: 'bl=39202.01299999996,dl=39202.01299999996,mtp=5552.8,su', CMCD-Object: 'br=14923,ot=v,tb=14922.982', CMCD-Session: 'cid="1111-111111-111111-11111",sf=h,sid="6e2fb550-c457-11e9-bb97-0800200c9a66",st=v'}
index.js:52632 {CMCD-Request: 'bl=39962.665000000015,dl=39962.665000000015,mtp=99.29,su', CMCD-Object: 'ot=a', CMCD-Session: 'cid="1111-111111-111111-11111",sf=h,sid="6e2fb550-c457-11e9-bb97-0800200c9a66",st=v'}
index.js:52632 {CMCD-Request: 'bl=39415.52200000001,dl=39415.52200000001,mtp=11124.44,su', CMCD-Object: 'br=14923,ot=v,tb=14922.982', CMCD-Session: 'cid="1111-111111-111111-11111",sf=h,sid="6e2fb550-c457-11e9-bb97-0800200c9a66",st=v'}
index.js:52632 {CMCD-Request: 'bl=39927.67699999996,dl=39927.67699999996,mtp=101.55,su', CMCD-Object: 'ot=a', CMCD-Session: 'cid="1111-111111-111111-11111",sf=h,sid="6e2fb550-c457-11e9-bb97-0800200c9a66",st=v'}
index.js:52632 {CMCD-Request: 'bl=39416.98399999995,dl=39416.98399999995,mtp=10800.14,su', CMCD-Object: 'br=14923,ot=v,tb=14922.982', CMCD-Session: 'cid="1111-111111-111111-11111",sf=h,sid="6e2fb550-c457-11e9-bb97-0800200c9a66",st=v'}
index.js:52632 {CMCD-Request: 'bl=39806.85999999997,dl=39806.85999999997,mtp=106.93,su', CMCD-Object: 'ot=a', CMCD-Session: 'cid="1111-111111-111111-11111",sf=h,sid="6e2fb550-c457-11e9-bb97-0800200c9a66",st=v'}
index.js:52632 {CMCD-Request: 'bl=39528.51799999996,dl=39528.51799999996,mtp=5583.87,su', CMCD-Object: 'br=14923,ot=v,tb=14922.982', CMCD-Session: 'cid="1111-111111-111111-11111",sf=h,sid="6e2fb550-c457-11e9-bb97-0800200c9a66",st=v'}
index.js:52632 {CMCD-Request: 'bl=39961.39600000004,dl=39961.39600000004,mtp=174.83,su', CMCD-Object: 'ot=a', CMCD-Session: 'cid="1111-111111-111111-11111",sf=h,sid="6e2fb550-c457-11e9-bb97-0800200c9a66",st=v'}
index.js:52632 {CMCD-Request: 'bl=39757.822999999975,dl=39757.822999999975,mtp=6260.83,su', CMCD-Object: 'br=14923,ot=v,tb=14922.982', CMCD-Session: 'cid="1111-111111-111111-11111",sf=h,sid="6e2fb550-c457-11e9-bb97-0800200c9a66",st=v'}
index.js:52632 {CMCD-Request: 'bl=39775.036,dl=39775.036,mtp=230.82,su', CMCD-Object: 'ot=a', CMCD-Session: 'cid="1111-111111-111111-11111",sf=h,sid="6e2fb550-c457-11e9-bb97-0800200c9a66",st=v'}
index.js:52632 {CMCD-Request: 'bl=39529.32899999996,dl=39529.32899999996,mtp=5207.15,su', CMCD-Object: 'br=14923,ot=v,tb=14922.982', CMCD-Session: 'cid="1111-111111-111111-11111",sf=h,sid="6e2fb550-c457-11e9-bb97-0800200c9a66",st=v'}
index.js:52632 {CMCD-Request: 'bl=39845.223000000035,dl=39845.223000000035,mtp=197.36,su', CMCD-Object: 'ot=a', CMCD-Session: 'cid="1111-111111-111111-11111",sf=h,sid="6e2fb550-c457-11e9-bb97-0800200c9a66",st=v'}
index.js:52632 {CMCD-Request: 'bl=39243.687999999966,dl=39243.687999999966,mtp=5136.19,su', CMCD-Object: 'br=14923,ot=v,tb=14922.982', CMCD-Session: 'cid="1111-111111-111111-11111",sf=h,sid="6e2fb550-c457-11e9-bb97-0800200c9a66",st=v'}
index.js:52632 {CMCD-Request: 'bl=39770.32200000002,dl=39770.32200000002,mtp=92.88,su', CMCD-Object: 'ot=a', CMCD-Session: 'cid="1111-111111-111111-11111",sf=h,sid="6e2fb550-c457-11e9-bb97-0800200c9a66",st=v'}
index.js:52632 {CMCD-Request: 'bl=39246.542999999976,dl=39246.542999999976,mtp=9755.53,su', CMCD-Object: 'br=14923,ot=v,tb=14922.982', CMCD-Session: 'cid="1111-111111-111111-11111",sf=h,sid="6e2fb550-c457-11e9-bb97-0800200c9a66",st=v'}
index.js:52632 {CMCD-Request: 'bl=39831.45999999999,dl=39831.45999999999,mtp=103.98,su', CMCD-Object: 'ot=a', CMCD-Session: 'cid="1111-111111-111111-11111",sf=h,sid="6e2fb550-c457-11e9-bb97-0800200c9a66",st=v'}
index.js:52632 {CMCD-Request: 'bl=39643.74899999996,dl=39643.74899999996,mtp=4197.9,su', CMCD-Object: 'br=14923,ot=v,tb=14922.982', CMCD-Session: 'cid="1111-111111-111111-11111",sf=h,sid="6e2fb550-c457-11e9-bb97-0800200c9a66",st=v'}
index.js:52632 {CMCD-Request: 'bl=39927.80499999998,dl=39927.80499999998,mtp=245.28,su', CMCD-Object: 'ot=a', CMCD-Session: 'cid="1111-111111-111111-11111",sf=h,sid="6e2fb550-c457-11e9-bb97-0800200c9a66",st=v'}
index.js:52632 {CMCD-Request: 'bl=39359.48500000001,dl=39359.48500000001,mtp=10765.71,su', CMCD-Object: 'br=14923,ot=v,tb=14922.982', CMCD-Session: 'cid="1111-111111-111111-11111",sf=h,sid="6e2fb550-c457-11e9-bb97-0800200c9a66",st=v'}
index.js:52632 {CMCD-Request: 'bl=39767.841999999975,dl=39767.841999999975,mtp=98.47,su', CMCD-Object: 'ot=a', CMCD-Session: 'cid="1111-111111-111111-11111",sf=h,sid="6e2fb550-c457-11e9-bb97-0800200c9a66",st=v'}
index.js:52632 {CMCD-Request: 'bl=39571.13399999997,dl=39571.13399999997,mtp=3204.91,su', CMCD-Object: 'br=14923,ot=v,tb=14922.982', CMCD-Session: 'cid="1111-111111-111111-11111",sf=h,sid="6e2fb550-c457-11e9-bb97-0800200c9a66",st=v'}
index.js:52632 {CMCD-Request: 'bl=39747.00999999999,dl=39747.00999999999,mtp=225.87,su', CMCD-Object: 'ot=a', CMCD-Session: 'cid="1111-111111-111111-11111",sf=h,sid="6e2fb550-c457-11e9-bb97-0800200c9a66",st=v'}
index.js:52632 {CMCD-Request: 'bl=39102.08599999999,dl=39102.08599999999,mtp=15320.82,su', CMCD-Object: 'br=14923,ot=v,tb=14922.982', CMCD-Session: 'cid="1111-111111-111111-11111",sf=h,sid="6e2fb550-c457-11e9-bb97-0800200c9a66",st=v'}
index.js:52632 {CMCD-Request: 'bl=39796.878999999986,dl=39796.878999999986,mtp=86.71,su', CMCD-Object: 'ot=a', CMCD-Session: 'cid="1111-111111-111111-11111",sf=h,sid="6e2fb550-c457-11e9-bb97-0800200c9a66",st=v'}
index.js:52632 {CMCD-Request: 'bl=39268.348000000005,dl=39268.348000000005,mtp=5422.87,su', CMCD-Object: 'br=14923,ot=v,tb=14922.982', CMCD-Session: 'cid="1111-111111-111111-11111",sf=h,sid="6e2fb550-c457-11e9-bb97-0800200c9a66",st=v'}
index.js:52632 {CMCD-Request: 'bl=39958.943000000036,dl=39958.943000000036,mtp=105.87,su', CMCD-Object: 'ot=a', CMCD-Session: 'cid="1111-111111-111111-11111",sf=h,sid="6e2fb550-c457-11e9-bb97-0800200c9a66",st=v'}
index.js:52632 {CMCD-Request: 'bl=39421.142999999975,dl=39421.142999999975,mtp=5069.72,su', CMCD-Object: 'br=14923,ot=v,tb=14922.982', CMCD-Session: 'cid="1111-111111-111111-11111",sf=h,sid="6e2fb550-c457-11e9-bb97-0800200c9a66",st=v'}
index.js:52632 {CMCD-Request: 'bl=39862.37900000003,dl=39862.37900000003,mtp=103.17,su', CMCD-Object: 'ot=a', CMCD-Session: 'cid="1111-111111-111111-11111",sf=h,sid="6e2fb550-c457-11e9-bb97-0800200c9a66",st=v'}
index.js:52632 {CMCD-Request: 'bl=39290.41799999999,dl=39290.41799999999,mtp=5236.13,su', CMCD-Object: 'br=14923,ot=v,tb=14922.982', CMCD-Session: 'cid="1111-111111-111111-11111",sf=h,sid="6e2fb550-c457-11e9-bb97-0800200c9a66",st=v'}
index.js:52632 {CMCD-Request: 'bl=39922.058999999994,dl=39922.058999999994,mtp=96.68,su', CMCD-Object: 'ot=a', CMCD-Session: 'cid="1111-111111-111111-11111",sf=h,sid="6e2fb550-c457-11e9-bb97-0800200c9a66",st=v'}
index.js:52632 {CMCD-Request: 'bl=39502.939999999966,dl=39502.939999999966,mtp=7600.37,su', CMCD-Object: 'br=14923,ot=v,tb=14922.982', CMCD-Session: 'cid="1111-111111-111111-11111",sf=h,sid="6e2fb550-c457-11e9-bb97-0800200c9a66",st=v'}
index.js:52632 {CMCD-Request: 'bl=39922.976,dl=39922.976,mtp=125.11,su', CMCD-Object: 'ot=a', CMCD-Session: 'cid="1111-111111-111111-11111",sf=h,sid="6e2fb550-c457-11e9-bb97-0800200c9a66",st=v'}
index.js:52632 {CMCD-Request: 'bl=39303.319999999985,dl=39303.319999999985,mtp=12746.15,su', CMCD-Object: 'br=14923,ot=v,tb=14922.982', CMCD-Session: 'cid="1111-111111-111111-11111",sf=h,sid="6e2fb550-c457-11e9-bb97-0800200c9a66",st=v'}
index.js:52632 {CMCD-Request: 'bl=39785.095999999954,dl=39785.095999999954,mtp=91.79,su', CMCD-Object: 'ot=a', CMCD-Session: 'cid="1111-111111-111111-11111",sf=h,sid="6e2fb550-c457-11e9-bb97-0800200c9a66",st=v'}
index.js:52632 {CMCD-Request: 'bl=39155.866,dl=39155.866,mtp=7165.95,su', CMCD-Object: 'br=14923,ot=v,tb=14922.982', CMCD-Session: 'cid="1111-111111-111111-11111",sf=h,sid="6e2fb550-c457-11e9-bb97-0800200c9a66",st=v'}
index.js:52632 {CMCD-Request: 'bl=39815.12799999996,dl=39815.12799999996,mtp=89.37,su', CMCD-Object: 'ot=a', CMCD-Session: 'cid="1111-111111-111111-11111",sf=h,sid="6e2fb550-c457-11e9-bb97-0800200c9a66",st=v'}
index.js:52632 {CMCD-Request: 'bl=39623.33999999998,dl=39623.33999999998,mtp=5464.09,su', CMCD-Object: 'br=14923,ot=v,tb=14922.982', CMCD-Session: 'cid="1111-111111-111111-11111",sf=h,sid="6e2fb550-c457-11e9-bb97-0800200c9a66",st=v'}
index.js:52632 {CMCD-Request: 'bl=39912.27900000001,dl=39912.27900000001,mtp=230.11,su', CMCD-Object: 'ot=a', CMCD-Session: 'cid="1111-111111-111111-11111",sf=h,sid="6e2fb550-c457-11e9-bb97-0800200c9a66",st=v'}
index.js:52632 {CMCD-Request: 'bl=39216.317,dl=39216.317,mtp=9764.98,su', CMCD-Object: 'br=14923,ot=v,tb=14922.982', CMCD-Session: 'cid="1111-111111-111111-11111",sf=h,sid="6e2fb550-c457-11e9-bb97-0800200c9a66",st=v'}
index.js:52632 {CMCD-Request: 'bl=39777.93200000002,dl=39777.93200000002,mtp=83.32,su', CMCD-Object: 'ot=a', CMCD-Session: 'cid="1111-111111-111111-11111",sf=h,sid="6e2fb550-c457-11e9-bb97-0800200c9a66",st=v'}
index.js:52632 {CMCD-Request: 'bl=39532.513999999996,dl=39532.513999999996,mtp=10251.7,su', CMCD-Object: 'br=14923,ot=v,tb=14922.982', CMCD-Session: 'cid="1111-111111-111111-11111",sf=h,sid="6e2fb550-c457-11e9-bb97-0800200c9a66",st=v'}
index.js:52632 {CMCD-Request: 'bl=39864.048000000024,dl=39864.048000000024,mtp=195.61,su', CMCD-Object: 'ot=a', CMCD-Session: 'cid="1111-111111-111111-11111",sf=h,sid="6e2fb550-c457-11e9-bb97-0800200c9a66",st=v'}
index.js:52632 {CMCD-Request: 'bl=39333.57000000001,dl=39333.57000000001,mtp=4735,su', CMCD-Object: 'br=14923,ot=v,tb=14922.982', CMCD-Session: 'cid="1111-111111-111111-11111",sf=h,sid="6e2fb550-c457-11e9-bb97-0800200c9a66",st=v'}
index.js:52632 {CMCD-Request: 'bl=39908.93399999999,dl=39908.93399999999,mtp=103.67,su', CMCD-Object: 'ot=a', CMCD-Session: 'cid="1111-111111-111111-11111",sf=h,sid="6e2fb550-c457-11e9-bb97-0800200c9a66",st=v'}
index.js:52632 {CMCD-Request: 'bl=39643.642,dl=39643.642,mtp=4566.06,su', CMCD-Object: 'br=14923,ot=v,tb=14922.982', CMCD-Session: 'cid="1111-111111-111111-11111",sf=h,sid="6e2fb550-c457-11e9-bb97-0800200c9a66",st=v'}
index.js:52632 {CMCD-Request: 'bl=39926.249999999985,dl=39926.249999999985,mtp=180.6,su', CMCD-Object: 'ot=a', CMCD-Session: 'cid="1111-111111-111111-11111",sf=h,sid="6e2fb550-c457-11e9-bb97-0800200c9a66",st=v'}
index.js:52632 {CMCD-Request: 'bl=39344.83499999999,dl=39344.83499999999,mtp=14866.83,su', CMCD-Object: 'br=14923,ot=v,tb=14922.982', CMCD-Session: 'cid="1111-111111-111111-11111",sf=h,sid="6e2fb550-c457-11e9-bb97-0800200c9a66",st=v'}
index.js:52632 {CMCD-Request: 'bl=39776.370999999985,dl=39776.370999999985,mtp=97.27,su', CMCD-Object: 'ot=a', CMCD-Session: 'cid="1111-111111-111111-11111",sf=h,sid="6e2fb550-c457-11e9-bb97-0800200c9a66",st=v'}
index.js:52632 {CMCD-Request: 'bl=39272.134999999995,dl=39272.134999999995,mtp=7716.85,su', CMCD-Object: 'br=14923,ot=v,tb=14922.982', CMCD-Session: 'cid="1111-111111-111111-11111",sf=h,sid="6e2fb550-c457-11e9-bb97-0800200c9a66",st=v'}
index.js:52632 {CMCD-Request: 'bl=39805.205,dl=39805.205,mtp=109.66,su', CMCD-Object: 'ot=a', CMCD-Session: 'cid="1111-111111-111111-11111",sf=h,sid="6e2fb550-c457-11e9-bb97-0800200c9a66",st=v'}
index.js:52632 {CMCD-Request: 'bl=39564.60999999996,dl=39564.60999999996,mtp=18578.06,su', CMCD-Object: 'br=14923,ot=v,tb=14922.982', CMCD-Session: 'cid="1111-111111-111111-11111",sf=h,sid="6e2fb550-c457-11e9-bb97-0800200c9a66",st=v'}
index.js:52632 {CMCD-Request: 'bl=39908.995,dl=39908.995,mtp=195.87,su', CMCD-Object: 'ot=a', CMCD-Session: 'cid="1111-111111-111111-11111",sf=h,sid="6e2fb550-c457-11e9-bb97-0800200c9a66",st=v'}
index.js:52632 {CMCD-Request: 'bl=39350.143000000004,dl=39350.143000000004,mtp=9814.39,su', CMCD-Object: 'br=14923,ot=v,tb=14922.982', CMCD-Session: 'cid="1111-111111-111111-11111",sf=h,sid="6e2fb550-c457-11e9-bb97-0800200c9a66",st=v'}
index.js:52632 {CMCD-Request: 'bl=39771.25999999998,dl=39771.25999999998,mtp=98.65,su', CMCD-Object: 'ot=a', CMCD-Session: 'cid="1111-111111-111111-11111",sf=h,sid="6e2fb550-c457-11e9-bb97-0800200c9a66",st=v'}
index.js:52632 {CMCD-Request: 'bl=39251.15299999999,dl=39251.15299999999,mtp=14265.22,su', CMCD-Object: 'br=14923,ot=v,tb=14922.982', CMCD-Session: 'cid="1111-111111-111111-11111",sf=h,sid="6e2fb550-c457-11e9-bb97-0800200c9a66",st=v'}
index.js:52632 {CMCD-Request: 'bl=39796.70600000003,dl=39796.70600000003,mtp=106.92,su', CMCD-Object: 'ot=a', CMCD-Session: 'cid="1111-111111-111111-11111",sf=h,sid="6e2fb550-c457-11e9-bb97-0800200c9a66",st=v'}
index.js:52632 {CMCD-Request: 'bl=39589.00699999998,dl=39589.00699999998,mtp=5511.53,su', CMCD-Object: 'br=14923,ot=v,tb=14922.982', CMCD-Session: 'cid="1111-111111-111111-11111",sf=h,sid="6e2fb550-c457-11e9-bb97-0800200c9a66",st=v'}
index.js:52632 {CMCD-Request: 'bl=39823.759999999995,dl=39823.759999999995,mtp=222.7,su', CMCD-Object: 'ot=a', CMCD-Session: 'cid="1111-111111-111111-11111",sf=h,sid="6e2fb550-c457-11e9-bb97-0800200c9a66",st=v'}
index.js:52632 {CMCD-Request: 'bl=39176.99599999998,dl=39176.99599999998,mtp=12434.19,su', CMCD-Object: 'br=14923,ot=v,tb=14922.982', CMCD-Session: 'cid="1111-111111-111111-11111",sf=h,sid="6e2fb550-c457-11e9-bb97-0800200c9a66",st=v'}
index.js:52632 {CMCD-Request: 'bl=39921.709000000024,dl=39921.709000000024,mtp=86.84,su', CMCD-Object: 'ot=a', CMCD-Session: 'cid="1111-111111-111111-11111",sf=h,sid="6e2fb550-c457-11e9-bb97-0800200c9a66",st=v'}
index.js:52632 {CMCD-Request: 'bl=39390.36699999997,dl=39390.36699999997,mtp=13671.25,su', CMCD-Object: 'br=14923,ot=v,tb=14922.982', CMCD-Session: 'cid="1111-111111-111111-11111",sf=h,sid="6e2fb550-c457-11e9-bb97-0800200c9a66",st=v'}
index.js:52632 {CMCD-Request: 'bl=39898.29999999995,dl=39898.29999999995,mtp=102.82,su', CMCD-Object: 'ot=a', CMCD-Session: 'cid="1111-111111-111111-11111",sf=h,sid="6e2fb550-c457-11e9-bb97-0800200c9a66",st=v'}
index.js:52632 {CMCD-Request: 'bl=39291.945999999996,dl=39291.945999999996,mtp=13819.63,su', CMCD-Object: 'br=14923,ot=v,tb=14922.982', CMCD-Session: 'cid="1111-111111-111111-11111",sf=h,sid="6e2fb550-c457-11e9-bb97-0800200c9a66",st=v'}
index.js:52632 {CMCD-Request: 'bl=39777.603,dl=39777.603,mtp=93.3,su', CMCD-Object: 'ot=a', CMCD-Session: 'cid="1111-111111-111111-11111",sf=h,sid="6e2fb550-c457-11e9-bb97-0800200c9a66",st=v'}
index.js:52632 {CMCD-Request: 'bl=39504.13699999996,dl=39504.13699999996,mtp=6208.84,su', CMCD-Object: 'br=14923,ot=v,tb=14922.982', CMCD-Session: 'cid="1111-111111-111111-11111",sf=h,sid="6e2fb550-c457-11e9-bb97-0800200c9a66",st=v'}
index.js:52632 {CMCD-Request: 'bl=39828.47200000003,dl=39828.47200000003,mtp=180.7,su', CMCD-Object: 'ot=a', CMCD-Session: 'cid="1111-111111-111111-11111",sf=h,sid="6e2fb550-c457-11e9-bb97-0800200c9a66",st=v'}
index.js:52632 {CMCD-Request: 'bl=39302.71399999998,dl=39302.71399999998,mtp=13237.16,su', CMCD-Object: 'br=14923,ot=v,tb=14922.982', CMCD-Session: 'cid="1111-111111-111111-11111",sf=h,sid="6e2fb550-c457-11e9-bb97-0800200c9a66",st=v'}
index.js:52632 {CMCD-Request: 'bl=39874.61300000001,dl=39874.61300000001,mtp=104.25,su', CMCD-Object: 'ot=a', CMCD-Session: 'cid="1111-111111-111111-11111",sf=h,sid="6e2fb550-c457-11e9-bb97-0800200c9a66",st=v'}
index.js:52632 {CMCD-Request: 'bl=39369.06800000003,dl=39369.06800000003,mtp=5172.8,su', CMCD-Object: 'br=14923,ot=v,tb=14922.982', CMCD-Session: 'cid="1111-111111-111111-11111",sf=h,sid="6e2fb550-c457-11e9-bb97-0800200c9a66",st=v'}
index.js:52632 {CMCD-Request: 'bl=39863.55500000002,dl=39863.55500000002,mtp=110.73,su', CMCD-Object: 'ot=a', CMCD-Session: 'cid="1111-111111-111111-11111",sf=h,sid="6e2fb550-c457-11e9-bb97-0800200c9a66",st=v'}
index.js:52632 {CMCD-Request: 'bl=39616.53300000006,dl=39616.53300000006,mtp=12993.85,su', CMCD-Object: 'br=14923,ot=v,tb=14922.982', CMCD-Session: 'cid="1111-111111-111111-11111",sf=h,sid="6e2fb550-c457-11e9-bb97-0800200c9a66",st=v'}
index.js:52632 {CMCD-Request: 'bl=39854.57000000002,dl=39854.57000000002,mtp=197.57,su', CMCD-Object: 'ot=a', CMCD-Session: 'cid="1111-111111-111111-11111",sf=h,sid="6e2fb550-c457-11e9-bb97-0800200c9a66",st=v'}
index.js:52632 {CMCD-Request: 'bl=39222.36200000003,dl=39222.36200000003,mtp=17282.53,su', CMCD-Object: 'br=14923,ot=v,tb=14922.982', CMCD-Session: 'cid="1111-111111-111111-11111",sf=h,sid="6e2fb550-c457-11e9-bb97-0800200c9a66",st=v'}
index.js:52632 {CMCD-Request: 'bl=39913.19900000002,dl=39913.19900000002,mtp=88.85,su', CMCD-Object: 'ot=a', CMCD-Session: 'cid="1111-111111-111111-11111",sf=h,sid="6e2fb550-c457-11e9-bb97-0800200c9a66",st=v'}
index.js:52632 {CMCD-Request: 'bl=39380.29500000005,dl=39380.29500000005,mtp=16471.04,su', CMCD-Object: 'br=14923,ot=v,tb=14922.982', CMCD-Session: 'cid="1111-111111-111111-11111",sf=h,sid="6e2fb550-c457-11e9-bb97-0800200c9a66",st=v'}
index.js:52632 {CMCD-Request: 'bl=39952.32000000004,dl=39952.32000000004,mtp=102.96,su', CMCD-Object: 'ot=a', CMCD-Session: 'cid="1111-111111-111111-11111",sf=h,sid="6e2fb550-c457-11e9-bb97-0800200c9a66",st=v'}
index.js:52632 {CMCD-Request: 'bl=39642.16900000002,dl=39642.16900000002,mtp=16670.22,su', CMCD-Object: 'br=14923,ot=v,tb=14922.982', CMCD-Session: 'cid="1111-111111-111111-11111",sf=h,sid="6e2fb550-c457-11e9-bb97-0800200c9a66",st=v'}
index.js:52632 {CMCD-Request: 'bl=39777.18600000003,dl=39777.18600000003,mtp=166.45,su', CMCD-Object: 'ot=a', CMCD-Session: 'cid="1111-111111-111111-11111",sf=h,sid="6e2fb550-c457-11e9-bb97-0800200c9a66",st=v'}
index.js:52632 {CMCD-Request: 'bl=39258.729000000014,dl=39258.729000000014,mtp=13047.94,su', CMCD-Object: 'br=14923,ot=v,tb=14922.982', CMCD-Session: 'cid="1111-111111-111111-11111",sf=h,sid="6e2fb550-c457-11e9-bb97-0800200c9a66",st=v'}
index.js:52632 {CMCD-Request: 'bl=39896.58600000001,dl=39896.58600000001,mtp=106.89,su', CMCD-Object: 'ot=a', CMCD-Session: 'cid="1111-111111-111111-11111",sf=h,sid="6e2fb550-c457-11e9-bb97-0800200c9a66",st=v'}
index.js:52632 {CMCD-Request: 'bl=39654.32800000002,dl=39654.32800000002,mtp=4629.48,su', CMCD-Object: 'br=14923,ot=v,tb=14922.982', CMCD-Session: 'cid="1111-111111-111111-11111",sf=h,sid="6e2fb550-c457-11e9-bb97-0800200c9a66",st=v'}
index.js:52632 {CMCD-Request: 'bl=39988.625000000015,dl=39988.625000000015,mtp=196.12,su', CMCD-Object: 'ot=a', CMCD-Session: 'cid="1111-111111-111111-11111",sf=h,sid="6e2fb550-c457-11e9-bb97-0800200c9a66",st=v'}
index.js:52632 {CMCD-Request: 'bl=39459.06300000002,dl=39459.06300000002,mtp=11061.57,su', CMCD-Object: 'br=14923,ot=v,tb=14922.982', CMCD-Session: 'cid="1111-111111-111111-11111",sf=h,sid="6e2fb550-c457-11e9-bb97-0800200c9a66",st=v'}
index.js:52632 {CMCD-Request: 'bl=39861.53600000006,dl=39861.53600000006,mtp=103.07,su', CMCD-Object: 'ot=a', CMCD-Session: 'cid="1111-111111-111111-11111",sf=h,sid="6e2fb550-c457-11e9-bb97-0800200c9a66",st=v'}
index.js:52632 {CMCD-Request: 'bl=39462.39900000006,dl=39462.39900000006,mtp=5460.95,su', CMCD-Object: 'br=14923,ot=v,tb=14922.982', CMCD-Session: 'cid="1111-111111-111111-11111",sf=h,sid="6e2fb550-c457-11e9-bb97-0800200c9a66",st=v'}
index.js:52632 {CMCD-Request: 'bl=39941.60300000005,dl=39941.60300000005,mtp=134.96,su', CMCD-Object: 'ot=a', CMCD-Session: 'cid="1111-111111-111111-11111",sf=h,sid="6e2fb550-c457-11e9-bb97-0800200c9a66",st=v'}
index.js:52632 {CMCD-Request: 'bl=39744.97400000002,dl=39744.97400000002,mtp=9050.18,su', CMCD-Object: 'br=14923,ot=v,tb=14922.982', CMCD-Session: 'cid="1111-111111-111111-11111",sf=h,sid="6e2fb550-c457-11e9-bb97-0800200c9a66",st=v'}
index.js:52632 {CMCD-Request: 'bl=39962.579000000005,dl=39962.579000000005,mtp=231.41,su', CMCD-Object: 'ot=a', CMCD-Session: 'cid="1111-111111-111111-11111",sf=h,sid="6e2fb550-c457-11e9-bb97-0800200c9a66",st=v'}
index.js:52632 {CMCD-Request: 'bl=39368.113,dl=39368.113,mtp=5507.04,su', CMCD-Object: 'br=14923,ot=v,tb=14922.982', CMCD-Session: 'cid="1111-111111-111111-11111",sf=h,sid="6e2fb550-c457-11e9-bb97-0800200c9a66",st=v'}
index.js:52632 {CMCD-Request: 'bl=39810.283000000025,dl=39810.283000000025,mtp=93.28,su', CMCD-Object: 'ot=a', CMCD-Session: 'cid="1111-111111-111111-11111",sf=h,sid="6e2fb550-c457-11e9-bb97-0800200c9a66",st=v'}
index.js:52632 {CMCD-Request: 'bl=39176.017,dl=39176.017,mtp=4880.85,su', CMCD-Object: 'br=14923,ot=v,tb=14922.982', CMCD-Session: 'cid="1111-111111-111111-11111",sf=h,sid="6e2fb550-c457-11e9-bb97-0800200c9a66",st=v'}
index.js:52632 {CMCD-Request: 'bl=39753.088999999934,dl=39753.088999999934,mtp=88.49,su', CMCD-Object: 'ot=a', CMCD-Session: 'cid="1111-111111-111111-11111",sf=h,sid="6e2fb550-c457-11e9-bb97-0800200c9a66",st=v'}
index.js:52632 {CMCD-Request: 'bl=39180.42400000001,dl=39180.42400000001,mtp=10302.83,su', CMCD-Object: 'br=14923,ot=v,tb=14922.982', CMCD-Session: 'cid="1111-111111-111111-11111",sf=h,sid="6e2fb550-c457-11e9-bb97-0800200c9a66",st=v'}
index.js:52632 {CMCD-Request: 'bl=39972.802,dl=39972.802,mtp=97.94,su', CMCD-Object: 'ot=a', CMCD-Session: 'cid="1111-111111-111111-11111",sf=h,sid="6e2fb550-c457-11e9-bb97-0800200c9a66",st=v'}
index.js:52632 {CMCD-Request: 'bl=39393.186000000016,dl=39393.186000000016,mtp=5102.89,su', CMCD-Object: 'br=14923,ot=v,tb=14922.982', CMCD-Session: 'cid="1111-111111-111111-11111",sf=h,sid="6e2fb550-c457-11e9-bb97-0800200c9a66",st=v'}
index.js:52632 {CMCD-Request: 'bl=39984.989999999925,dl=39984.989999999925,mtp=96.68,su', CMCD-Object: 'ot=a', CMCD-Session: 'cid="1111-111111-111111-11111",sf=h,sid="6e2fb550-c457-11e9-bb97-0800200c9a66",st=v'}
index.js:52632 {CMCD-Request: 'bl=39723.618999999984,dl=39723.618999999984,mtp=8089.46,su', CMCD-Object: 'br=14923,ot=v,tb=14922.982', CMCD-Session: 'cid="1111-111111-111111-11111",sf=h,sid="6e2fb550-c457-11e9-bb97-0800200c9a66",st=v'}
index.js:52632 {CMCD-Request: 'bl=39909.482999999906,dl=39909.482999999906,mtp=184.04,su', CMCD-Object: 'ot=a', CMCD-Session: 'cid="1111-111111-111111-11111",sf=h,sid="6e2fb550-c457-11e9-bb97-0800200c9a66",st=v'}
index.js:52632 {CMCD-Request: 'bl=39735.234999999986,dl=39735.234999999986,mtp=16886.66,su', CMCD-Object: 'br=14923,ot=v,tb=14922.982', CMCD-Session: 'cid="1111-111111-111111-11111",sf=h,sid="6e2fb550-c457-11e9-bb97-0800200c9a66",st=v'}
index.js:52632 {CMCD-Request: 'bl=39828.74100000004,dl=39828.74100000004,mtp=240.27,su', CMCD-Object: 'ot=a', CMCD-Session: 'cid="1111-111111-111111-11111",sf=h,sid="6e2fb550-c457-11e9-bb97-0800200c9a66",st=v'}
index.js:52632 {CMCD-Request: 'bl=39262.52700000009,dl=39262.52700000009,mtp=6829.46,su', CMCD-Object: 'br=14923,ot=v,tb=14922.982', CMCD-Session: 'cid="1111-111111-111111-11111",sf=h,sid="6e2fb550-c457-11e9-bb97-0800200c9a66",st=v'}
index.js:52632 {CMCD-Request: 'bl=39924.29200000004,dl=39924.29200000004,mtp=99.37,su', CMCD-Object: 'ot=a', CMCD-Session: 'cid="1111-111111-111111-11111",sf=h,sid="6e2fb550-c457-11e9-bb97-0800200c9a66",st=v'}
index.js:52632 {CMCD-Request: 'bl=39315.97800000009,dl=39315.97800000009,mtp=6030.35,su', CMCD-Object: 'br=14923,ot=v,tb=14922.982', CMCD-Session: 'cid="1111-111111-111111-11111",sf=h,sid="6e2fb550-c457-11e9-bb97-0800200c9a66",st=v'}
index.js:52632 {CMCD-Request: 'bl=39949.55000000005,dl=39949.55000000005,mtp=92.18,su', CMCD-Object: 'ot=a', CMCD-Session: 'cid="1111-111111-111111-11111",sf=h,sid="6e2fb550-c457-11e9-bb97-0800200c9a66",st=v'}
index.js:52632 {CMCD-Request: 'bl=39424.99100000009,dl=39424.99100000009,mtp=18292.42,su', CMCD-Object: 'br=14923,ot=v,tb=14922.982', CMCD-Session: 'cid="1111-111111-111111-11111",sf=h,sid="6e2fb550-c457-11e9-bb97-0800200c9a66",st=v'}
index.js:52632 {CMCD-Request: 'bl=39927.43300000006,dl=39927.43300000006,mtp=104.19,su', CMCD-Object: 'ot=a', CMCD-Session: 'cid="1111-111111-111111-11111",sf=h,sid="6e2fb550-c457-11e9-bb97-0800200c9a66",st=v'}
index.js:52632 {CMCD-Request: 'bl=39635.305000000015,dl=39635.305000000015,mtp=16020.13,su', CMCD-Object: 'br=14923,ot=v,tb=14922.982', CMCD-Session: 'cid="1111-111111-111111-11111",sf=h,sid="6e2fb550-c457-11e9-bb97-0800200c9a66",st=v'}
index.js:52632 {CMCD-Request: 'bl=39915.075000000004,dl=39915.075000000004,mtp=176.69,su', CMCD-Object: 'ot=a', CMCD-Session: 'cid="1111-111111-111111-11111",sf=h,sid="6e2fb550-c457-11e9-bb97-0800200c9a66",st=v'}
index.js:52632 {CMCD-Request: 'bl=39696.80100000005,dl=39696.80100000005,mtp=8795.22,su', CMCD-Object: 'br=14923,ot=v,tb=14922.982', CMCD-Session: 'cid="1111-111111-111111-11111",sf=h,sid="6e2fb550-c457-11e9-bb97-0800200c9a66",st=v'}
index.js:52632 {CMCD-Request: 'bl=39974.60599999999,dl=39974.60599999999,mtp=215.81,su', CMCD-Object: 'ot=a', CMCD-Session: 'cid="1111-111111-111111-11111",sf=h,sid="6e2fb550-c457-11e9-bb97-0800200c9a66",st=v'}
index.js:52632 {CMCD-Request: 'bl=39787.608000000095,dl=39787.608000000095,mtp=11225.02,su', CMCD-Object: 'br=14923,ot=v,tb=14922.982', CMCD-Session: 'cid="1111-111111-111111-11111",sf=h,sid="6e2fb550-c457-11e9-bb97-0800200c9a66",st=v'}
index.js:52632 {CMCD-Request: 'bl=39796.83899999998,dl=39796.83899999998,mtp=236.42,su', CMCD-Object: 'ot=a', CMCD-Session: 'cid="1111-111111-111111-11111",sf=h,sid="6e2fb550-c457-11e9-bb97-0800200c9a66",st=v'}
index.js:52632 {CMCD-Request: 'bl=39555.598000000035,dl=39555.598000000035,mtp=23427.27,su', CMCD-Object: 'br=14923,ot=v,tb=14922.982', CMCD-Session: 'cid="1111-111111-111111-11111",sf=h,sid="6e2fb550-c457-11e9-bb97-0800200c9a66",st=v'}
index.js:52632 {CMCD-Request: 'bl=39834.50800000003,dl=39834.50800000003,mtp=193.62,su', CMCD-Object: 'ot=a', CMCD-Session: 'cid="1111-111111-111111-11111",sf=h,sid="6e2fb550-c457-11e9-bb97-0800200c9a66",st=v'}
index.js:52632 {CMCD-Request: 'bl=39555.114,dl=39555.114,mtp=22579.15,su', CMCD-Object: 'br=14923,ot=v,tb=14922.982', CMCD-Session: 'cid="1111-111111-111111-11111",sf=h,sid="6e2fb550-c457-11e9-bb97-0800200c9a66",st=v'}
index.js:52632 {CMCD-Request: 'bl=39750.67899999999,dl=39750.67899999999,mtp=181.88,su', CMCD-Object: 'ot=a', CMCD-Session: 'cid="1111-111111-111111-11111",sf=h,sid="6e2fb550-c457-11e9-bb97-0800200c9a66",st=v'}
index.js:52632 {CMCD-Request: 'bl=39259.44500000003,dl=39259.44500000003,mtp=22711.45,su', CMCD-Object: 'br=14923,ot=v,tb=14922.982', CMCD-Session: 'cid="1111-111111-111111-11111",sf=h,sid="6e2fb550-c457-11e9-bb97-0800200c9a66",st=v'}
index.js:52632 {CMCD-Request: 'bl=39892.156,dl=39892.156,mtp=111.48,su', CMCD-Object: 'ot=a', CMCD-Session: 'cid="1111-111111-111111-11111",sf=h,sid="6e2fb550-c457-11e9-bb97-0800200c9a66",st=v'}
index.js:52632 {CMCD-Request: 'bl=39676.424999999996,dl=39676.424999999996,mtp=24840.24,su', CMCD-Object: 'br=14923,ot=v,tb=14922.982', CMCD-Session: 'cid="1111-111111-111111-11111",sf=h,sid="6e2fb550-c457-11e9-bb97-0800200c9a66",st=v'}
index.js:52632 {CMCD-Request: 'bl=39896.09700000005,dl=39896.09700000005,mtp=211.3,su', CMCD-Object: 'ot=a', CMCD-Session: 'cid="1111-111111-111111-11111",sf=h,sid="6e2fb550-c457-11e9-bb97-0800200c9a66",st=v'}
index.js:52632 {CMCD-Request: 'bl=39706.41599999999,dl=39706.41599999999,mtp=24916.06,su', CMCD-Object: 'br=14923,ot=v,tb=14922.982', CMCD-Session: 'cid="1111-111111-111111-11111",sf=h,sid="6e2fb550-c457-11e9-bb97-0800200c9a66",st=v'}
index.js:52632 {CMCD-Request: 'bl=39984.46200000001,dl=39984.46200000001,mtp=229.33,su', CMCD-Object: 'ot=a', CMCD-Session: 'cid="1111-111111-111111-11111",sf=h,sid="6e2fb550-c457-11e9-bb97-0800200c9a66",st=v'}
index.js:52632 {CMCD-Request: 'bl=39815.71200000007,dl=39815.71200000007,mtp=14843.06,su', CMCD-Object: 'br=14923,ot=v,tb=14922.982', CMCD-Session: 'cid="1111-111111-111111-11111",sf=h,sid="6e2fb550-c457-11e9-bb97-0800200c9a66",st=v'}
index.js:52632 {CMCD-Request: 'bl=39956.92799999995,dl=39956.92799999995,mtp=262.7,su', CMCD-Object: 'ot=a', CMCD-Session: 'cid="1111-111111-111111-11111",sf=h,sid="6e2fb550-c457-11e9-bb97-0800200c9a66",st=v'}
index.js:52632 {CMCD-Request: 'bl=39283.284000000094,dl=39283.284000000094,mtp=10463.23,su', CMCD-Object: 'br=14923,ot=v,tb=14922.982', CMCD-Session: 'cid="1111-111111-111111-11111",sf=h,sid="6e2fb550-c457-11e9-bb97-0800200c9a66",st=v'}
index.js:52632 {CMCD-Request: 'bl=25876.613999999903,dl=25876.613999999903,mtp=84.48,su', CMCD-Object: 'ot=a', CMCD-Session: 'cid="1111-111111-111111-11111",sf=h,sid="6e2fb550-c457-11e9-bb97-0800200c9a66",st=v'}
index.js:52632 {CMCD-Request: 'bl=25259.311000000023,dl=25259.311000000023,mtp=11008.75,su', CMCD-Object: 'br=14923,ot=v,tb=14922.982', CMCD-Session: 'cid="1111-111111-111111-11111",sf=h,sid="6e2fb550-c457-11e9-bb97-0800200c9a66",st=v'}
index.js:52632 {CMCD-Request: 'bl=25929.75899999999,dl=25929.75899999999,mtp=90.61,su', CMCD-Object: 'ot=a', CMCD-Session: 'cid="1111-111111-111111-11111",sf=h,sid="6e2fb550-c457-11e9-bb97-0800200c9a66",st=v'}
index.js:52632 {CMCD-Request: 'bl=25369.95300000001,dl=25369.95300000001,mtp=10662.67,su', CMCD-Object: 'br=14923,ot=v,tb=14922.982', CMCD-Session: 'cid="1111-111111-111111-11111",sf=h,sid="6e2fb550-c457-11e9-bb97-0800200c9a66",st=v'}
index.js:52632 {CMCD-Request: 'bl=25937.69199999997,dl=25937.69199999997,mtp=97.95,su', CMCD-Object: 'ot=a', CMCD-Session: 'cid="1111-111111-111111-11111",sf=h,sid="6e2fb550-c457-11e9-bb97-0800200c9a66",st=v'}
index.js:52632 {CMCD-Request: 'bl=25334.648000000016,dl=25334.648000000016,mtp=4674.34,su', CMCD-Object: 'br=14923,ot=v,tb=14922.982', CMCD-Session: 'cid="1111-111111-111111-11111",sf=h,sid="6e2fb550-c457-11e9-bb97-0800200c9a66",st=v'}
index.js:52632 {CMCD-Request: 'bl=25908.77499999999,dl=25908.77499999999,mtp=93.97,su', CMCD-Object: 'ot=a', CMCD-Session: 'cid="1111-111111-111111-11111",sf=h,sid="6e2fb550-c457-11e9-bb97-0800200c9a66",st=v'}
index.js:52632 {CMCD-Request: 'bl=25437.888000000043,dl=25437.888000000043,mtp=5414.15,su', CMCD-Object: 'br=14923,ot=v,tb=14922.982', CMCD-Session: 'cid="1111-111111-111111-11111",sf=h,sid="6e2fb550-c457-11e9-bb97-0800200c9a66",st=v'}
index.js:52632 {CMCD-Request: 'bl=25973.62499999997,dl=25973.62499999997,mtp=113.96,su', CMCD-Object: 'ot=a', CMCD-Session: 'cid="1111-111111-111111-11111",sf=h,sid="6e2fb550-c457-11e9-bb97-0800200c9a66",st=v'}
index.js:52632 {CMCD-Request: 'bl=25785.58600000008,dl=25785.58600000008,mtp=11535.76,su', CMCD-Object: 'br=14923,ot=v,tb=14922.982', CMCD-Session: 'cid="1111-111111-111111-11111",sf=h,sid="6e2fb550-c457-11e9-bb97-0800200c9a66",st=v'}
index.js:52632 {CMCD-Request: 'bl=25796.789999999986,dl=25796.789999999986,mtp=235.29,su', CMCD-Object: 'ot=a', CMCD-Session: 'cid="1111-111111-111111-11111",sf=h,sid="6e2fb550-c457-11e9-bb97-0800200c9a66",st=v'}
index.js:52632 {CMCD-Request: 'bl=25251.43800000001,dl=25251.43800000001,mtp=11760.43,su', CMCD-Object: 'br=14923,ot=v,tb=14922.982', CMCD-Session: 'cid="1111-111111-111111-11111",sf=h,sid="6e2fb550-c457-11e9-bb97-0800200c9a66",st=v'}
index.js:52632 {CMCD-Request: 'bl=25816.302000000065,dl=25816.302000000065,mtp=103.57,su', CMCD-Object: 'ot=a', CMCD-Session: 'cid="1111-111111-111111-11111",sf=h,sid="6e2fb550-c457-11e9-bb97-0800200c9a66",st=v'}
index.js:52632 {CMCD-Request: 'bl=25194.555000000037,dl=25194.555000000037,mtp=11559.69,su', CMCD-Object: 'br=14923,ot=v,tb=14922.982', CMCD-Session: 'cid="1111-111111-111111-11111",sf=h,sid="6e2fb550-c457-11e9-bb97-0800200c9a66",st=v'}
index.js:52632 {CMCD-Request: 'bl=25970.60399999998,dl=25970.60399999998,mtp=90.9,su', CMCD-Object: 'ot=a', CMCD-Session: 'cid="1111-111111-111111-11111",sf=h,sid="6e2fb550-c457-11e9-bb97-0800200c9a66",st=v'}
index.js:52632 {CMCD-Request: 'bl=25711.691000000086,dl=25711.691000000086,mtp=5076.47,su', CMCD-Object: 'br=14923,ot=v,tb=14922.982', CMCD-Session: 'cid="1111-111111-111111-11111",sf=h,sid="6e2fb550-c457-11e9-bb97-0800200c9a66",st=v'}
index.js:52632 {CMCD-Request: 'bl=25997.938999999973,dl=25997.938999999973,mtp=186.4,su', CMCD-Object: 'ot=a', CMCD-Session: 'cid="1111-111111-111111-11111",sf=h,sid="6e2fb550-c457-11e9-bb97-0800200c9a66",st=v'}
index.js:52632 {CMCD-Request: 'bl=25615.24500000007,dl=25615.24500000007,mtp=7235.15,su', CMCD-Object: 'br=14923,ot=v,tb=14922.982', CMCD-Session: 'cid="1111-111111-111111-11111",sf=h,sid="6e2fb550-c457-11e9-bb97-0800200c9a66",st=v'}
index.js:52632 {CMCD-Request: 'bl=25751.419000000056,dl=25751.419000000056,mtp=134.45,su', CMCD-Object: 'ot=a', CMCD-Session: 'cid="1111-111111-111111-11111",sf=h,sid="6e2fb550-c457-11e9-bb97-0800200c9a66",st=v'}
index.js:52632 {CMCD-Request: 'bl=25112.70300000001,dl=25112.70300000001,mtp=6309.73,su', CMCD-Object: 'br=14923,ot=v,tb=14922.982', CMCD-Session: 'cid="1111-111111-111111-11111",sf=h,sid="6e2fb550-c457-11e9-bb97-0800200c9a66",st=v'}
index.js:52632 {CMCD-Request: 'bl=25896.26700000008,dl=25896.26700000008,mtp=89.16,su', CMCD-Object: 'ot=a', CMCD-Session: 'cid="1111-111111-111111-11111",sf=h,sid="6e2fb550-c457-11e9-bb97-0800200c9a66",st=v'}
index.js:52632 {CMCD-Request: 'bl=25630.68600000008,dl=25630.68600000008,mtp=13094.6,su', CMCD-Object: 'br=14923,ot=v,tb=14922.982', CMCD-Session: 'cid="1111-111111-111111-11111",sf=h,sid="6e2fb550-c457-11e9-bb97-0800200c9a66",st=v'}
index.js:52632 {CMCD-Request: 'bl=25909.003999999983,dl=25909.003999999983,mtp=184.37,su', CMCD-Object: 'ot=a', CMCD-Session: 'cid="1111-111111-111111-11111",sf=h,sid="6e2fb550-c457-11e9-bb97-0800200c9a66",st=v'}
index.js:52632 {CMCD-Request: 'bl=25330.811000000038,dl=25330.811000000038,mtp=5445.96,su', CMCD-Object: 'br=14923,ot=v,tb=14922.982', CMCD-Session: 'cid="1111-111111-111111-11111",sf=h,sid="6e2fb550-c457-11e9-bb97-0800200c9a66",st=v'}
index.js:52632 {CMCD-Request: 'bl=25918.567000000054,dl=25918.567000000054,mtp=95.41,su', CMCD-Object: 'ot=a', CMCD-Session: 'cid="1111-111111-111111-11111",sf=h,sid="6e2fb550-c457-11e9-bb97-0800200c9a66",st=v'}
index.js:52632 {CMCD-Request: 'bl=25336.811000000012,dl=25336.811000000012,mtp=6005.92,su', CMCD-Object: 'br=14923,ot=v,tb=14922.982', CMCD-Session: 'cid="1111-111111-111111-11111",sf=h,sid="6e2fb550-c457-11e9-bb97-0800200c9a66",st=v'}
index.js:52632 {CMCD-Request: 'bl=25900.914999999943,dl=25900.914999999943,mtp=94.71,su', CMCD-Object: 'ot=a', CMCD-Session: 'cid="1111-111111-111111-11111",sf=h,sid="6e2fb550-c457-11e9-bb97-0800200c9a66",st=v'}
index.js:52632 {CMCD-Request: 'bl=25339.00200000005,dl=25339.00200000005,mtp=14315.77,su', CMCD-Object: 'br=14923,ot=v,tb=14922.982', CMCD-Session: 'cid="1111-111111-111111-11111",sf=h,sid="6e2fb550-c457-11e9-bb97-0800200c9a66",st=v'}
index.js:52632 {CMCD-Request: 'bl=25755.789999999935,dl=25755.789999999935,mtp=100.44,su', CMCD-Object: 'ot=a', CMCD-Session: 'cid="1111-111111-111111-11111",sf=h,sid="6e2fb550-c457-11e9-bb97-0800200c9a66",st=v'}
index.js:52632 {CMCD-Request: 'bl=25574.115000000005,dl=25574.115000000005,mtp=2912.45,su', CMCD-Object: 'br=14923,ot=v,tb=14922.982', CMCD-Session: 'cid="1111-111111-111111-11111",sf=h,sid="6e2fb550-c457-11e9-bb97-0800200c9a66",st=v'}
index.js:52632 {CMCD-Request: 'bl=25873.686999999903,dl=25873.686999999903,mtp=242.51,su', CMCD-Object: 'ot=a', CMCD-Session: 'cid="1111-111111-111111-11111",sf=h,sid="6e2fb550-c457-11e9-bb97-0800200c9a66",st=v'}
index.js:52632 {CMCD-Request: 'bl=25377.68200000005,dl=25377.68200000005,mtp=5382.37,su', CMCD-Object: 'br=14923,ot=v,tb=14922.982', CMCD-Session: 'cid="1111-111111-111111-11111",sf=h,sid="6e2fb550-c457-11e9-bb97-0800200c9a66",st=v'}
index.js:52632 {CMCD-Request: 'bl=25871.010999999955,dl=25871.010999999955,mtp=109.72,su', CMCD-Object: 'ot=a', CMCD-Session: 'cid="1111-111111-111111-11111",sf=h,sid="6e2fb550-c457-11e9-bb97-0800200c9a66",st=v'}
index.js:52632 {CMCD-Request: 'bl=25563.912000000073,dl=25563.912000000073,mtp=12815.87,su', CMCD-Object: 'br=14923,ot=v,tb=14922.982', CMCD-Session: 'cid="1111-111111-111111-11111",sf=h,sid="6e2fb550-c457-11e9-bb97-0800200c9a66",st=v'}
index.js:52632 {CMCD-Request: 'bl=25874.694999999974,dl=25874.694999999974,mtp=159.43,su', CMCD-Object: 'ot=a', CMCD-Session: 'cid="1111-111111-111111-11111",sf=h,sid="6e2fb550-c457-11e9-bb97-0800200c9a66",st=v'}
index.js:52632 {CMCD-Request: 'bl=25336.57800000003,dl=25336.57800000003,mtp=12734.74,su', CMCD-Object: 'br=14923,ot=v,tb=14922.982', CMCD-Session: 'cid="1111-111111-111111-11111",sf=h,sid="6e2fb550-c457-11e9-bb97-0800200c9a66",st=v'}
index.js:52632 {CMCD-Request: 'bl=25749.865999999998,dl=25749.865999999998,mtp=103.71,su', CMCD-Object: 'ot=a', CMCD-Session: 'cid="1111-111111-111111-11111",sf=h,sid="6e2fb550-c457-11e9-bb97-0800200c9a66",st=v'}
index.js:52632 {CMCD-Request: 'bl=25252.636000000053,dl=25252.636000000053,mtp=4245.94,su', CMCD-Object: 'br=14923,ot=v,tb=14922.982', CMCD-Session: 'cid="1111-111111-111111-11111",sf=h,sid="6e2fb550-c457-11e9-bb97-0800200c9a66",st=v'}
index.js:52632 {CMCD-Request: 'bl=25886.829999999918,dl=25886.829999999918,mtp=109.35,su', CMCD-Object: 'ot=a', CMCD-Session: 'cid="1111-111111-111111-11111",sf=h,sid="6e2fb550-c457-11e9-bb97-0800200c9a66",st=v'}
index.js:52632 {CMCD-Request: 'bl=25406.17000000009,dl=25406.17000000009,mtp=9548.62,su', CMCD-Object: 'br=14923,ot=v,tb=14922.982', CMCD-Session: 'cid="1111-111111-111111-11111",sf=h,sid="6e2fb550-c457-11e9-bb97-0800200c9a66",st=v'}
index.js:52632 {CMCD-Request: 'bl=25975.326999999994,dl=25975.326999999994,mtp=111.88,su', CMCD-Object: 'ot=a', CMCD-Session: 'cid="1111-111111-111111-11111",sf=h,sid="6e2fb550-c457-11e9-bb97-0800200c9a66",st=v'}
index.js:52632 {CMCD-Request: 'bl=25387.204999999994,dl=25387.204999999994,mtp=3743.57,su', CMCD-Object: 'br=14923,ot=v,tb=14922.982', CMCD-Session: 'cid="1111-111111-111111-11111",sf=h,sid="6e2fb550-c457-11e9-bb97-0800200c9a66",st=v'}
index.js:52632 {CMCD-Request: 'bl=25937.567000000057,dl=25937.567000000057,mtp=96.35,su', CMCD-Object: 'ot=a', CMCD-Session: 'cid="1111-111111-111111-11111",sf=h,sid="6e2fb550-c457-11e9-bb97-0800200c9a66",st=v'}
index.js:52632 {CMCD-Request: 'bl=25390.799000000014,dl=25390.799000000014,mtp=4130.93,su', CMCD-Object: 'br=14923,ot=v,tb=14922.982', CMCD-Session: 'cid="1111-111111-111111-11111",sf=h,sid="6e2fb550-c457-11e9-bb97-0800200c9a66",st=v'}
index.js:52632 {CMCD-Request: 'bl=25859.115999999973,dl=25859.115999999973,mtp=101.94,su', CMCD-Object: 'ot=a', CMCD-Session: 'cid="1111-111111-111111-11111",sf=h,sid="6e2fb550-c457-11e9-bb97-0800200c9a66",st=v'}
index.js:52632 {CMCD-Request: 'bl=25556.475000000093,dl=25556.475000000093,mtp=7552.28,su', CMCD-Object: 'br=14923,ot=v,tb=14922.982', CMCD-Session: 'cid="1111-111111-111111-11111",sf=h,sid="6e2fb550-c457-11e9-bb97-0800200c9a66",st=v'}
index.js:52632 {CMCD-Request: 'bl=25892.112999999994,dl=25892.112999999994,mtp=165.88,su', CMCD-Object: 'ot=a', CMCD-Session: 'cid="1111-111111-111111-11111",sf=h,sid="6e2fb550-c457-11e9-bb97-0800200c9a66",st=v'}
index.js:52632 {CMCD-Request: 'bl=25301.663000000077,dl=25301.663000000077,mtp=6777.95,su', CMCD-Object: 'br=14923,ot=v,tb=14922.982', CMCD-Session: 'cid="1111-111111-111111-11111",sf=h,sid="6e2fb550-c457-11e9-bb97-0800200c9a66",st=v'}
index.js:52632 {CMCD-Request: 'bl=25851.77500000009,dl=25851.77500000009,mtp=94.58,su', CMCD-Object: 'ot=a', CMCD-Session: 'cid="1111-111111-111111-11111",sf=h,sid="6e2fb550-c457-11e9-bb97-0800200c9a66",st=v'}
index.js:52632 {CMCD-Request: 'bl=25648.43200000007,dl=25648.43200000007,mtp=5887.25,su', CMCD-Object: 'br=14923,ot=v,tb=14922.982', CMCD-Session: 'cid="1111-111111-111111-11111",sf=h,sid="6e2fb550-c457-11e9-bb97-0800200c9a66",st=v'}
index.js:52632 {CMCD-Request: 'bl=25943.531000000006,dl=25943.531000000006,mtp=232.01,su', CMCD-Object: 'ot=a', CMCD-Session: 'cid="1111-111111-111111-11111",sf=h,sid="6e2fb550-c457-11e9-bb97-0800200c9a66",st=v'}
index.js:52632 {CMCD-Request: 'bl=25750.10000000009,dl=25750.10000000009,mtp=14075.11,su', CMCD-Object: 'br=14923,ot=v,tb=14922.982', CMCD-Session: 'cid="1111-111111-111111-11111",sf=h,sid="6e2fb550-c457-11e9-bb97-0800200c9a66",st=v'}
index.js:52632 {CMCD-Request: 'bl=25681.14700000001,dl=25681.14700000001,mtp=11904.25,su', CMCD-Object: 'br=14923,ot=v,tb=14922.982', CMCD-Session: 'cid="1111-111111-111111-11111",sf=h,sid="6e2fb550-c457-11e9-bb97-0800200c9a66",st=v'}
index.js:52632 {CMCD-Request: 'bl=25681.14700000001,dl=25681.14700000001,mtp=11904.25,su', CMCD-Object: 'br=14923,ot=v,tb=14922.982', CMCD-Session: 'cid="1111-111111-111111-11111",sf=h,sid="6e2fb550-c457-11e9-bb97-0800200c9a66",st=v'}
